0.608257	0.519774	1.439648	1.155843	4.000000	1.959094	7.170109	3.257664	3.886543	4.724492	5.397674	5.646630	8.347390	8.821660	7.738643	9.706521	9.505663	11.189101	11.946394	11.016755	11.657927	13.301427	14.003113	14.658453	15.487767	15.491575	17.975960	
0.376466	0.349236	2.422171	0.827995	3.170981	2.102596	6.809063	3.236638	3.885162	4.724034	5.398225	5.647878	8.354814	8.812260	7.740281	9.734356	9.449599	11.188090	11.922538	11.012043	11.659916	13.301638	14.014972	14.679508	15.434587	15.491517	17.969837	
0.723452	0.984557	0.148558	2.000000	3.943336	1.466841	6.827473	3.272333	3.886854	4.724198	5.398095	5.657425	8.346310	8.810170	7.740811	9.706015	9.447063	11.176075	11.892942	11.000927	11.625457	13.301668	14.001756	14.682831	15.431012	15.522013	17.997195	
0.328430	1.892977	0.244957	1.963348	3.991697	1.798779	3.259397	3.273586	3.886764	4.722510	5.394740	5.658801	8.344188	8.808029	7.738618	9.701121	9.452438	11.196382	11.925499	11.014451	11.659576	13.303544	14.014928	14.660495	15.482279	15.491317	17.991661	
0.127321	0.284282	3.662505	0.801003	1.568569	5.300512	0.335791	3.237007	3.886533	4.722249	5.397188	5.653757	8.344261	8.797029	7.770689	9.724935	9.450998	11.199077	11.920297	10.998339	11.662668	13.301887	14.015349	14.644172	15.479508	15.501243	17.993237	
0.231758	1.323014	1.451781	1.211169	3.886569	1.761571	3.242703	3.307628	3.886800	4.725542	5.398242	5.649754	8.367104	8.875599	7.738840	9.754619	9.414920	11.199949	11.946535	10.999782	11.659453	13.304429	14.005567	14.652275	15.444391	15.490999	18.001221	
0.228904	2.253377	0.263654	1.977933	3.958411	2.158836	1.709548	3.936634	3.886491	4.724075	5.390467	5.654136	8.344895	8.817815	7.736912	9.707894	9.452656	11.190567	11.947583	11.010776	11.625554	13.301354	14.017608	14.686442	15.445277	15.508453	17.972323	
0.617865	1.202870	0.039019	2.000000	3.993209	6.000000	0.000000	3.238826	3.886765	4.723642	5.396428	5.652807	8.366427	8.824969	7.738563	9.735309	9.509787	11.201486	11.933794	11.010166	11.657855	13.301418	14.004864	14.650715	15.439538	15.469219	18.010277	
0.802857	0.816339	0.704297	1.929384	3.982623	4.962099	2.793816	3.238329	3.878406	4.724147	5.398418	5.648042	8.358118	8.812813	7.742511	9.771023	9.489343	11.177022	11.923481	11.008880	11.626400	13.321222	14.010117	14.655257	15.435120	15.487649	17.976064	
0.254517	0.501707	2.806025	0.749773	3.157878	2.403486	4.679466	3.239343	3.884970	4.725454	5.398844	5.645680	8.347389	8.817877	7.740044	9.753211	9.481799	11.187957	11.941007	11.014599	11.654496	13.305031	14.005384	14.683556	15.432319	15.491257	17.975260	
0.278191	1.173770	1.471846	1.179984	3.943688	1.511196	4.238079	3.236638	3.885162	4.722487	5.397008	5.652153	8.344984	8.818522	7.738383	9.713211	9.517417	11.188682	11.919561	11.010997	11.661320	13.318351	14.018609	14.682493	15.433788	15.472098	17.998318	
1.021730	0.548787	0.308440	1.954379	3.996037	2.327651	7.611926	3.241098	3.886894	4.724149	5.393303	5.646366	8.346446	8.822487	7.740320	9.705831	9.478514	11.188092	11.930778	11.012372	11.658034	13.304880	14.006912	14.687341	15.477666	15.501612	17.973979	
0.390838	0.857521	1.949676	1.171560	3.873415	4.493440	1.710980	3.969106	3.885263	4.716742	5.388509	5.648920	8.377486	8.832457	7.741338	9.708436	9.503005	11.180804	11.886244	11.012805	11.659909	13.321192	14.006518	14.686378	15.447889	15.491110	17.973097	
1.007148	0.540526	0.811328	1.913668	4.000000	5.134104	3.872845	3.238788	3.888923	4.725055	5.395199	5.658801	8.343142	8.850339	7.741009	9.706793	9.455552	11.189856	11.907097	11.000057	11.662863	13.319551	14.005565	14.651916	15.479112	15.495481	17.971507	
2.023100	0.032797	0.032751	2.000000	4.000000	5.963137	8.000000	3.262431	3.889125	4.725080	5.390042	5.669802	8.343236	8.851020	7.740860	9.708229	9.451066	11.189053	11.906163	11.029997	11.659738	13.319594	14.003846	14.676438	15.470339	15.493922	17.970273	
0.998567	0.609056	0.032762	2.000000	4.000000	2.170658	7.570188	3.240051	3.889619	4.723188	5.397325	5.655200	8.363455	8.821273	7.738372	9.734698	9.478812	11.178213	11.923074	11.011021	11.623731	13.316548	14.019297	14.673960	15.432886	15.519464	17.989690	
0.188117	0.658428	2.779382	0.768343	3.126926	2.248636	3.548197	3.235981	3.884511	4.723766	5.396862	5.649349	8.343557	8.820218	7.740811	9.710361	9.480876	11.201486	11.938651	11.012481	11.659071	13.304156	14.001428	14.687335	15.446001	15.506215	17.971942	
0.789069	0.336721	1.224550	1.209950	4.000000	5.813180	3.435214	3.239034	3.886861	4.723369	5.398312	5.648788	8.345457	8.821207	7.738415	9.710404	9.450555	11.188503	11.919636	11.011278	11.657570	13.302461	14.018648	14.672363	15.477477	15.492424	17.975112	
0.936108	0.659813	0.225460	1.961471	4.000000	5.134104	3.327891	3.237155	3.886852	4.723262	5.398885	5.658801	8.354128	8.808029	7.734445	9.712594	9.455552	11.181042	11.941198	11.000057	11.629596	13.302875	14.019118	14.651916	15.479112	15.491311	17.971584	
0.034754	3.852308	0.041940	1.995311	4.000000	0.331504	0.000000	3.240839	3.885435	4.722926	5.396231	5.654991	8.355972	8.812109	7.740220	9.724742	9.479634	11.188746	11.895759	11.009175	11.624045	13.300385	14.005450	14.662043	15.434352	15.513629	17.998085	
0.108460	1.853317	1.346584	1.171743	3.995286	2.317979	0.335791	3.236710	3.887679	4.724592	5.397091	5.652428	8.346315	8.810225	7.739286	9.702416	9.456148	11.197580	11.933174	11.009512	11.659735	13.326078	14.006299	14.682533	15.436639	15.470450	18.004995	
0.381006	0.272564	3.161813	0.769176	3.048283	1.871926	7.692563	3.236533	3.889640	4.722602	5.388553	5.653839	8.355340	8.818681	7.738204	9.713021	9.454908	11.200741	11.924583	11.011692	11.658334	13.318621	14.018536	14.675814	15.432435	15.496149	17.993529	
0.335455	0.052058	3.617163	0.816228	1.605877	5.150585	6.830524	3.236820	3.885162	4.724327	5.398601	5.646378	8.346354	8.830653	7.741618	9.695603	9.454611	11.176945	11.892682	11.002121	11.657871	13.319743	14.006314	14.673053	15.433100	15.514713	17.976858	
0.140624	1.652729	1.594433	1.138477	4.000000	1.631551	1.947229	3.238188	3.885196	4.722993	5.399161	5.660928	8.362460	8.822352	7.742148	9.707400	9.479819	11.178679	11.941976	11.009883	11.625034	13.298843	14.008755	14.687682	15.436924	15.514625	17.996080	
0.174107	2.555421	0.033732	1.999421	4.000000	2.255939	0.843966	3.237168	3.889720	4.725223	5.396794	5.653657	8.367575	8.820743	7.736927	9.732171	9.516326	11.200889	11.942807	11.000124	11.660015	13.304387	14.018741	14.686394	15.446234	15.494046	17.972015	
0.496075	0.168710	2.762621	0.751881	3.163970	5.271221	4.692301	3.238905	3.884488	4.725460	5.396794	5.646861	8.347186	8.848606	7.738756	9.710326	9.449389	11.189053	11.941202	11.007001	11.626956	13.301840	14.007856	14.775293	15.477471	15.490950	17.972200	
0.445605	1.549210	0.300954	1.953171	4.000000	2.101339	3.928439	3.240051	3.886821	4.723542	5.394740	5.651417	8.357174	8.799431	7.740732	9.723479	9.452077	11.177940	11.923055	11.002033	11.661638	13.299705	14.005565	14.778269	15.481853	15.491379	17.999667	
0.285174	1.211986	1.224542	1.209950	4.000000	1.649721	4.045353	3.237163	3.886866	4.723087	5.398864	5.657696	8.344188	8.824662	7.740088	9.705298	9.453296	11.189138	11.921668	11.015044	11.658108	13.319439	14.005905	14.687975	15.432207	15.491402	17.992411	
0.369957	1.809538	0.032626	2.000000	4.000000	2.465950	2.714538	3.241011	3.885781	4.722819	5.398349	5.648008	8.366083	8.826485	7.733893	9.743287	9.436661	11.180229	11.924207	11.008980	11.625635	13.302367	14.007783	14.672714	15.446212	15.488751	17.977113	
0.272974	2.100365	0.133747	1.973950	4.000000	2.350125	1.939368	3.237801	3.886813	4.723645	5.399053	5.657735	8.362994	8.809435	7.736665	9.698322	9.457456	11.175208	11.924986	11.001058	11.623420	13.303143	14.011951	14.684243	15.432259	15.520748	18.000437	
0.624110	1.132000	0.552758	1.953171	3.956612	1.473371	6.189197	3.269354	3.890123	4.726573	5.394740	5.658801	8.366544	8.808029	7.737077	9.735191	9.478468	11.196382	11.931857	11.028437	11.629596	13.305397	14.005565	14.677975	15.477205	15.493863	17.974329	
1.569961	0.134636	0.094453	1.980933	4.000000	5.327394	6.580602	3.236860	3.887587	4.722717	5.397709	5.657700	8.345076	8.822186	7.741580	9.705856	9.449925	11.197899	11.896238	11.004817	11.659283	13.313410	14.018064	14.654711	15.430695	15.491056	18.000252	
0.269897	2.060754	0.592953	1.930511	3.995947	1.689132	2.829080	3.247348	3.886811	4.719467	5.398696	5.653306	8.345354	8.817822	7.741082	9.780896	9.460188	11.180249	11.888406	11.004374	11.625659	13.320505	14.010204	14.666678	15.473938	15.520066	17.976130	
0.720660	0.962328	0.454272	1.939217	4.000000	1.511196	6.809063	3.236562	3.885274	4.723486	5.392716	5.657805	8.344462	8.795630	7.741568	9.729752	9.478273	11.188066	11.894996	11.002820	11.626485	13.326121	14.022034	14.682493	15.434587	15.472098	18.005024	
0.172335	0.772596	2.422169	0.827995	3.169096	2.113668	3.178193	3.239314	3.886809	4.724063	5.398358	5.653004	8.355280	8.818486	7.740198	9.706190	9.482031	11.188722	11.925123	11.005406	11.661775	13.302121	14.007754	14.687324	15.434759	15.490339	17.990086	
0.555326	0.609548	1.332901	1.211169	3.921220	5.342002	2.120757	3.235434	3.886734	4.723282	5.388025	5.648171	8.344324	8.813606	7.738725	9.703832	9.450836	11.180511	11.927090	11.028809	11.661143	13.303398	14.019261	14.670671	15.483910	15.492585	17.971919	
0.798908	0.850820	0.260162	1.957528	4.000000	3.855853	4.170216	3.241015	3.886935	4.723484	5.395494	5.647837	8.366738	8.826906	7.739098	9.734154	9.416068	11.180771	11.876105	11.018157	11.627954	13.304659	14.007842	14.658634	15.444222	15.493305	17.974495	
0.199475	1.461986	1.273601	1.186473	3.995947	1.689132	2.829080	3.247348	3.886811	4.719467	5.398696	5.650602	8.345354	8.817822	7.736911	9.709788	9.460188	11.180249	11.888406	11.004374	11.659544	13.324681	14.001578	14.663489	15.479945	15.520066	17.974671	
0.158592	2.566525	0.380190	1.973950	3.943336	1.299489	1.939368	3.272246	3.886813	4.723645	5.399053	5.657383	8.362994	8.809435	7.736665	9.698322	9.447258	11.175208	11.924986	11.001307	11.625475	13.302421	14.001659	14.684243	15.432259	15.521895	17.997348	
0.510436	0.632488	1.957613	1.170949	3.873415	1.694373	6.718121	3.238853	3.889065	4.722770	5.396957	5.649861	8.371378	8.814096	7.736814	9.709728	9.453331	11.200587	11.932021	11.012421	11.661180	13.324815	14.001528	14.663471	15.479828	15.521895	17.974372	
0.251648	0.570621	2.422149	0.827995	3.169113	2.510789	4.221622	3.236638	3.885162	4.722718	5.398292	5.651911	8.347352	8.812260	7.740676	9.734356	9.449599	11.180241	11.925050	11.012043	11.659547	13.305236	14.015206	14.692340	15.434587	15.490428	17.969837	
0.103250	1.933669	1.224608	1.209950	4.000000	2.432566	0.028445	3.237163	3.886847	4.723369	5.398863	5.646162	8.343161	8.822736	7.738404	9.705298	9.453296	11.189207	11.922798	11.029978	11.658108	13.302461	14.018648	14.672363	15.432291	15.491257	17.975260	
0.665524	0.479428	1.224518	1.209950	4.000000	2.438824	6.888109	3.237163	3.886847	4.723087	5.398864	5.646024	8.347389	8.824662	7.740088	9.705298	9.453296	11.189138	11.946164	11.014599	11.658108	13.319439	14.005905	14.687085	15.432207	15.491257	17.975260	
0.693771	0.067828	2.422083	0.827995	3.171037	5.309777	6.809063	3.236638	3.887199	4.725278	5.397678	5.647878	8.347352	8.822013	7.740676	9.734356	9.449599	11.176545	11.925050	11.013672	11.660059	13.318539	14.006417	14.686045	15.432713	15.490428	17.969837	
0.342983	0.968661	1.895273	1.138477	3.947837	2.345958	4.008267	3.246891	3.886809	4.719533	5.398777	5.652884	8.355274	8.818063	7.738792	9.753107	9.477064	11.187780	11.942545	10.998436	11.658029	13.299648	14.012497	14.665946	15.474127	15.492284	17.970721	
0.041529	0.643891	3.617154	0.816939	1.604502	1.583748	0.121537	3.239259	3.886764	4.723635	5.398863	5.646451	8.343006	8.812521	7.742643	9.705966	9.458717	11.190648	11.921042	11.020937	11.659724	13.302344	14.008525	14.683339	15.485896	15.507115	17.972118	
0.558687	1.264631	0.529135	1.957778	3.950887	1.290626	5.946796	3.237214	3.884572	4.718099	5.398030	5.649182	8.346678	8.795475	7.772257	9.719823	9.461400	11.180039	11.875368	11.002965	11.661303	13.301855	14.018052	14.784178	15.477287	15.503023	17.994333	
1.175668	0.380461	0.568969	1.995311	3.869949	5.365684	4.511087	3.275067	3.885435	4.722926	5.397508	5.654991	8.366228	8.812453	7.741557	9.735875	9.475932	11.194271	11.942023	11.012088	11.624045	13.296970	14.014657	14.810778	15.434352	15.525902	17.998085	
0.259918	1.286360	1.224555	1.209950	4.000000	2.398291	2.717678	3.237032	3.886861	4.724851	5.398369	5.655507	8.346008	8.812396	7.739994	9.713719	9.451589	11.181229	11.927456	11.011615	11.661404	13.314327	14.018648	14.671617	15.432511	15.493030	17.972081	
1.337174	0.253973	0.432662	1.940983	4.000000	6.000000	4.552160	3.239017	3.886844	4.722361	5.398929	5.640136	8.354425	8.811639	7.740483	9.705419	9.452945	11.189167	11.922648	11.030075	11.659741	13.305044	14.018894	14.657690	15.469362	15.492382	17.971584	
0.537296	1.315289	0.496475	2.000000	3.871629	1.935074	4.914126	3.239830	3.885897	4.722991	5.398561	5.662005	8.363428	8.812193	7.740334	9.732807	9.512512	11.181331	11.941816	11.012650	11.627954	13.316333	14.018403	14.673136	15.477118	15.522631	17.970231	
0.998809	0.557849	0.682619	1.942986	3.958411	5.545905	3.246911	3.257717	3.885871	4.725398	5.390467	5.654656	8.366150	8.813493	7.740522	9.759705	9.383969	11.190567	11.942159	11.006217	11.623615	13.320976	14.020738	14.655853	15.477313	15.494908	17.999452	
0.091193	1.081682	2.422194	0.827995	3.169113	2.604891	0.383430	3.236638	3.885162	4.725247	5.398280	5.651911	8.347352	8.812260	7.740593	9.734356	9.448255	11.180828	11.925050	11.012043	11.661794	13.305236	14.015206	14.671936	15.434587	15.490428	17.969837	
0.046017	0.580781	3.659527	0.801758	1.569082	1.807775	0.371357	3.241165	3.886771	4.724851	5.398369	5.655628	8.346251	8.823505	7.740072	9.704483	9.481651	11.189118	11.920342	11.011615	11.659730	13.314327	14.018059	14.686035	15.435063	15.492585	17.976130	
0.126419	2.765006	0.257235	1.976660	3.962301	2.370638	0.000000	3.236810	3.885083	4.725211	5.398011	5.657418	8.347260	8.810534	7.738568	9.734036	9.449815	11.181428	11.947454	11.010123	11.661221	13.304359	14.008385	14.671919	15.478957	15.496716	17.990449	
0.259916	1.286358	1.224553	1.209950	4.000000	2.398291	2.717678	3.237032	3.886861	4.724851	5.398369	5.655507	8.344105	8.822019	7.741164	9.713719	9.437302	11.180426	11.927456	11.011615	11.661404	13.314327	14.018648	14.671617	15.432511	15.492585	17.975112	
1.337544	0.269516	0.141038	1.978352	3.989006	5.823614	4.694711	3.275242	3.886499	4.724420	5.397588	5.651975	8.347111	8.807176	7.740942	9.705079	9.448115	11.190602	11.923373	11.009347	11.626378	13.297023	14.014842	14.812404	15.468570	15.505444	17.970958	
0.309475	0.402667	2.789967	0.772845	3.115627	1.523693	6.814370	3.236744	3.889083	4.718885	5.395914	5.644265	8.345887	8.884498	7.734640	9.706537	9.501324	11.200341	11.944667	11.012845	11.629834	13.297567	13.997275	14.666760	15.475958	15.514294	17.974045	
0.169302	0.219054	3.617068	0.816939	1.604502	1.583748	6.695009	3.236730	3.885120	4.723635	5.398863	5.658008	8.348134	8.813625	7.741399	9.704619	9.458717	11.190648	11.943725	11.020937	11.661279	13.300873	14.008525	14.683339	15.434471	15.507115	17.972118	
1.143436	0.088985	1.224841	1.211169	4.000000	5.336849	6.824585	3.233220	3.886780	4.725223	5.396794	5.652438	8.345889	8.825833	7.740302	9.709008	9.480768	11.188724	11.923191	11.012285	11.659890	13.301667	14.007901	14.686394	15.436524	15.508681	17.988787	
1.177976	0.359682	1.084014	1.960816	3.873370	5.287276	4.718756	3.244889	3.884761	4.722717	5.399254	5.647060	8.372838	8.819168	7.772048	9.750427	9.486462	11.189340	11.937035	11.010180	11.627667	13.301389	14.007783	14.668735	15.478293	15.492976	18.003819	
0.072399	1.185292	2.422069	0.827995	3.169113	2.386468	0.000000	3.236638	3.886907	4.725278	5.398292	5.648585	8.341968	8.812260	7.740676	9.706297	9.449599	11.180304	11.925050	11.012043	11.659626	13.302191	14.008471	14.673436	15.487912	15.491414	17.971998	
0.590963	0.511614	1.931685	1.109610	4.000000	1.546906	7.692563	3.237422	3.887395	4.719221	5.396805	5.652456	8.367097	8.817354	7.740505	9.723493	9.479914	11.189213	11.945085	11.000256	11.656370	13.326695	14.004856	14.672237	15.436654	15.491690	17.977957	
0.317549	1.901630	0.556162	1.955958	3.950603	1.114048	4.085487	3.201289	3.884734	4.719046	5.397868	5.652947	8.357255	8.822195	7.740786	9.751509	9.462796	11.177848	11.894379	11.004384	11.661633	13.302004	14.005645	14.778486	15.481822	15.493074	17.999105	
0.365811	1.756444	0.450834	1.959265	3.960474	1.345481	4.243193	3.236561	3.885615	4.725978	5.395519	5.647712	8.346752	8.796016	7.733978	9.735272	9.460046	11.179799	11.896640	11.002895	11.627057	13.321271	14.008129	14.672113	15.446059	15.471945	18.005121	
0.460730	0.741745	1.631769	1.137426	3.994805	2.623943	4.898583	3.237361	3.885043	4.718131	5.390434	5.654566	8.347626	8.794757	7.772114	9.728547	9.437945	11.179326	11.921578	11.016140	11.632600	13.301026	14.021798	14.813335	15.479453	15.526128	17.993606	
0.868818	0.721420	0.693177	1.942986	3.956917	2.369192	6.677571	3.239286	3.885512	4.722230	5.390467	5.658367	8.366150	8.813493	7.740353	9.711458	9.510224	11.188812	11.890429	11.006217	11.623615	13.303152	14.018912	14.668574	15.475214	15.514656	17.999452	
0.051171	0.125071	4.803104	0.830680	0.013006	1.959094	3.527596	3.238930	3.886641	4.724492	5.397147	5.649022	8.347390	8.825636	7.738643	9.719093	9.505663	11.189495	11.927167	10.999915	11.661401	13.304215	14.003113	14.687387	15.432077	15.493598	17.975244	
0.664595	0.480693	1.224544	1.209950	4.000000	2.432566	6.888109	3.237163	3.886847	4.723369	5.398863	5.646482	8.347389	8.821076	7.738404	9.705298	9.453296	11.176671	11.946164	11.014599	11.658108	13.319439	14.005905	14.687085	15.432319	15.491257	17.975260	
0.526329	0.685073	1.224520	1.209302	4.000000	1.530394	6.830524	3.237008	3.886943	4.724327	5.398926	5.646378	8.346354	8.823121	7.738412	9.706129	9.448620	11.176945	11.922860	11.029972	11.657871	13.319743	14.018489	14.681757	15.433100	15.514713	17.975193	
0.414397	0.296580	2.422095	0.827995	3.169113	2.129856	7.340257	3.239314	3.886809	4.724063	5.398358	5.646102	8.346379	8.822905	7.740198	9.706190	9.482031	11.188722	11.921925	11.016599	11.657753	13.301522	14.007754	14.687324	15.434587	15.509355	17.990086	
0.778422	0.859059	0.609756	1.961369	3.931810	1.778984	6.863067	3.244873	3.885420	4.722752	5.390511	5.658832	8.365109	8.813622	7.740447	9.711422	9.510053	11.190166	11.921563	11.012674	11.627473	13.321121	14.005738	14.668589	15.475092	15.514702	17.998710	
0.371524	0.990962	1.224501	1.209950	4.000000	2.432566	4.030237	3.240945	3.887649	4.723369	5.393239	5.646363	8.345253	8.821076	7.738404	9.705298	9.448952	11.199069	11.946164	11.014599	11.658042	13.313677	14.017340	14.687085	15.433547	15.492566	17.975260	
0.241026	0.594001	2.422091	0.827995	3.169113	2.386468	4.194317	3.236638	3.886907	4.725278	5.398292	5.648585	8.342469	8.826511	7.740542	9.706297	9.449599	11.180304	11.943334	11.012043	11.656018	13.302191	14.008407	14.673436	15.436896	15.514398	17.971998	
0.108367	1.903403	1.224595	1.209950	4.000000	2.398291	0.191242	3.236726	3.886861	4.723369	5.398312	5.648788	8.345457	8.822736	7.738415	9.733255	9.437302	11.179804	11.919636	11.011278	11.661404	13.302461	14.018648	14.672363	15.432291	15.492424	17.975112	
0.828108	0.249348	1.846288	1.155420	3.921558	5.325251	4.740778	3.240050	3.885041	4.725273	5.398756	5.652167	8.344263	8.810756	7.739217	9.752167	9.483244	11.187888	11.935713	11.014598	11.659992	13.306273	14.005235	14.682045	15.437141	15.489965	17.976169	
0.705022	0.370532	1.845867	1.155420	3.921558	5.325251	3.683625	3.240050	3.887747	4.724723	5.397192	5.652167	8.344263	8.810756	7.739217	9.703909	9.452921	11.190567	11.935713	11.009042	11.659992	13.304463	14.006305	14.682045	15.437141	15.495975	17.976169	
0.226255	2.222478	0.681980	1.942986	3.958411	2.158836	1.709548	3.936634	3.889218	4.723209	5.390467	5.654963	8.343287	8.822628	7.740902	9.735092	9.452656	11.190567	11.922921	11.011238	11.625554	13.319543	14.017608	14.676494	15.470265	15.518895	17.976051	
0.446324	1.523160	0.609767	1.961369	3.931810	1.778984	4.394933	3.244873	3.877268	4.722752	5.396760	5.658832	8.365109	8.823066	7.738775	9.733857	9.486354	11.190166	11.921563	11.012674	11.627473	13.321121	14.005738	14.667782	15.434978	15.492547	17.971628	
0.684241	1.011488	0.693246	1.942986	3.956917	1.443311	6.677571	3.246350	3.884806	4.722870	5.396914	5.654899	8.348918	8.812594	7.742158	9.707391	9.383969	11.199300	11.890429	11.013748	11.654403	13.302134	14.018912	14.655853	15.475634	15.514416	17.999452	
0.427594	0.275978	2.426120	0.820911	3.168221	4.781495	4.026892	3.244521	3.885161	4.724775	5.398062	5.652743	8.344176	8.822526	7.741028	9.702103	9.459226	11.200118	11.925301	10.999540	11.657955	13.319070	14.014367	14.682981	15.438260	15.492519	17.991848	
1.081018	0.094849	1.615584	1.137426	3.997934	5.327394	6.694440	3.235650	3.886756	4.723985	5.396753	5.657700	8.345076	8.812296	7.741480	9.722009	9.483067	11.196778	11.931994	11.004817	11.661922	13.305935	14.006670	14.691472	15.496411	15.470994	18.000252	
0.035926	2.614788	1.224874	1.210011	3.999788	0.505982	0.045903	3.244896	3.885082	4.723436	5.398722	5.656628	8.365130	8.811459	7.736807	9.696010	9.454664	11.180812	11.926251	11.001543	11.661221	13.300414	14.015107	14.673065	15.480008	15.491384	17.989750	
0.693262	0.067779	2.422103	0.827995	3.169113	5.309777	6.809063	3.236638	3.885162	4.725278	5.398292	5.647878	8.347352	8.812260	7.740676	9.734356	9.449599	11.180241	11.925050	11.012043	11.660059	13.301638	14.014972	14.682493	15.434587	15.490428	17.969837	
0.392882	0.326032	2.422112	0.829607	3.168221	2.169426	6.965718	3.237767	3.887205	4.722795	5.397643	5.645873	8.346343	8.821667	7.738902	9.705556	9.453297	11.176141	11.946260	11.013981	11.659784	13.319420	14.006463	14.687435	15.432678	15.516406	17.991848	
0.215145	0.151827	3.617118	0.816228	1.605877	5.150585	3.421368	3.236820	3.884764	4.724327	5.396763	5.649388	8.346354	8.818341	7.741618	9.710132	9.482732	11.180645	11.927994	11.011846	11.659170	13.304229	14.001740	14.673053	15.433100	15.506303	17.973265	
0.562858	1.293522	0.147730	2.000000	3.943643	2.591493	4.179325	3.238400	3.889129	4.719533	5.397358	5.654828	8.347233	8.849105	7.738792	9.748762	9.484444	11.193539	11.941063	11.037857	11.656091	13.314742	14.012497	14.665946	15.474444	15.502921	17.970721	
0.079027	1.146100	2.422094	0.827995	3.169113	2.386468	0.253183	3.236638	3.886747	4.725278	5.398292	5.648585	8.344675	8.823133	7.740676	9.733649	9.437178	11.179223	11.919263	11.012043	11.661331	13.302191	14.014972	14.673436	15.432407	15.490959	17.974595	
0.092212	0.398201	3.617300	0.816939	1.604502	1.583748	3.601803	3.239259	3.886764	4.723635	5.397421	5.646451	8.347344	8.835544	7.741089	9.706919	9.453371	11.190648	11.945380	11.020937	11.654559	13.302344	14.005150	14.643718	15.485896	15.491969	17.972118	
0.714563	0.384150	1.466219	1.152739	3.999656	2.280207	7.699214	3.927824	3.887567	4.724476	5.393242	5.651966	8.367166	8.840265	7.740917	9.704627	9.450685	11.198084	11.924547	11.009357	11.658047	13.326200	14.006262	14.659056	15.436311	15.517668	17.975198	
1.166045	0.416009	0.094369	1.980933	4.000000	5.965763	3.530741	3.234972	3.885084	4.724241	5.397709	5.645901	8.344689	8.812340	7.741515	9.706671	9.455377	11.196778	11.894514	11.004817	11.659283	13.318918	14.017699	14.671650	15.434490	15.518826	17.975555	
0.282949	1.121430	1.882656	1.138477	3.949718	1.631551	4.211107	3.245947	3.885196	4.722993	5.396976	5.654828	8.342487	8.825836	7.742148	9.707400	9.479819	11.198863	11.941976	11.013621	11.656091	13.298843	14.008755	14.687682	15.436924	15.514625	17.996080	
0.328463	0.423603	2.422186	0.827995	3.169113	1.530394	6.830524	3.236820	3.885162	4.724327	5.397730	5.646378	8.346354	8.811542	7.741618	9.706129	9.448620	11.176945	11.892682	11.002121	11.657871	13.319743	14.006314	14.681757	15.433100	15.514713	18.007347	
0.073748	0.077067	4.803027	0.830680	0.013006	1.959094	6.675997	3.238930	3.885005	4.724492	5.397147	5.649022	8.347453	8.814664	7.741403	9.719093	9.460157	11.191825	11.944505	10.999915	11.661401	13.304215	14.008318	14.687387	15.432678	15.493598	17.970732	
0.076023	3.136149	0.317941	1.972264	3.958451	1.191313	0.556914	3.237192	3.886761	4.722930	5.396189	5.658171	8.365288	8.825561	7.738568	9.695272	9.509976	11.201394	11.944420	11.010123	11.659825	13.302257	14.019691	14.687287	15.478732	15.491016	18.006164	
0.674009	1.040398	0.564158	1.955388	3.950603	1.114048	7.021137	3.201289	3.884734	4.719046	5.397868	5.652947	8.366277	8.822195	7.772077	9.751509	9.462796	11.179865	11.894379	11.004384	11.627989	13.302004	14.009960	14.669273	15.478334	15.493074	17.999105	
0.598556	0.105033	2.531770	0.768739	3.200393	4.848985	6.466325	3.241161	3.884597	4.722829	5.398562	5.647667	8.346423	8.824028	7.733794	9.744356	9.450999	11.190588	11.943709	11.000277	11.657966	13.301869	14.007700	14.769109	15.484296	15.517546	17.972066	
0.132391	0.868777	2.514452	0.809007	3.127264	1.689132	2.869780	3.972302	3.885435	4.723175	5.396098	5.646558	8.366876	8.812445	7.741629	9.706336	9.460188	11.180564	11.950073	11.024685	11.659882	13.305701	14.018059	14.670514	15.443721	15.524830	17.976130	
0.033039	0.758549	3.617044	0.816939	1.604502	0.505982	0.045903	3.239259	3.886728	4.722978	5.398863	5.648584	8.344388	8.811811	7.740250	9.696010	9.454664	11.180630	11.928425	11.009367	11.659879	13.300414	14.015107	14.677685	15.486228	15.493156	17.972118	
1.137038	0.091455	1.224711	1.211169	4.000000	5.336849	6.777685	3.233220	3.886780	4.723370	5.396794	5.648348	8.346330	8.825833	7.738368	9.706236	9.450245	11.180365	11.942875	11.015888	11.659724	13.320125	14.014953	14.686394	15.436200	15.490532	17.975033	
0.044166	0.046795	6.010854	0.446485	0.000000	5.488578	1.694900	3.273619	3.886840	4.721981	5.396794	5.657497	8.361896	8.809232	7.736723	9.735695	9.482904	11.180365	11.942875	11.000527	11.657746	13.302127	14.005971	14.686394	15.431630	15.520944	17.971686	
0.869838	0.246861	1.293781	1.208019	3.943325	5.821933	4.181557	3.235947	3.886282	4.724108	5.398191	5.657780	8.377229	8.822533	7.739024	9.731092	9.478643	11.190602	11.920063	11.016018	11.626535	13.318079	14.002213	14.686273	15.447158	15.505444	17.998098	
0.482955	1.460370	0.257078	1.976660	3.962301	5.275528	0.000000	3.236810	3.885119	4.724287	5.398011	5.657418	8.347260	8.810534	7.738568	9.697904	9.449815	11.177714	11.893620	11.010123	11.661221	13.319679	14.008385	14.671919	15.478957	15.514553	17.990449	
1.521276	0.144509	0.486047	1.995311	3.882724	5.365684	6.407927	3.272244	3.885435	4.722926	5.396231	5.654991	8.366228	8.812453	7.741557	9.735875	9.475932	11.194271	11.942023	11.012088	11.624045	13.290714	14.005450	14.662043	15.434352	15.525902	17.998085	
0.041417	0.643779	3.617042	0.816939	1.604502	1.583748	0.121537	3.239259	3.886764	4.723635	5.396767	5.652187	8.343006	8.825608	7.742643	9.705966	9.458717	11.190648	11.921042	11.012246	11.659724	13.301601	14.008525	14.686535	15.434547	15.507115	17.988581	
0.477351	0.739514	1.346813	1.171743	3.995286	1.384479	6.638239	3.236710	3.885343	4.723874	5.393148	5.652428	8.342958	8.795289	7.739286	9.702416	9.456148	11.187512	11.933174	11.009512	11.626559	13.326063	14.006299	14.682533	15.436639	15.472222	18.005214	
0.488221	1.472958	0.088304	1.983295	3.997846	2.333089	3.928439	3.239278	3.884963	4.722186	5.397641	5.658801	8.345251	8.817545	7.740507	9.711193	9.509933	11.189259	11.930571	11.002923	11.656248	13.304297	14.015705	14.668299	15.473296	15.513132	17.999832	
0.194393	1.417880	1.712432	1.186473	3.881872	1.689132	2.829080	3.237769	3.886811	4.719467	5.398696	5.654795	8.345354	8.817822	7.741637	9.739195	9.460188	11.180249	11.941969	11.012064	11.659544	13.324681	14.005643	14.661853	15.434293	15.524401	17.974671	
0.244134	1.335666	1.224574	1.209950	4.000000	1.676886	3.464929	3.237163	3.886866	4.724060	5.396819	5.657696	8.344501	8.818223	7.736922	9.707362	9.453296	11.200165	11.921668	11.010491	11.658108	13.301688	14.005905	14.687975	15.432207	15.491402	17.973320	
0.181893	0.198694	3.617163	0.816228	1.605877	1.797790	6.830524	3.236820	3.885162	4.724223	5.398601	5.646319	8.346354	8.830653	7.741618	9.706696	9.454611	11.176945	11.894872	11.012979	11.657871	13.319743	14.006314	14.673053	15.433100	15.514713	17.976332	
0.061244	1.266530	2.423901	0.827995	3.163442	1.738410	0.335791	3.236710	3.887201	4.723089	5.398223	5.652428	8.348155	8.875563	7.738936	9.708297	9.418681	11.177471	11.933174	11.001094	11.627787	13.319714	14.005555	14.652351	15.470032	15.470450	17.976692	
1.164292	0.401361	0.308570	1.954379	3.996037	6.000000	3.548197	3.238826	3.887047	4.725235	5.398240	5.648695	8.366427	8.813744	7.740451	9.707722	9.449438	11.179778	11.930778	11.012323	11.654116	13.304880	14.018350	14.650715	15.436803	15.515855	17.973979	
0.958620	0.152169	1.951027	1.171560	3.873415	4.493440	6.944077	3.969106	3.885263	4.716742	5.388509	5.654626	8.377486	8.832457	7.733644	9.820635	9.387887	11.200587	11.886244	11.012805	11.659909	13.305386	14.008824	14.519305	15.471432	15.491110	17.971446	
0.862175	0.744256	0.427939	1.941406	4.000000	1.546906	7.692563	3.235730	3.886562	4.725158	5.398257	5.650597	8.343494	8.821435	7.736808	9.722968	9.454671	11.197221	11.932023	11.012256	11.631778	13.304913	14.015173	14.670885	15.450089	15.516999	17.972646	
0.058786	2.241004	1.270926	1.211169	3.948053	1.315353	0.240582	3.241111	3.886851	4.723227	5.398272	5.648156	8.346569	8.825964	7.738539	9.735390	9.437392	11.180712	11.875829	11.017523	11.625643	13.301588	14.007969	14.686477	15.484105	15.487641	17.975577	
0.816809	0.857158	0.032848	2.000000	4.000000	2.101339	6.541074	3.240051	3.889619	4.723188	5.398693	5.655200	8.363455	8.817849	7.738349	9.734698	9.517884	11.178213	11.923074	11.015653	11.623731	13.316548	14.019297	14.673960	15.432886	15.519464	17.970357	
0.384311	0.925937	1.346812	1.171743	3.995286	5.370773	0.335791	3.239172	3.886786	4.723670	5.396855	5.652428	8.354543	8.818600	7.740627	9.723062	9.479894	11.189209	11.933174	11.008947	11.661748	13.305101	14.004638	14.672179	15.496266	15.470450	18.004995	
0.413068	1.643913	0.245396	1.963348	3.991697	1.798779	4.038594	3.273586	3.886764	4.722510	5.394740	5.657722	8.344188	8.808029	7.738618	9.701121	9.480443	11.196382	11.918989	11.014451	11.626628	13.318120	14.002695	14.687256	15.482279	15.491317	17.991661	
0.371114	0.943675	1.451198	1.211169	3.886569	2.380134	4.199466	3.307628	3.886869	4.722951	5.398242	5.655014	8.345035	8.820857	7.740847	9.754619	9.414920	11.202043	11.946535	11.037868	11.656350	13.304429	14.016860	14.687938	15.444391	15.512337	17.993547	
0.607341	1.181853	0.323239	1.954379	3.993209	6.000000	0.000000	3.238826	3.886694	4.723642	5.398975	5.652807	8.366427	8.818551	7.740443	9.735309	9.513000	11.201486	11.933794	11.009687	11.657855	13.304344	14.004864	14.650715	15.439538	15.469219	18.010277	
