0.191148	4.006450	0.439551	1.996538	3.658182	0.511271	0.146870	4.441735	4.202725	4.696966	5.396982	5.701018	5.831289	6.132574	6.626076	7.980041	7.802501	8.264928	8.534324	8.112704	8.402305	8.551997	9.914734	8.913076	10.299227	8.978880	11.101246	
0.341745	2.819065	4.579386	1.145511	1.478482	1.094627	0.000000	4.710837	5.921527	4.902028	5.076723	5.692669	6.752182	6.126323	6.452974	6.279000	8.013177	8.194625	8.231514	7.966685	8.939770	8.372454	11.085553	7.592699	11.605256	9.470340	11.853045	
0.097105	0.034875	6.028700	0.079190	0.007757	6.000000	7.767037	4.471059	4.457399	4.487534	4.961937	5.399624	6.325948	6.476034	6.735130	6.771391	7.836560	8.146495	8.446341	8.842399	8.585483	8.639801	10.146329	8.025564	10.504136	9.133560	11.525596	
1.129354	2.500192	3.653114	0.373519	4.000000	5.160651	0.406243	3.958539	3.938084	4.511823	5.396982	5.637237	5.831289	6.167605	6.626076	7.049001	7.629769	8.239068	8.280372	8.099743	8.676926	8.692123	11.420280	7.926656	10.299227	9.534397	11.156884	
1.463602	0.175000	4.580778	1.868365	0.000000	5.972079	7.845505	0.000000	0.086154	4.877490	5.264304	5.674089	6.297902	6.459023	6.564546	8.219765	7.773978	8.281149	8.379498	8.035266	8.607391	8.591945	10.146680	11.992693	10.423023	9.870245	11.328119	
1.279539	0.177023	5.032147	1.471226	0.184098	5.960203	7.834964	0.263461	0.249178	4.698651	5.012301	5.577447	5.837089	6.413516	6.693472	6.956735	7.480051	8.176543	8.640371	8.798909	9.132983	8.489640	9.856213	8.372385	10.487489	9.097116	11.255770	
2.055359	1.665198	0.195293	2.000000	4.000000	5.746891	4.504580	0.040701	0.000000	0.000000	5.354689	6.068718	6.272104	6.463785	7.641855	6.925364	7.778041	8.309737	8.514663	8.917868	8.940745	8.666984	10.155658	12.708329	10.546040	9.317337	11.758674	
2.172537	0.231468	1.677254	1.431489	3.897603	6.000000	8.000000	0.021648	0.000000	0.024239	3.337604	5.739908	6.864584	6.381961	7.505923	8.259558	7.863120	8.128715	9.436972	7.974937	8.636150	10.010855	10.216491	12.944756	10.546681	10.303341	11.162172	
0.151792	0.045171	6.022533	0.147490	0.007757	5.787437	7.767037	4.471059	4.457399	4.487534	4.961937	5.489993	6.349062	6.474404	6.735130	6.793699	7.858632	8.267592	8.446341	8.842399	8.585483	8.639801	10.146329	8.025564	10.504136	9.134858	11.525596	
2.154305	0.224798	1.803736	1.431489	3.780805	6.000000	8.000000	0.005573	0.032967	0.109487	4.956421	6.076426	6.239419	6.209873	7.505923	8.108892	7.863120	8.870317	8.176027	9.749315	9.011682	10.010855	10.216491	11.870963	10.493549	10.312747	11.083764	
0.415776	3.843500	1.578368	1.399718	3.886131	0.533547	1.243226	4.396674	4.496673	4.720523	5.188135	6.102988	5.662394	6.207811	6.697718	6.375586	7.876052	8.348969	8.175879	7.742153	8.302148	8.485880	9.924951	7.917527	10.466202	10.367917	11.152293	
1.116466	2.441215	3.795593	0.299716	4.000000	0.000000	7.337321	4.749524	5.654627	4.963141	4.966221	5.535418	5.828429	6.160943	6.752248	6.959256	7.802886	8.205265	8.223976	7.769341	8.678458	8.602488	10.162998	8.919024	10.301318	8.985220	11.105474	
0.077635	3.949613	1.583463	1.366007	3.975986	0.000000	0.000000	4.474638	4.427046	4.733594	5.073793	5.597236	6.278341	6.134567	6.456750	7.151929	7.625091	8.211305	8.341864	7.953315	8.708737	8.678222	10.086678	7.302822	11.112774	8.972841	11.194559	
0.446524	3.554461	2.830977	1.918593	1.734915	0.676082	1.227623	4.654927	4.413879	4.901165	5.399338	5.682919	6.350626	6.129549	6.451906	6.286914	7.865066	8.240952	8.447179	8.066909	8.373194	8.458939	11.025302	7.816300	11.436986	9.082808	11.134921	
0.404615	0.172742	5.926845	0.481366	0.002452	4.588099	8.000000	4.188015	4.368963	4.715873	4.784486	5.710854	6.793106	6.165913	6.413447	6.481249	7.834778	8.187257	8.265059	8.805421	8.591230	8.638436	10.238764	8.850298	10.502320	9.681056	11.039409	
1.702143	1.309938	3.392326	1.284856	2.503033	5.491166	5.022032	0.115717	0.015548	4.692370	5.458824	5.578963	6.270699	6.213443	6.535617	6.903543	7.585432	8.142154	8.326688	9.695802	9.131095	8.575086	9.873166	11.856932	10.435192	10.358952	11.221768	
0.269138	0.082992	5.992212	0.300216	0.002452	5.384304	7.767037	4.903990	4.672102	4.694966	5.072506	5.448904	6.294657	6.273238	6.889261	6.634185	7.847174	8.681558	8.446341	9.062108	8.483784	8.593405	10.161438	12.245260	11.114827	9.519587	11.742953	
0.577660	1.803374	5.404866	0.270606	1.983736	0.746153	4.028273	4.664550	5.343666	4.537948	5.516929	5.695630	5.685624	6.231986	6.444786	6.299922	7.877666	8.312119	8.681804	7.825698	8.356632	8.322020	9.938532	7.996339	10.507754	8.875731	11.643498	
0.269981	3.450939	3.374629	1.820584	1.428839	0.728986	0.000000	4.771027	4.661342	4.731189	5.497715	5.611447	5.738686	6.161674	6.409591	6.304281	7.802501	8.062519	8.286048	8.745925	8.356224	8.393964	10.197527	7.989494	10.493909	9.109053	11.183999	
2.244619	0.268696	1.048528	2.000000	3.330349	5.986880	8.000000	0.031258	0.191366	0.000000	3.337110	5.721365	6.772732	6.381515	7.426462	7.937594	9.379165	9.557776	9.250544	9.026112	9.150969	10.017074	10.231580	13.280325	11.028519	15.326329	13.189932	
0.129344	3.655628	2.891422	2.000000	1.546208	0.000184	0.104221	4.672044	4.495895	4.709149	4.961537	5.668711	6.189148	6.239158	6.766484	7.909565	7.886454	7.892660	8.232194	8.058691	8.681272	8.396347	9.924174	8.502426	10.274561	8.926270	11.085647	
1.499884	1.933897	3.351504	1.835716	1.406103	5.787437	2.381056	0.012332	5.645320	4.766711	5.441960	5.387073	6.347625	6.168965	6.763457	6.307964	7.856245	8.110447	8.423580	7.994767	8.386069	8.678780	10.146491	8.026701	10.489932	9.152943	11.512681	
0.765472	1.445753	5.323721	1.290044	0.000000	5.811706	0.280260	4.501364	4.228557	4.925584	4.961937	5.489993	6.767502	6.243580	6.735130	6.677758	7.774753	8.211570	8.334989	8.080967	8.315580	8.639801	10.146329	8.228696	10.504136	9.498904	11.074101	
0.408841	3.045316	4.136338	1.399718	1.471360	0.533547	1.243226	4.677829	4.496673	4.720523	5.532521	5.709008	5.662394	6.236155	6.697718	6.375586	7.876052	8.348969	8.309874	9.143557	8.679070	8.485880	9.924951	8.692717	10.466202	8.975555	11.152293	
0.034686	0.034686	6.034686	0.000000	0.000000	5.989997	8.000000	4.477143	4.142185	4.482219	5.427318	5.567078	5.831834	6.167183	6.804136	6.705772	7.551973	7.980641	8.693694	7.973826	8.358774	8.239977	9.859664	8.024343	10.518477	9.444378	11.172301	
2.158125	1.255008	0.440051	1.997397	3.824035	4.633674	7.171642	0.212993	0.229758	0.105021	5.043190	6.133361	6.236921	6.200411	7.496758	8.016935	7.590204	8.783457	8.133028	9.709516	9.059282	10.000314	10.107042	12.742704	10.462137	10.372053	11.103494	
0.150135	3.195844	4.039636	0.299716	3.808585	0.000000	0.000000	4.749524	5.654627	4.510333	4.998813	5.505705	6.248248	6.160943	6.752248	6.959256	7.613988	8.205265	8.286954	7.992281	8.694766	8.687433	10.037807	7.531796	10.574474	8.973470	11.164738	
1.875653	0.310338	3.601966	1.618139	1.717527	6.000000	7.732174	0.002523	4.360271	0.229681	5.432400	5.602132	6.300721	6.241655	6.450757	6.678979	7.565555	8.639800	8.136002	8.883089	9.174922	10.195822	10.140374	12.133873	11.139179	10.287640	11.085520	
1.932490	1.493844	2.243069	1.953052	2.301474	5.491166	5.022032	0.041089	0.017850	4.511267	5.374966	5.578963	6.769081	6.093221	6.736843	8.259438	7.585432	7.851318	8.226020	8.715189	8.388485	8.502932	9.873166	7.895956	10.435192	10.158959	11.070804	
0.423176	1.425545	5.844273	0.010005	1.704663	0.000000	3.734116	5.006880	5.276387	4.281324	4.855256	5.544140	6.804987	6.123276	6.649993	8.852091	7.867254	8.096429	8.299623	8.075250	8.339065	8.306415	10.342252	7.952569	10.543817	9.289296	11.148929	
2.218125	0.822447	0.239479	2.000000	4.000000	4.882633	8.000000	0.082172	0.000000	0.000000	3.498598	7.988254	6.760652	6.295643	7.748238	8.094550	7.778113	9.923221	9.297764	9.739575	8.363670	10.204714	10.218912	12.120100	11.095761	14.187161	11.781231	
0.950775	1.834995	4.709973	1.739045	0.000000	5.796979	0.302014	4.710765	4.176812	4.723895	5.061993	5.647000	6.290768	6.237094	7.559624	6.738235	7.782753	7.915601	8.252135	7.976177	9.131168	8.424378	11.352110	11.603541	10.378125	8.931782	11.055293	
0.039357	4.039309	0.039309	2.000000	4.000000	0.000184	0.000000	4.710765	4.582574	4.659339	5.084781	5.492576	6.398983	6.376882	6.440272	6.481895	7.727366	8.123714	8.440397	7.938930	8.631695	8.545019	10.219716	8.197307	11.128754	8.964438	11.132854	
1.538211	2.951810	0.301480	1.953379	3.943090	0.000000	8.000000	0.039619	0.249178	4.909805	5.022061	5.502017	6.250134	6.469925	6.537686	6.951796	7.781816	8.203650	8.278840	8.073250	8.602966	8.688935	10.153162	12.235068	10.426612	9.722896	11.185413	
1.006275	3.495816	1.700453	1.413842	3.794618	1.078115	3.566421	0.304255	5.292643	4.688484	5.464518	5.655861	5.685624	6.141308	6.444786	6.299922	7.989180	8.144561	8.626270	7.868056	8.456824	8.576414	10.254133	7.216274	11.103945	9.914243	10.921285	
1.046628	0.286710	5.333216	1.284856	0.004625	5.363210	7.778595	0.000000	4.678625	4.705640	5.015703	5.453621	6.684486	6.228187	6.535617	6.728359	7.585432	8.142154	8.226020	9.165881	9.131095	8.575086	9.873166	11.874756	10.435192	10.358952	11.705940	
2.149345	0.954994	1.123436	1.644447	3.931289	4.882633	7.554302	0.000000	0.000000	0.000000	4.969286	6.047699	6.348857	6.219662	7.514425	8.280072	7.571062	8.670146	9.429607	8.928619	9.171237	10.271356	10.152916	12.352389	11.127549	10.351387	11.077906	
1.822319	2.470989	0.182116	2.000000	4.000000	5.944847	1.868195	0.000000	0.000000	0.009708	5.280489	5.738392	6.380069	6.202081	6.678359	8.280072	7.872231	7.917784	8.351751	7.910673	9.165257	10.016807	10.165250	12.750553	10.591411	9.292013	11.077906	
1.269855	3.051231	1.884763	1.871473	2.697842	1.293602	5.162692	0.000000	4.213276	4.489255	4.883928	5.416241	6.148824	6.161196	6.697390	7.106422	7.911502	8.179264	8.284061	7.758514	8.367639	8.545151	10.176212	8.434058	10.297758	9.098013	11.161366	
1.886153	2.272405	0.189451	1.996513	4.000000	6.000000	2.396482	0.021648	0.011651	0.453746	4.650626	5.739908	6.754251	6.212507	6.740679	6.873532	7.833352	7.967570	8.433310	8.807394	8.794888	8.569862	10.204632	7.901829	10.501836	9.286700	10.827097	
0.260007	3.961343	1.034105	1.747444	3.658182	0.291351	0.745220	4.543008	4.652374	4.950471	5.396982	5.520946	5.831289	6.167605	6.510709	7.980041	7.802501	7.902711	8.534324	7.981943	8.676926	8.614661	10.166752	8.913076	10.299227	8.978880	11.136233	
1.045937	3.555083	0.799466	1.744457	3.901057	0.262680	4.809749	0.114234	4.853352	4.495208	4.964117	5.578265	6.323795	6.173174	6.843564	8.022895	7.888312	7.904541	8.331485	8.903534	8.653768	8.690736	9.857560	11.869088	10.541393	8.984829	10.791831	
0.894895	2.341745	4.301362	1.999131	0.002452	4.588099	0.320042	4.188015	4.368963	4.715873	4.784486	5.453660	6.751133	6.165913	6.635920	6.725269	7.789512	8.187257	8.265059	9.000532	8.384513	8.514191	10.105431	8.850298	10.562645	9.246476	11.136105	
0.034554	0.034554	6.034554	0.000000	0.000000	5.989997	8.000000	4.535649	4.142185	4.960807	4.748451	5.423981	5.831289	6.167183	6.472311	6.737175	7.551973	8.131266	8.289533	8.032268	8.305868	8.565953	9.859664	8.141498	10.299227	9.030836	11.171548	
1.046170	0.492890	5.311504	0.438511	1.737969	4.588360	7.753010	0.024240	4.634799	4.718549	5.111590	5.689174	6.273863	6.378400	6.627092	6.468090	7.797979	8.121083	8.343532	7.979223	8.377088	10.283067	10.076944	8.536713	10.533298	9.258719	11.031055	
1.320361	3.018312	1.903671	1.871473	2.697842	0.000000	7.105768	0.000000	5.871836	4.719297	5.426898	5.416241	6.807518	6.161196	6.722201	6.951390	7.911502	8.179264	8.284061	7.758514	8.367639	8.669844	10.187931	13.079104	10.297758	9.098013	11.161366	
1.307016	3.390965	0.724774	1.828903	3.853846	1.033388	4.937102	0.000000	4.432756	4.719670	4.964117	5.700767	6.123088	6.173174	6.632178	7.024470	7.856495	8.112044	8.294826	8.060630	8.284374	8.453722	10.151649	8.223308	10.267706	9.312704	11.247565	
1.203366	1.881878	4.379776	1.951264	0.066597	0.795729	8.000000	0.000000	4.048149	4.715873	5.274477	5.744439	6.295880	6.154231	6.842191	6.769148	7.834778	8.285980	8.258962	8.016079	8.667544	8.308085	9.847804	8.217073	10.501171	9.503268	11.144544	
0.827086	0.080604	5.647011	0.137254	1.673548	6.000000	8.000000	0.025358	4.440926	4.718897	5.421252	5.512929	6.300761	6.102671	6.472311	6.367120	7.848102	8.149284	8.264970	8.839623	8.613212	8.495520	10.220512	8.109274	10.299227	9.645198	11.278655	
2.254916	0.526036	0.480350	2.000000	3.813485	5.955159	7.383078	0.021648	0.024805	0.024239	3.337604	5.721825	6.864584	6.298708	7.417889	8.028630	7.863120	8.620101	9.248645	8.938356	9.169859	10.010855	10.216491	12.944756	11.039264	10.303341	11.087621	
0.106687	0.035967	6.027807	0.095155	0.000000	5.796979	8.000000	4.458160	4.301186	4.723895	5.282963	5.647000	6.771420	6.237094	7.559624	6.738235	7.770749	8.182116	8.323888	8.032268	8.301941	8.424378	11.352110	8.470798	10.378125	9.499613	11.055293	
2.289011	0.289012	0.295850	2.000000	3.994195	6.000000	8.000000	0.000000	0.199920	0.089325	3.481362	4.374172	6.810608	9.644945	7.749035	8.105775	9.371923	9.924804	9.298668	9.794133	8.213245	10.415542	10.677624	13.040656	11.093555	14.216096	13.199969	
0.610363	3.637879	2.052503	1.835716	2.589599	0.548668	2.381056	4.903345	4.404111	4.769768	5.314124	5.713073	6.435877	6.200103	6.625505	6.307964	7.803312	8.250181	8.210565	8.075908	8.386069	8.589059	10.150096	7.946486	10.551917	9.455389	11.134826	
1.958483	1.794932	1.448317	1.966793	2.980481	6.000000	3.658554	0.001366	0.000000	0.224144	5.478910	5.615116	6.292646	6.273500	6.745247	7.927312	7.720467	8.068548	8.194565	8.994239	8.988119	8.500512	10.154869	12.816346	10.446689	9.576714	11.051622	
0.203965	0.054450	6.006102	0.146565	0.153692	5.700000	7.664929	4.729094	4.145549	4.715638	5.054844	5.438126	5.775192	6.272986	6.548330	6.741793	7.620925	8.186762	8.150173	7.992351	8.306746	8.590862	10.277193	12.244194	11.129679	9.516983	11.154639	
1.573864	2.883492	0.710040	1.755144	4.000000	6.000000	0.235614	0.244808	0.000000	5.161277	5.432370	5.374199	6.297221	6.239994	6.779692	6.229020	7.788825	8.138429	8.322415	8.044300	8.394331	8.688633	10.173071	7.480780	11.101967	9.912663	11.533423	
0.474115	0.208732	5.909212	0.438511	0.229607	4.588360	8.000000	4.476835	4.142185	4.483559	4.995950	5.689174	6.259627	6.171135	6.627092	6.401761	7.566576	7.987323	8.650602	8.064171	8.593744	8.425551	9.862843	8.053961	10.516692	9.670797	11.172787	
1.328409	1.293983	4.390503	0.000000	3.915305	5.989997	3.403444	0.301603	4.142185	4.718074	4.944958	5.423981	5.831289	6.185373	6.831511	6.737175	7.551973	7.903454	8.289533	8.754248	8.305868	8.567761	10.148526	8.141498	10.543447	9.030836	11.171548	
0.688933	0.698324	5.654870	0.095285	1.671250	5.796979	3.488186	4.176150	4.589533	4.719943	5.085141	5.433450	6.295880	6.242836	7.542659	6.466748	7.834778	8.285980	8.335423	7.787823	8.339581	8.421539	11.354254	8.492976	10.418500	9.238281	11.055028	
1.898734	0.242225	3.220389	1.974862	1.339690	5.861786	7.987650	0.111469	0.000000	0.223702	5.484730	6.069769	6.242568	6.216995	7.496218	8.038906	7.789177	8.867709	8.346430	9.687473	8.644894	10.001958	10.222389	11.880160	10.250864	10.311374	11.245706	
1.686175	0.790929	3.772655	0.438511	3.801553	4.588360	7.753010	0.024240	0.000000	4.718549	5.007501	5.689174	6.337824	6.378400	6.627092	8.338375	7.797979	8.121083	9.430043	7.979223	8.620130	10.283067	10.076944	8.322272	10.533298	9.254078	11.136686	
1.884586	2.270838	0.187884	1.996513	4.000000	6.000000	2.396482	0.021648	0.011651	0.453746	4.987724	5.712817	6.248336	6.212507	6.699122	6.859598	7.740255	7.967570	8.433310	7.726256	8.312706	8.569862	10.204632	12.867605	10.589945	9.286700	11.167589	
2.288150	0.288151	0.294990	2.000000	3.994195	6.000000	8.000000	0.000000	0.199920	0.089325	3.481362	4.374172	6.810608	9.644945	7.749035	8.105775	7.857705	9.924804	9.298668	9.794133	8.404141	10.415542	10.677624	12.350890	11.093555	14.216096	11.792802	
0.274868	3.980474	0.678396	1.830173	3.790902	0.797062	0.178503	4.463338	4.185667	4.729726	5.061150	5.575615	6.290999	6.174244	6.472364	6.680727	7.727692	7.913038	8.299246	7.999233	8.670643	8.509978	11.402820	8.725038	11.575623	8.969016	11.162457	
1.821889	1.659168	2.417769	1.965009	2.083286	5.558942	4.266230	0.007756	0.000000	4.417955	4.878375	5.955940	6.816357	6.275198	6.741016	8.060702	7.935798	8.121496	8.232194	7.978726	8.389876	8.396347	10.151220	12.355545	10.462021	9.885197	11.722388	
0.048986	4.028264	0.028474	2.000000	4.000000	0.000184	0.104221	4.710765	4.548164	4.709149	4.961537	5.682036	6.189148	6.380791	6.647575	7.089197	7.727366	7.892660	8.232194	7.928755	8.609076	8.396347	10.219716	7.682096	10.273016	9.243997	11.132854	
0.753211	0.119458	5.738466	0.010005	1.717527	6.000000	7.732174	0.000000	4.360271	4.719297	5.432400	5.602132	6.300721	6.241655	6.450757	6.678979	7.719515	8.178476	8.136002	7.778863	8.339065	8.306415	10.279664	7.496988	11.139179	9.268650	11.267609	
0.848713	3.758116	0.728586	1.835716	3.781764	1.223020	2.381056	0.015034	5.645320	4.708054	4.959657	5.387073	6.347625	6.169079	6.763457	7.021221	7.843085	8.097111	8.423580	8.074447	8.386069	8.445652	10.135473	8.026701	10.237027	9.334329	11.512681	
0.050473	4.029751	0.029961	2.000000	4.000000	0.000184	0.104221	4.710765	4.548164	4.731282	5.075744	5.492576	6.398983	6.376882	6.499868	7.942815	7.727366	8.071231	8.232194	7.978726	8.631695	8.396347	10.219716	7.930955	10.545946	9.260352	11.132854	
2.172831	1.088391	0.579772	2.000000	3.697603	4.658803	7.564915	0.000000	0.000000	0.095435	5.056601	6.134549	6.205145	6.197225	7.387988	7.925061	7.872231	8.776341	8.129546	9.763121	9.165257	10.204714	10.218912	12.750553	10.504438	10.307378	11.094703	
0.085197	3.949945	1.554324	1.900742	2.928617	0.025042	0.026955	4.758393	5.570539	4.950471	5.002554	5.710727	5.650370	6.167605	6.626076	7.913016	7.851588	8.099597	8.405296	7.739353	8.366262	8.302426	10.147628	6.797658	10.324485	9.290626	11.156884	
2.280478	0.498500	0.283373	2.000000	4.000000	5.913724	7.566952	0.000000	0.009029	0.089325	3.481362	5.748564	6.711255	6.366219	7.373870	8.101632	9.374242	8.644504	9.298668	8.980513	9.181305	10.380540	10.220253	13.315625	11.081776	16.830424	13.194996	
0.880992	3.192302	2.772397	1.102884	3.391382	1.061235	3.557384	4.955772	4.548164	4.417955	4.878375	5.442119	6.816357	6.146265	6.741016	7.942815	8.050380	8.121496	8.232194	7.978726	8.389876	8.396347	10.357878	7.928113	10.462021	9.885197	11.722388	
2.006361	0.868657	2.389024	2.000000	2.079006	4.882633	7.590364	0.343641	0.223593	0.000000	5.444487	6.059765	6.215498	6.213868	7.460209	8.501710	8.964231	8.854153	8.585085	9.003579	8.620354	10.204714	10.176661	11.667558	10.224289	9.677105	11.248940	
0.774172	3.056635	3.385590	1.666125	1.671250	0.795729	3.488186	4.176150	4.589533	4.715873	5.085141	5.433450	6.295880	6.253033	6.444779	6.466748	7.834778	8.285980	8.147305	7.787823	8.339581	8.586962	10.186353	8.135889	11.130260	9.238281	11.144544	
1.595322	2.911028	0.148777	2.000000	4.000000	6.000000	0.235614	0.000000	0.000000	5.161277	5.396340	5.527204	6.297221	6.239994	7.464447	6.459350	7.788825	7.999541	8.322415	8.849951	8.712537	8.514376	10.173071	7.480780	11.101967	9.912663	11.260464	
2.278046	0.280650	0.586723	2.000000	3.740084	6.000000	8.000000	0.000000	0.199920	0.107563	3.481362	4.374172	6.810608	9.644945	7.749035	8.105775	7.857705	8.860805	9.298668	9.750972	8.404141	10.415542	10.677624	12.350890	11.093555	14.216096	11.792802	
0.537951	2.241713	5.099491	0.326044	2.390185	0.272567	3.334116	4.705579	5.128119	5.132738	5.079160	5.389274	5.626597	6.123001	6.777689	8.831137	7.723800	7.966922	8.226584	8.668635	8.359039	8.399219	11.438487	7.931238	10.545946	9.216570	11.860949	
2.157775	0.224931	1.766694	1.431489	3.813485	6.000000	8.000000	0.021648	0.000000	0.024239	3.337604	5.739908	6.864584	6.298708	7.505923	8.028630	7.863120	8.803781	8.567762	8.938356	8.794888	10.010855	10.216491	12.944756	11.091857	10.303341	11.087621	
0.304398	2.100862	5.508986	0.384705	1.734915	0.676082	0.011648	4.654927	4.413879	4.275585	4.920118	5.632673	6.271548	6.129549	6.451906	6.286914	7.865066	8.240952	8.447179	8.066909	8.373194	8.458939	10.040680	7.816300	11.436986	9.082808	11.166652	
1.335845	2.585530	2.882601	2.000000	1.529008	0.002681	8.000000	0.153676	4.608245	5.192839	5.010625	5.606741	6.155731	6.136802	6.494634	6.848988	7.803915	8.189493	8.336518	7.920180	8.475914	8.394732	10.217929	7.515258	11.039576	9.309406	11.306851	
2.211177	0.399944	1.026263	2.000000	3.322665	6.000000	7.564915	0.000000	0.000000	0.009708	3.355463	5.738392	6.760652	6.295643	6.678359	8.280072	7.872231	8.776341	8.351751	9.003579	9.165257	10.016807	10.218912	12.750553	10.504438	10.307378	11.077906	
2.191402	0.978466	0.275842	2.000000	3.958603	4.882633	7.564915	0.000000	0.000000	0.244277	3.355463	5.738392	6.760652	6.295643	7.387988	8.280072	7.872231	8.776341	8.351751	9.003579	9.165257	10.204714	10.218912	12.750553	10.504438	10.307378	11.077906	
0.051106	4.030384	0.030594	2.000000	4.000000	0.000184	0.104221	4.710765	4.445072	4.709149	4.961537	5.668711	6.189148	6.132335	6.647575	7.909565	7.815615	7.892660	8.232194	8.058691	8.609076	8.396347	9.924174	7.682096	10.274561	8.926270	11.085647	
0.809980	3.794646	0.074741	2.000000	4.000000	0.558427	3.089900	0.324376	5.017744	5.156633	5.050131	5.647352	6.259389	6.378980	6.735530	7.007607	7.770749	8.185248	8.378234	8.751952	8.606265	8.559041	10.167442	12.379299	10.375610	9.929337	11.199084	
1.225373	3.546019	0.174142	1.997402	3.993486	0.593872	4.928268	0.000000	4.225376	4.740944	5.442289	5.689060	6.268744	6.376066	6.630752	6.771483	7.844270	8.110633	8.241962	8.069110	8.616112	8.396347	10.071256	8.144529	10.545946	9.260352	10.910425	
2.031774	1.428290	1.437065	1.496312	3.931289	6.000000	4.687607	0.112310	0.000000	0.008073	5.040148	6.047699	6.429478	6.564972	7.748115	8.359579	7.777729	8.769890	8.572486	8.846545	8.660357	8.418109	10.801389	12.380756	10.308641	10.351387	10.807367	
2.014426	0.716858	2.384706	2.000000	2.079006	4.882633	8.000000	0.000000	0.000000	0.000000	5.444487	6.059765	6.235793	6.392566	7.555416	8.501710	7.766531	8.157092	8.376071	9.003579	8.620354	9.984248	10.134050	11.667558	10.278390	9.185459	11.248940	
1.506391	1.140107	4.230120	0.086598	4.000000	6.000000	4.421397	0.000000	4.619747	4.726360	4.714815	5.486905	6.324050	6.160019	6.875276	8.034005	7.872223	7.930446	8.319653	9.794133	8.299427	10.415542	11.023867	7.329070	10.544408	8.984220	10.758627	
0.307129	3.806633	2.115143	1.484707	3.262853	0.007987	1.254429	4.654927	4.537059	4.901165	4.941651	5.515498	6.350626	6.242876	6.171239	6.760335	7.865066	8.071677	9.450053	8.041609	8.424097	8.488245	10.833699	11.769477	10.310865	8.960150	11.718224	
0.732430	3.864134	0.297820	1.908957	4.000000	0.000000	3.368940	0.235538	4.310539	4.758017	5.252779	5.728419	6.313596	6.172247	6.409192	6.579854	7.849253	8.091417	8.261467	7.825264	8.630189	8.705337	9.872903	7.835393	10.503045	9.738777	11.017670	
0.225681	2.451105	5.188192	1.467329	0.087935	0.000184	0.104221	4.710765	4.548164	4.912243	5.075744	5.492576	6.160254	6.376882	6.722404	8.260229	7.874814	8.245521	8.204342	7.980662	9.131528	8.383174	10.219716	7.930955	10.601295	9.664024	11.815198	
0.452774	0.209941	5.889916	0.438511	0.229607	4.588360	7.753010	4.476835	4.119217	4.483559	4.995950	5.689174	6.259627	6.378400	6.627092	6.401761	7.797979	8.289263	8.253393	8.064171	8.593744	8.425551	10.246807	8.322272	10.576142	9.670797	11.136686	
2.093264	0.908210	1.686517	1.947613	2.820978	4.882633	7.590364	0.000000	0.000000	0.000000	5.004652	5.675731	6.760652	6.158383	6.628371	8.501710	8.964231	8.074723	8.415415	8.923918	9.165257	8.223487	9.857967	7.446146	10.322303	9.634232	11.077906	
1.577061	2.666239	1.968864	1.924019	2.580809	0.511271	7.962739	0.000000	4.088492	4.757999	5.572712	5.701018	6.262473	6.132574	6.416931	8.016502	7.786154	8.148852	8.319721	8.112704	8.630535	8.418819	9.865724	7.846043	10.299227	9.719221	11.010572	
1.995290	1.872489	0.182550	2.000000	4.000000	5.923875	3.658554	0.000000	0.000000	0.000000	5.070940	5.758396	6.734547	6.273500	7.910921	8.093271	7.793462	8.181490	9.288560	8.914785	9.175134	10.460162	10.133396	8.051124	11.092036	9.614704	10.888092	
1.450772	2.303839	2.874404	2.000000	1.529008	0.797598	8.000000	0.000000	5.314891	5.192839	5.240964	5.682833	6.155731	6.254658	6.444751	6.848988	7.803915	8.189493	8.364319	8.782569	8.475914	8.408198	10.198121	8.579786	11.142895	9.922925	11.143441	
1.920636	0.170594	3.075109	1.431359	2.563718	6.000000	8.000000	0.000000	0.207109	0.447328	5.588323	6.071636	6.234089	6.384623	7.502506	8.091409	7.773165	8.137802	8.378411	8.908086	8.991189	9.913116	10.141222	11.643849	10.251566	9.132450	11.250426	
1.513295	0.125208	4.444808	1.953379	0.000000	6.000000	8.000000	0.039619	0.249178	4.909805	5.340179	5.681172	6.273998	6.469925	6.537686	8.222182	7.781816	8.280148	8.253787	8.073250	8.602966	8.585526	10.153162	12.235068	10.426612	9.722896	11.255770	
0.871390	1.062718	5.283094	0.000000	2.589599	6.000000	2.381056	4.903345	4.404111	4.459010	5.314124	5.567647	5.857722	6.200103	6.625505	6.644765	7.803312	8.250181	8.700990	8.075908	8.344169	8.229282	10.150096	8.039095	10.551917	9.455389	11.172095	
1.695427	2.314818	1.931064	1.929252	2.589599	5.559109	2.381056	0.007756	0.208598	4.653237	5.314124	5.939228	6.435877	6.200103	6.625505	6.307964	7.925397	8.250181	8.210565	8.075908	8.386069	8.302093	10.150096	12.546726	10.429179	9.455389	11.134826	
1.752872	1.706603	2.734827	1.953052	1.808592	5.491166	4.072735	0.041089	0.017850	4.511267	5.374966	5.544188	6.769081	6.093221	6.736843	8.848185	7.585432	8.115386	8.226020	8.715189	8.388485	8.502932	9.873166	7.895956	10.523931	9.350935	11.070804	
0.401276	3.905370	1.090747	1.918593	3.262853	0.484700	1.254429	4.674599	4.407081	4.901165	5.516909	5.515498	5.681025	6.275152	6.171239	6.717673	7.865066	8.299427	9.450053	8.041609	8.361421	8.309848	9.927424	11.769477	10.496275	9.879237	11.718224	
2.086419	0.227010	2.436846	2.000000	2.079006	6.000000	8.000000	0.000000	0.199920	0.089325	5.539406	4.374172	6.189325	9.644945	7.749035	8.105775	7.759114	9.924804	9.298668	9.794133	8.404141	10.415542	10.677624	11.457885	10.238563	14.216096	11.792802	
0.908045	1.195183	5.170486	0.096049	2.589599	5.725482	2.381056	4.236733	4.229990	4.769768	4.958525	5.713073	6.346004	6.200103	6.736836	6.769523	7.862162	8.267617	8.507821	8.075908	8.386069	8.734137	10.150096	7.946486	10.551917	9.134544	11.525794	
1.013140	3.581330	0.657209	1.801005	3.901057	1.033388	3.634502	0.000000	4.441029	4.719670	4.964117	5.527664	6.123088	6.173174	6.632178	7.024470	7.856495	7.904541	8.294826	7.975478	8.632943	8.477370	10.151649	7.912397	10.267706	9.312704	11.247565	
0.150346	0.043726	6.021087	0.147490	0.007757	5.787437	7.767037	4.471059	4.457399	4.487534	4.961937	5.399624	6.281124	6.123001	6.735130	6.793699	7.879781	8.146495	8.446341	8.842399	8.585483	8.639801	10.146329	8.025564	10.504136	9.272530	11.525596	
1.503609	0.123893	4.467560	1.905319	0.066597	6.000000	8.000000	0.000000	0.230305	4.897957	5.274477	5.744439	6.295880	6.477037	6.842191	8.223491	7.777912	8.285980	8.250963	8.019280	8.598700	8.308085	10.169255	12.216545	10.432109	9.503268	11.144544	
0.577667	3.276042	3.329434	1.835716	1.406103	0.548668	2.381056	4.752078	5.645320	4.261905	5.441960	5.504250	6.251912	6.168965	6.763457	6.307964	7.904405	8.204713	8.792530	7.994767	8.386069	8.678780	10.170603	8.288647	10.291053	9.152943	11.467605	
0.725131	3.867177	0.694366	1.744457	4.000000	0.262680	2.941068	0.114234	5.302189	4.495208	5.264032	5.578265	5.935708	6.210125	6.557152	8.022895	7.888312	7.904541	8.379778	8.699262	8.638595	8.690736	9.857560	8.348181	10.425538	8.984829	11.228910	
0.695924	2.559171	4.432124	1.101463	1.671250	0.817237	3.577865	4.938590	5.650902	4.740216	5.010518	5.419468	6.813368	6.142412	6.444779	6.674151	7.995796	8.234285	8.622152	7.872709	8.418160	8.613306	10.168606	7.783731	10.502786	8.956042	11.137523	
1.870293	0.241879	3.365387	1.998564	1.149016	5.861786	7.987650	0.112367	0.185804	0.024239	5.608865	6.059621	6.218640	6.380852	7.445005	8.069712	7.782581	8.130679	9.248645	9.678358	9.169859	9.930691	9.882451	11.684317	11.039264	10.312553	11.249877	
0.573058	0.863281	5.802985	0.000000	1.591484	5.989997	1.124173	4.477143	4.142185	4.482219	5.510363	5.567078	5.831834	6.167183	6.804136	6.408151	7.551973	8.353710	8.693694	9.143432	8.358774	8.486312	9.859664	8.024343	10.470429	8.966581	11.172301	
0.505371	4.011765	0.102443	1.997402	4.000000	0.000184	2.097829	0.247878	4.315147	4.738370	5.306266	5.577415	6.381362	6.262040	6.779559	7.942815	7.801798	7.930725	8.209715	7.872788	8.367091	8.601791	10.176828	7.753733	10.321260	9.445480	11.138155	
1.235464	0.290889	5.171378	0.219912	2.503033	5.491166	8.000000	0.000000	0.015548	4.729639	5.458824	5.578963	6.270699	6.112506	6.535617	6.903543	7.585432	8.129214	8.255342	8.790180	8.619171	8.495126	9.873166	11.856932	10.264816	10.358952	11.221768	
0.269032	0.082886	5.992106	0.300216	0.002452	5.384304	7.767037	4.903990	4.672102	4.719300	4.854615	5.639861	6.294657	6.242462	6.889261	8.119826	7.847174	8.146495	8.446341	9.062108	8.483784	8.497706	10.161438	8.348561	11.100311	9.272530	11.742953	
0.699847	3.545318	2.090372	1.913530	2.390185	0.272567	3.334116	4.892601	5.128119	4.719300	4.625449	5.452148	5.905601	6.212120	6.693236	6.793056	7.840701	7.966922	8.438502	8.748656	8.359039	8.496538	11.438487	8.580622	10.545946	9.218318	11.277219	
0.051249	0.028509	6.028033	0.025184	0.007757	5.985683	8.000000	4.471528	4.457399	5.402509	5.474879	5.722103	6.349062	6.467285	6.778071	6.639888	7.850183	8.043015	8.205670	8.658468	8.578440	8.496367	10.159282	8.846557	10.561412	9.527963	11.134720	
1.479785	3.067823	0.125177	1.999975	4.000000	0.030969	7.538374	0.000000	0.086154	4.912243	5.264304	5.685247	6.297902	6.299873	6.564546	8.213071	7.858415	8.121927	8.379498	8.071450	8.624963	8.396347	10.069454	12.481656	10.423023	9.870245	11.328119	
0.847719	3.784002	0.099511	1.997402	3.993486	0.593872	3.189646	0.000000	5.428486	4.749832	5.016187	5.413478	6.268744	6.376066	6.460108	6.660207	7.844270	8.225156	8.623399	8.069110	8.616112	8.396347	10.071256	8.144529	10.502631	9.260352	10.910425	
