0.051439	0.999463	0.967264	0.499995	0.499984	0.500018	0.500006	0.500014	0.500010	0.499987	0.499973	0.500033	0.500033	
0.000000	1.000398	1.000000	0.500005	0.499975	0.499998	0.500003	0.499974	0.499996	0.500015	0.500012	0.500013	0.500009	
0.074043	0.998293	0.952869	0.500017	0.500017	0.499982	0.500002	0.500058	0.500002	0.499981	0.499992	0.499991	0.499978	
0.913878	0.407227	0.266865	0.500004	0.499995	0.500021	0.499971	0.499973	0.499998	0.499991	0.500010	0.500013	0.500009	
0.965519	0.265274	0.170698	0.499996	0.500053	0.500009	0.499999	0.500028	0.500046	0.499994	0.500006	0.499992	0.500024	
0.612922	0.791054	0.580343	0.499995	0.499985	0.500018	0.500006	0.499967	0.500010	0.499987	0.500019	0.500033	0.500015	
1.000363	0.000000	0.000000	0.500006	0.500028	0.500005	0.500002	0.500005	0.499995	0.499976	0.499995	0.499992	0.500017	
0.961930	0.278252	0.179258	0.500016	0.499996	0.500005	0.500013	0.499999	0.499992	0.500040	0.499996	0.499938	0.499971	
0.873282	0.490788	0.325957	0.500018	0.500029	0.500015	0.500008	0.500000	0.499955	0.500044	0.500054	0.499983	0.499986	
0.950099	0.316270	0.204574	0.500002	0.500010	0.500040	0.500038	0.499945	0.500002	0.500022	0.499997	0.500003	0.499983	
0.043982	0.999478	0.972004	0.499990	0.500007	0.500005	0.500010	0.499987	0.500025	0.500014	0.500005	0.499988	0.500029	
0.974741	0.227618	0.146044	0.500017	0.500017	0.499982	0.500002	0.499995	0.500025	0.499947	0.499992	0.499996	0.499978	
0.983736	0.182543	0.116803	0.499994	0.500003	0.499976	0.499989	0.499971	0.500001	0.499968	0.499989	0.500005	0.499998	
0.083969	0.996684	0.946492	0.500003	0.499996	0.499989	0.500004	0.499993	0.500026	0.500009	0.500002	0.499994	0.499991	
0.408055	0.914034	0.732694	0.500002	0.500053	0.499978	0.499995	0.499983	0.499984	0.499977	0.499999	0.499977	0.499995	
0.316234	0.950412	0.795511	0.499991	0.499951	0.500037	0.500013	0.500051	0.499969	0.500010	0.500024	0.499997	0.499997	
0.998636	0.065648	0.041790	0.499996	0.500011	0.500033	0.500006	0.500022	0.499955	0.499994	0.500005	0.500005	0.499986	
0.954507	0.302669	0.195484	0.500005	0.500005	0.499960	0.500007	0.500022	0.499940	0.499979	0.499984	0.500005	0.499982	
0.274593	0.962297	0.823042	0.499993	0.499990	0.499993	0.499987	0.500022	0.500025	0.499985	0.499994	0.499965	0.500024	
0.561213	0.829133	0.621191	0.500000	0.499994	0.500010	0.500025	0.500047	0.499975	0.499976	0.500009	0.499958	0.499988	
0.462352	0.888306	0.694485	0.499976	0.499992	0.499988	0.500008	0.499940	0.499966	0.500010	0.499976	0.499971	0.499991	
0.598339	0.802250	0.592038	0.499985	0.500012	0.499988	0.500042	0.500016	0.499996	0.500030	0.500006	0.499980	0.499988	
0.381985	0.925281	0.750751	0.499992	0.500003	0.499991	0.499968	0.500009	0.499966	0.500045	0.499999	0.500016	0.500024	
0.147156	0.989575	0.906020	0.500002	0.499996	0.500018	0.500002	0.500029	0.500005	0.499983	0.499980	0.500005	0.500020	
0.216593	0.977014	0.861114	0.500011	0.500002	0.499986	0.500003	0.499990	0.499999	0.500032	0.500001	0.500008	0.500047	
0.000000	1.000429	1.000000	0.500006	0.500005	0.500005	0.500011	0.499999	0.499990	0.500006	0.500011	0.499980	0.500036	
0.991451	0.137648	0.087824	0.500017	0.500017	0.499996	0.499991	0.500058	0.500002	0.499979	0.499992	0.500005	0.499982	
0.288479	0.959049	0.813987	0.499992	0.500024	0.499987	0.499960	0.500043	0.500000	0.500015	0.499983	0.500023	0.500047	
0.895119	0.448050	0.295446	0.499955	0.500002	0.500034	0.500013	0.500025	0.500011	0.500018	0.500013	0.499995	0.500021	
0.772262	0.639445	0.440281	0.500042	0.499954	0.499936	0.500006	0.500029	0.500057	0.500028	0.500001	0.499991	0.500023	
0.957562	0.291545	0.188152	0.500000	0.499985	0.499984	0.500030	0.500047	0.499971	0.499993	0.499993	0.499998	0.499983	
0.484722	0.875486	0.678094	0.499995	0.500019	0.500023	0.499995	0.499952	0.500009	0.499993	0.500009	0.499997	0.500012	
0.935463	0.356061	0.231534	0.500002	0.499996	0.499986	0.500015	0.500026	0.500027	0.500016	0.499999	0.499956	0.499974	
0.328581	0.945268	0.787025	0.499999	0.499984	0.500027	0.499987	0.499970	0.500017	0.499989	0.499975	0.500019	0.500018	
0.248905	0.969570	0.840024	0.499999	0.499999	0.500026	0.499987	0.500006	0.500042	0.500017	0.500033	0.500003	0.499967	
0.090441	0.996484	0.942378	0.500026	0.500017	0.500028	0.500010	0.499991	0.500001	0.499976	0.500001	0.499981	0.499992	
0.995413	0.107260	0.068335	0.500010	0.499981	0.499974	0.499955	0.500018	0.499980	0.500031	0.499974	0.499996	0.499980	
0.530775	0.848102	0.644001	0.500006	0.500012	0.500005	0.500015	0.500005	0.500029	0.499976	0.499995	0.500019	0.500017	
0.759803	0.651726	0.451351	0.499996	0.499961	0.499972	0.499971	0.499998	0.499967	0.499987	0.499988	0.499987	0.499981	
0.159390	0.987772	0.898151	0.499995	0.500002	0.499987	0.500015	0.499961	0.500020	0.499993	0.499999	0.500016	0.500012	
0.712690	0.702242	0.495299	0.500008	0.500017	0.500028	0.499976	0.499991	0.500001	0.499976	0.500001	0.499981	0.500000	
0.994630	0.110067	0.070164	0.499979	0.499996	0.499997	0.500019	0.500024	0.499977	0.500027	0.499993	0.499970	0.500000	
0.985911	0.171487	0.109635	0.500002	0.500026	0.499998	0.499990	0.499974	0.500007	0.499989	0.499981	0.499979	0.500034	
0.909351	0.421278	0.276189	0.500073	0.500014	0.499940	0.499987	0.500013	0.500024	0.500017	0.499995	0.500020	0.500017	
0.302787	0.954044	0.804356	0.500040	0.500002	0.500035	0.500027	0.500009	0.500017	0.499986	0.500009	0.499980	0.500013	
0.998321	0.072678	0.046264	0.500023	0.500018	0.499975	0.500005	0.500040	0.499984	0.499985	0.500030	0.499994	0.500020	
0.840194	0.544484	0.366056	0.500025	0.500005	0.500001	0.500046	0.499975	0.499987	0.499983	0.499962	0.500025	0.499986	
0.793933	0.608690	0.416406	0.499995	0.500002	0.499973	0.499993	0.500015	0.500020	0.499977	0.499999	0.499997	0.500012	
0.700800	0.714628	0.506219	0.500044	0.500000	0.500037	0.500023	0.499991	0.499993	0.500002	0.500009	0.499976	0.500002	
0.651120	0.759856	0.548964	0.500015	0.500026	0.500027	0.500023	0.499999	0.499992	0.499988	0.500030	0.499992	0.500008	
0.131361	0.991957	0.916182	0.500014	0.500019	0.499994	0.499972	0.500021	0.499965	0.500000	0.499998	0.500008	0.499997	
1.000256	0.028359	0.018044	0.499994	0.500016	0.499969	0.500000	0.500000	0.499995	0.500009	0.499979	0.499977	0.500032	
0.366642	0.931310	0.761236	0.500021	0.500001	0.500025	0.499986	0.499994	0.499959	0.500016	0.499985	0.500009	0.499969	
0.739008	0.676696	0.471997	0.500002	0.499943	0.499986	0.500040	0.500026	0.499951	0.500010	0.499999	0.499965	0.499974	
0.748901	0.663725	0.461661	0.500021	0.500014	0.500012	0.500022	0.500005	0.500010	0.499963	0.499982	0.500017	0.500010	
0.000000	1.000451	1.000000	0.500032	0.500002	0.500013	0.500015	0.499998	0.500020	0.499993	0.499999	0.500016	0.500012	
1.000066	0.028353	0.018044	0.500005	0.500018	0.499969	0.500000	0.499982	0.499995	0.500009	0.499979	0.499989	0.500009	
0.847162	0.532413	0.357200	0.500023	0.500014	0.499991	0.500009	0.500008	0.499996	0.500023	0.499966	0.499988	0.499992	
0.678096	0.736668	0.526341	0.500003	0.500013	0.499959	0.500003	0.499971	0.499954	0.499968	0.499989	0.500014	0.499985	
0.391215	0.921690	0.744456	0.500024	0.500000	0.499976	0.500056	0.499971	0.500012	0.499996	0.500035	0.500004	0.500004	
0.063555	0.998732	0.959543	0.500012	0.500003	0.499964	0.500010	0.500000	0.500036	0.500008	0.499979	0.499992	0.499981	
0.821301	0.571820	0.387190	0.500008	0.500039	0.499980	0.500025	0.500028	0.500005	0.499992	0.499991	0.500014	0.500010	
0.545150	0.841030	0.633877	0.499954	0.500028	0.500008	0.499985	0.500019	0.499982	0.500055	0.499973	0.499953	0.499960	
0.339748	0.941693	0.779571	0.500025	0.499981	0.500022	0.500038	0.499990	0.500002	0.500019	0.499962	0.500025	0.499986	
0.121442	0.993624	0.922576	0.499979	0.500014	0.500052	0.499987	0.499981	0.500024	0.500003	0.499999	0.500020	0.500017	
0.034518	1.000200	0.978038	0.500015	0.499999	0.499990	0.499987	0.500044	0.500010	0.500018	0.499995	0.500003	0.499967	
0.626911	0.780539	0.569215	0.499964	0.500009	0.499969	0.500000	0.499982	0.500031	0.499982	0.499960	0.499989	0.500009	
0.996703	0.097293	0.061947	0.499972	0.500029	0.499994	0.500012	0.500054	0.500014	0.500019	0.499981	0.499960	0.500005	
0.865539	0.503690	0.335519	0.500020	0.499994	0.500022	0.499965	0.499994	0.500052	0.499980	0.500015	0.500038	0.499985	
0.422256	0.907797	0.722831	0.500001	0.499970	0.499942	0.500025	0.499992	0.499986	0.499998	0.500012	0.500001	0.499973	
0.999935	0.052386	0.033322	0.500004	0.499980	0.500030	0.499987	0.499985	0.500042	0.500008	0.500001	0.499990	0.500055	
0.982176	0.191720	0.122725	0.500000	0.500002	0.500010	0.500015	0.500047	0.499975	0.499993	0.500009	0.499998	0.499983	
0.989736	0.148610	0.094881	0.500028	0.500000	0.499972	0.500008	0.500035	0.499981	0.499982	0.500016	0.499995	0.499982	
0.265071	0.964751	0.829297	0.500010	0.499998	0.499974	0.499995	0.500018	0.499980	0.500019	0.500014	0.499996	0.499980	
0.945539	0.329175	0.213275	0.500034	0.499987	0.500023	0.500019	0.500010	0.500007	0.500032	0.499963	0.499964	0.500005	
0.638875	0.770386	0.559237	0.499997	0.500019	0.499999	0.500024	0.500039	0.500033	0.500009	0.499981	0.500013	0.500001	
0.810518	0.586529	0.398792	0.500006	0.499996	0.500005	0.500011	0.499984	0.499990	0.500005	0.500011	0.499980	0.500036	
0.924777	0.382117	0.249449	0.499996	0.500008	0.499982	0.499982	0.500018	0.500025	0.499980	0.500010	0.500021	0.499978	
0.586672	0.811722	0.601583	0.499974	0.500019	0.499992	0.500046	0.499995	0.499961	0.499993	0.500025	0.499951	0.499998	
0.980767	0.199330	0.127647	0.500041	0.499984	0.500017	0.500011	0.500029	0.500024	0.500009	0.500009	0.499994	0.500012	
0.475952	0.880360	0.684476	0.500036	0.499996	0.500027	0.500001	0.500028	0.500010	0.500017	0.499986	0.499981	0.499987	
0.997784	0.082829	0.052727	0.500033	0.499975	0.499989	0.500022	0.500015	0.499987	0.499972	0.500011	0.500014	0.500049	
0.083970	0.996687	0.946492	0.500005	0.499996	0.499989	0.500004	0.499993	0.500026	0.500009	0.500001	0.499994	0.499991	
0.516807	0.857135	0.654581	0.500044	0.500016	0.499992	0.499992	0.499976	0.500012	0.500000	0.500026	0.500008	0.499973	
0.193963	0.982120	0.875869	0.499990	0.500007	0.500005	0.500010	0.499993	0.500025	0.500014	0.499994	0.500059	0.500029	
0.881922	0.473308	0.313572	0.500042	0.499980	0.500030	0.499987	0.500014	0.500008	0.499988	0.499998	0.500017	0.500025	
0.971574	0.240369	0.154401	0.499974	0.500015	0.499986	0.499986	0.500025	0.500036	0.500007	0.499996	0.500033	0.500009	
0.450579	0.893396	0.702624	0.500017	0.499994	0.500014	0.499987	0.499961	0.500020	0.499993	0.499999	0.500016	0.499991	
0.113385	0.994439	0.927725	0.500011	0.499972	0.499960	0.500021	0.500021	0.500008	0.500017	0.499997	0.499980	0.499982	
0.689091	0.726159	0.516670	0.500032	0.499962	0.500001	0.499992	0.499980	0.499966	0.500005	0.500012	0.500032	0.499986	
1.000584	0.000000	0.000000	0.499996	0.499968	0.500008	0.499987	0.500030	0.500002	0.499993	0.499992	0.499997	0.500026	
0.726395	0.689312	0.483328	0.500004	0.500043	0.499986	0.500025	0.500018	0.500052	0.499999	0.499963	0.499994	0.500000	
0.575602	0.820179	0.610431	0.500046	0.499975	0.500021	0.499971	0.499973	0.499930	0.499991	0.500010	0.500013	0.500009	
0.988657	0.153091	0.097802	0.499969	0.499998	0.499998	0.499999	0.500002	0.499999	0.500008	0.500017	0.499979	0.499979	
0.931070	0.368149	0.239711	0.499956	0.500004	0.500002	0.499960	0.500009	0.500027	0.500002	0.499989	0.500005	0.499959	
0.978028	0.214708	0.137576	0.500009	0.499973	0.500012	0.499988	0.499957	0.499976	0.500002	0.500033	0.499981	0.499958	
0.920251	0.394223	0.257663	0.500025	0.499973	0.499993	0.500023	0.499983	0.500042	0.500013	0.500031	0.500002	0.499975	
0.831746	0.556555	0.375423	0.500005	0.499995	0.500019	0.500001	0.499976	0.500036	0.499999	0.499966	0.499988	0.500020	
1.000529	0.011003	0.007001	0.500006	0.499972	0.500005	0.500002	0.500018	0.500025	0.500016	0.499998	0.499991	0.499970	
0.223586	0.975540	0.856569	0.500028	0.499999	0.499978	0.500000	0.500006	0.499958	0.500029	0.499993	0.499985	0.499991	
0.170805	0.985589	0.890757	0.499994	0.500003	0.499976	0.499989	0.499977	0.500001	0.499994	0.499989	0.500004	0.499998	
0.802886	0.600085	0.408609	0.500061	0.499966	0.499957	0.499979	0.500006	0.499960	0.499963	0.499980	0.500037	0.500006	
0.354084	0.936003	0.769763	0.499966	0.500016	0.499993	0.500029	0.500003	0.499984	0.499973	0.499997	0.499997	0.500021	
0.000000	1.000405	1.000000	0.500002	0.500010	0.500019	0.500010	0.500014	0.500002	0.500022	0.499997	0.499977	0.499983	
0.940904	0.341106	0.221413	0.500023	0.500010	0.499991	0.499986	0.500029	0.500030	0.499993	0.500007	0.500027	0.499973	
0.000000	1.000485	1.000000	0.500005	0.500004	0.500021	0.499973	0.499982	0.500014	0.500009	0.499981	0.500013	0.500009	
0.968599	0.250569	0.161156	0.499994	0.500007	0.500005	0.500010	0.499987	0.500025	0.500014	0.500005	0.499970	0.500019	
1.000321	0.028361	0.018044	0.499994	0.500016	0.499969	0.500000	0.500000	0.499995	0.499980	0.499979	0.499977	0.499968	
0.664708	0.748114	0.537539	0.499989	0.499996	0.500018	0.499987	0.500004	0.499970	0.499968	0.499973	0.500005	0.500024	
0.888577	0.459705	0.303942	0.499979	0.500014	0.499996	0.499985	0.500007	0.500020	0.499978	0.500009	0.500009	0.499983	
0.901508	0.434928	0.286164	0.500029	0.499997	0.500017	0.500013	0.500015	0.499992	0.499976	0.500024	0.499957	0.499986	
0.238106	0.971753	0.847024	0.500005	0.499975	0.499998	0.499971	0.500023	0.499996	0.500009	0.500012	0.500013	0.500009	
0.429484	0.904075	0.717664	0.499986	0.500002	0.499982	0.500007	0.500012	0.499991	0.499997	0.499965	0.499950	0.499994	
0.203271	0.979999	0.869799	0.500038	0.500002	0.499982	0.500007	0.500012	0.500041	0.500019	0.500016	0.500008	0.499994	
0.781132	0.625562	0.429880	0.499995	0.499984	0.500018	0.500006	0.500004	0.500010	0.499987	0.499973	0.500033	0.500033	
1.000515	0.011003	0.007001	0.500006	0.500017	0.500005	0.500002	0.500018	0.500025	0.499976	0.499995	0.499988	0.499970	
0.992269	0.127296	0.081227	0.500003	0.499991	0.499998	0.499994	0.499965	0.499999	0.499991	0.499982	0.499984	0.499997	
0.857196	0.517000	0.345504	0.500023	0.499988	0.499959	0.500008	0.499959	0.500017	0.500004	0.499978	0.499996	0.500020	
0.178379	0.984918	0.885938	0.499998	0.499973	0.500023	0.499978	0.499983	0.499975	0.500037	0.499984	0.499990	0.500020	
0.502363	0.865652	0.665246	0.500000	0.499993	0.499997	0.499987	0.500006	0.499971	0.499981	0.499993	0.500003	0.500054	
