2.196762	0.610754	0.146482	0.099214	0.017262	0.669974	4.334704	4.292994	4.900001	5.601056	6.299908	6.999997	7.700000	8.400000	9.100000	9.800000	10.500009	11.200000	11.900000	12.600000	13.300000	14.000000	14.700000	17.412535	16.100000	16.800000	
1.616132	1.346421	0.242511	0.000000	0.020255	0.290423	4.324645	4.338269	4.899999	5.601044	6.300059	7.000000	7.700000	8.400000	9.100000	9.800000	10.500010	11.200000	11.900000	12.600000	13.300000	14.000000	14.700000	17.411541	16.100000	16.800000	
0.502106	3.619444	0.000000	0.099657	0.000000	0.000000	4.328155	4.327444	4.900002	5.600692	6.300051	7.000000	7.700000	8.400000	9.100000	9.800000	10.500010	11.200000	11.900000	12.600000	13.300000	14.000000	14.700000	17.411975	16.100000	16.800000	
1.603135	1.380846	1.840374	0.000000	0.034600	0.054489	4.326483	4.305421	4.900001	5.600612	6.300067	7.000000	7.700000	8.400000	9.100000	9.800000	10.500008	11.200000	11.900000	12.600000	13.300000	14.000000	14.700000	17.412806	16.100000	16.800000	
1.253726	2.015891	0.000000	0.000000	0.000012	0.290423	4.310985	4.292010	4.899999	5.600672	6.300059	7.000001	7.700000	8.400000	9.100000	9.800000	10.500008	11.200000	11.900000	12.600000	13.300000	14.000000	14.700000	17.413059	16.100000	16.800000	
0.841229	2.804457	0.000000	0.000736	0.002066	0.000000	4.314508	4.306585	4.900000	5.601447	6.300024	7.000000	7.700000	8.400000	9.100000	9.800000	10.500007	11.200000	11.900000	12.600000	13.300000	14.000000	14.700000	17.410992	16.100000	16.800000	
1.628246	1.321571	0.244724	0.000000	0.016215	0.621401	4.332846	4.328418	4.900002	5.600704	6.300007	7.000000	7.700000	8.400000	9.100000	9.800000	10.500008	11.200000	11.900000	12.600000	13.300000	14.000000	14.700000	17.411620	16.100000	16.800000	
0.827700	2.814364	0.000000	0.000001	0.019602	0.000000	4.333180	4.292376	4.900002	5.601008	6.300061	6.999999	7.700000	8.400000	9.100000	9.800000	10.500010	11.200000	11.900000	12.600000	13.300000	14.000000	14.700000	17.412320	16.100000	16.800000	
0.612897	3.361438	0.271165	0.099657	0.000000	0.000000	4.328155	4.327444	4.900000	5.600692	6.300010	6.999997	7.700000	8.400000	9.100000	9.800000	10.500008	11.200000	11.900000	12.600000	13.300000	14.000000	14.700000	17.411975	16.100000	16.800000	
2.068431	0.913124	1.849222	0.000238	0.000754	0.238801	4.334490	4.292040	4.900002	5.600692	6.300018	6.999999	7.700000	8.400000	9.100000	9.800000	10.500010	11.200000	11.900000	12.600000	13.300000	14.000000	14.700000	17.411888	16.100000	16.800000	
1.034490	2.293897	1.838849	0.000249	0.000762	0.000000	4.329716	4.317910	4.900000	5.600692	6.300056	6.999998	7.700000	8.400000	9.100000	9.800000	10.500008	11.200000	11.900000	12.600000	13.300000	14.000000	14.700000	17.412279	16.100000	16.800000	
0.562646	3.561454	0.000000	0.000000	0.000247	0.000000	4.396243	4.328297	4.899999	5.600783	6.300013	7.000000	7.700000	8.400000	9.100000	9.800000	10.500008	11.200000	11.900000	12.600000	13.300000	14.000000	14.700000	17.411838	16.100000	16.800000	
1.493699	1.664185	0.002698	0.000000	0.001129	0.017481	4.329237	4.343797	4.900000	5.600592	6.300048	7.000001	7.700000	8.400000	9.100000	9.800000	10.500008	11.200000	11.900000	12.600000	13.300000	14.000000	14.700000	17.412984	16.100000	16.800000	
1.434331	1.808672	1.855802	0.000000	0.000127	0.000775	4.323270	4.307073	4.900002	5.601447	6.300051	7.000000	7.700000	8.400000	9.100000	9.800000	10.500008	11.200000	11.900000	12.600000	13.300000	14.000000	14.700000	17.412080	16.100000	16.800000	
0.879315	2.775032	0.002698	0.000000	0.000000	0.017057	4.323633	4.291996	4.900001	5.600592	6.299992	6.999997	7.700000	8.400000	9.100000	9.800000	10.500008	11.200000	11.900000	12.600000	13.300000	14.000000	14.700000	17.413778	16.100000	16.800000	
1.146628	2.052693	1.898241	0.009985	0.401424	0.000000	4.310474	4.324875	4.900000	5.600787	6.300053	7.000001	7.700000	8.400000	9.100000	9.800000	10.500008	11.200000	11.900000	12.600000	13.300000	14.000000	14.700000	17.412158	16.100000	16.800000	
0.899883	2.732242	0.099364	0.000000	0.000000	0.032861	4.329194	4.324870	4.900000	5.600598	6.299990	7.000000	7.700000	8.400000	9.100000	9.800000	10.500008	11.200000	11.900000	12.600000	13.300000	14.000000	14.700000	17.411576	16.100000	16.800000	
2.311233	0.447171	0.179582	0.099658	0.419752	7.592785	4.331034	4.326636	4.900002	5.600996	6.300048	6.999999	7.700000	8.400000	9.100000	9.800000	10.500010	11.200000	11.900000	12.600000	13.300000	14.000000	14.700000	17.411296	16.100000	16.800000	
2.134030	0.741550	1.895103	0.000037	0.000818	7.972245	4.323263	4.340490	4.900000	5.600792	6.300001	6.999997	7.700000	8.400000	9.100000	9.800000	10.500009	11.200000	11.900000	12.600000	13.300000	14.000000	14.700000	17.413829	16.100000	16.800000	
0.655681	3.114776	0.000000	0.000000	0.000000	0.000039	4.395930	4.328341	4.899999	5.600772	6.300051	6.999999	7.700000	8.400000	9.100000	9.800000	10.500008	11.200000	11.900000	12.600000	13.300000	14.000000	14.700000	17.411815	16.100000	16.800000	
1.080805	2.160385	0.009079	0.004245	0.037149	0.000000	4.334621	4.327350	4.899999	5.600692	6.300001	7.000000	7.700000	8.400000	9.100000	9.800000	10.500008	11.200000	11.900000	12.600000	13.300000	14.000000	14.700000	17.412279	16.100000	16.800000	
0.600680	3.415158	0.166424	0.014935	0.000000	0.000000	4.311455	4.327328	4.899999	5.600783	6.300011	7.000003	7.700000	8.400000	9.100000	9.800000	10.500008	11.200000	11.900000	12.600000	13.300000	14.000000	14.700000	17.411806	16.100000	16.800000	
2.272454	0.480402	1.895370	0.099175	0.020935	7.591796	4.329600	4.326496	4.900002	5.601012	6.300063	7.000000	7.700000	8.400000	9.100000	9.800000	10.500007	11.200000	11.900000	12.600000	13.300000	14.000000	14.700000	17.412178	16.100000	16.800000	
0.612532	3.364297	0.203474	0.104593	0.000000	0.000000	4.329194	4.324870	4.900000	5.600775	6.300048	7.000001	7.700000	8.400000	9.100000	9.800000	10.500008	11.200000	11.900000	12.600000	13.300000	14.000000	14.700000	17.420966	16.100000	16.800000	
1.730099	1.221236	0.000000	0.000014	0.034450	0.012735	4.317947	4.327055	4.900002	5.600817	6.300057	7.000000	7.700000	8.400000	9.100000	9.800000	10.500007	11.200000	11.900000	12.600000	13.300000	14.000000	14.700000	17.412599	16.100000	16.800000	
2.158708	0.681190	1.898459	0.005017	0.016215	0.364166	4.323100	4.288553	4.900002	5.600825	6.300049	7.000000	7.700000	8.400000	9.100000	9.800000	10.500010	11.200000	11.900000	12.600000	13.300000	14.000000	14.700000	17.412489	16.100000	16.800000	
1.425105	1.842948	0.004823	0.000000	0.020413	0.000039	4.332284	4.340490	4.900002	5.600792	6.300051	6.999998	7.700000	8.400000	9.100000	9.800000	10.500008	11.200000	11.900000	12.600000	13.300000	14.000000	14.700000	17.412257	16.100000	16.800000	
2.170623	0.650426	0.001233	0.004745	0.419752	0.365190	4.324632	4.339812	4.900002	5.600842	6.300043	7.000000	7.700000	8.400000	9.100000	9.800000	10.500008	11.200000	11.900000	12.600000	13.300000	14.000000	14.700000	17.412297	16.100000	16.800000	
1.461376	1.768143	0.237503	0.099176	0.000000	7.591796	4.317524	4.292040	4.900002	5.600692	6.299989	6.999999	7.700000	8.400000	9.100000	9.800000	10.500008	11.200000	11.900000	12.600000	13.300000	14.000000	14.700000	17.411888	16.100000	16.800000	
1.251313	2.016083	1.813476	0.095108	0.000000	0.000095	4.329976	4.339208	4.900002	5.600780	6.300039	7.000000	7.700000	8.400000	9.100000	9.800000	10.500008	11.200000	11.900000	12.600000	13.300000	14.000000	14.700000	17.411494	16.100000	16.800000	
0.417900	4.417900	0.000000	0.000000	0.000000	0.000000	4.311747	4.339208	4.899999	5.600834	6.300025	7.000003	7.700000	8.400000	9.100000	9.800000	10.500007	11.200000	11.900000	12.600000	13.300000	14.000000	14.700000	17.411810	16.100000	16.800000	
1.026035	2.330630	1.830826	0.000035	0.001089	0.000000	4.323280	4.321217	4.899999	5.600859	6.300045	6.999997	7.700000	8.400000	9.100000	9.800000	10.500010	11.200000	11.900000	12.600000	13.300000	14.000000	14.700000	17.412541	16.100000	16.800000	
2.091002	0.840343	0.139377	0.014935	0.037134	0.013532	4.311358	4.306403	4.900001	5.600775	6.300060	7.000000	7.700000	8.400000	9.100000	9.800000	10.500008	11.200000	11.900000	12.600000	13.300000	14.000000	14.700000	17.412130	16.100000	16.800000	
0.687354	2.991837	0.092676	0.000000	0.000048	0.000000	4.341520	4.339111	4.899999	5.600608	6.300052	6.999997	7.700000	8.400000	9.100000	9.800000	10.500008	11.200000	11.900000	12.600000	13.300000	14.000000	14.700000	17.411966	16.100000	16.800000	
1.668875	1.273915	0.004634	0.000000	0.017136	7.611663	4.333839	4.326599	4.900001	5.600800	6.300048	7.000003	7.700000	8.400000	9.100000	9.800000	10.500008	11.200000	11.900000	12.600000	13.300000	14.000000	14.700000	17.412373	16.100000	16.800000	
0.929148	2.662216	0.006594	0.000000	0.000000	0.418214	4.331923	4.342135	4.900000	5.600599	6.300056	7.000000	7.700000	8.400000	9.100000	9.800000	10.500008	11.200000	11.900000	12.600000	13.300000	14.000000	14.700000	17.411563	16.100000	16.800000	
1.359327	1.966353	0.016699	0.014710	0.000000	0.311301	4.311174	4.292508	4.900001	5.600684	6.300010	6.999998	7.700000	8.400000	9.100000	9.800000	10.500008	11.200000	11.900000	12.600000	13.300000	14.000000	14.700000	17.412223	16.100000	16.800000	
1.549540	1.502928	1.830826	0.000000	0.001089	0.055390	4.326485	4.325517	4.899999	5.600859	6.300029	7.000000	7.700000	8.400000	9.100000	9.800000	10.500010	11.200000	11.900000	12.600000	13.300000	14.000000	14.700000	17.412541	16.100000	16.800000	
1.178172	2.028675	0.000000	0.004745	0.000000	7.582269	4.329493	4.342351	4.899999	5.600808	6.300055	7.000001	7.700000	8.400000	9.100000	9.800000	10.500010	11.200000	11.900000	12.600000	13.300000	14.000000	14.700000	17.411559	16.100000	16.800000	
0.942518	2.621938	2.000000	0.004754	0.000000	0.000000	4.352953	4.327319	4.900002	5.600608	6.300001	7.000000	7.700000	8.400000	9.100000	9.800000	10.500009	11.200000	11.900000	12.600000	13.300000	14.000000	14.700000	17.412116	16.100000	16.800000	
0.642078	3.166696	0.262186	0.000000	0.000000	0.000000	4.327153	4.339111	4.900000	5.600589	6.300002	7.000000	7.700000	8.400000	9.100000	9.800000	10.500008	11.200000	11.900000	12.600000	13.300000	14.000000	14.700000	17.412325	16.100000	16.800000	
1.319970	1.995052	0.000000	0.000000	0.001771	0.381676	4.331069	4.334487	4.900002	5.601434	6.300015	7.000000	7.700000	8.400000	9.100000	9.800000	10.500008	11.200000	11.900000	12.600000	13.300000	14.000000	14.700000	17.412547	16.100000	16.800000	
1.206548	2.016705	0.146290	0.000001	0.000000	0.005464	4.331150	4.325865	4.899990	5.600588	6.300048	7.000000	7.700000	8.400000	9.100000	9.800000	10.500008	11.200000	11.900000	12.600000	13.300000	14.000000	14.700000	17.414005	16.100000	16.800000	
0.715717	2.868107	0.003842	0.000000	0.016214	0.000000	4.398531	4.306328	4.900001	5.600834	6.300030	7.000000	7.700000	8.400000	9.100000	9.800000	10.500010	11.200000	11.900000	12.600000	13.300000	14.000000	14.700000	17.412602	16.100000	16.800000	
0.858316	2.800357	0.000000	0.000256	0.013673	0.000000	4.397210	4.326361	4.900000	5.601443	6.300010	7.000001	7.700000	8.400000	9.100000	9.800000	10.500008	11.200000	11.900000	12.600000	13.300000	14.000000	14.700000	17.412152	16.100000	16.800000	
0.706671	2.894433	1.911968	0.000000	0.000477	0.000000	4.335103	4.321663	4.899988	5.600786	6.300048	7.000000	7.700000	8.400000	9.100000	9.800000	10.500010	11.200000	11.900000	12.600000	13.300000	14.000000	14.700000	17.412662	16.100000	16.800000	
2.104049	0.818536	0.146482	0.004727	0.023154	0.052401	4.336756	4.336852	4.900000	5.601009	6.300052	6.999999	7.700000	8.400000	9.100000	9.800000	10.500009	11.200000	11.900000	12.600000	13.300000	14.000000	14.700000	17.411966	16.100000	16.800000	
1.590390	1.405094	1.908038	0.000000	0.000525	0.587889	4.334383	4.322302	4.900000	5.600819	6.300060	7.000003	7.700000	8.400000	9.100000	9.800000	10.500008	11.200000	11.900000	12.600000	13.300000	14.000000	14.700000	17.411805	16.100000	16.800000	
2.077148	0.877390	0.004290	0.004482	0.000516	0.640041	4.334383	4.336852	4.900000	5.600611	6.300028	7.000000	7.700000	8.400000	9.100000	9.800000	10.500008	11.200000	11.900000	12.600000	13.300000	14.000000	14.700000	17.412063	16.100000	16.800000	
1.099663	2.113868	0.000000	0.098989	0.000000	0.031065	4.332088	4.325952	4.900000	5.600596	6.299987	7.000000	7.700000	8.400000	9.100000	9.800000	10.500010	11.200000	11.900000	12.600000	13.300000	14.000000	14.700000	17.412104	16.100000	16.800000	
1.341493	1.978217	0.000000	0.000000	0.015492	0.241849	4.332706	4.292508	4.900000	5.600684	6.300055	7.000000	7.700000	8.400000	9.100000	9.800000	10.500009	11.200000	11.900000	12.600000	13.300000	14.000000	14.700000	17.413033	16.100000	16.800000	
0.494773	3.622559	0.000000	0.014710	0.000000	0.000000	4.328945	4.292508	4.900000	5.600684	6.300055	7.000001	7.700000	8.400000	9.100000	9.800000	10.500010	11.200000	11.900000	12.600000	13.300000	14.000000	14.700000	17.411517	16.100000	16.800000	
0.494700	3.622486	0.000000	0.014710	0.000000	0.000000	4.328945	4.292508	4.900000	5.600684	6.300055	6.999998	7.700000	8.400000	9.100000	9.800000	10.500009	11.200000	11.900000	12.600000	13.300000	14.000000	14.700000	17.413033	16.100000	16.800000	
1.450498	1.784892	0.146482	0.000000	0.000151	0.002635	4.334383	4.336852	4.900001	5.600589	6.300043	7.000001	7.700000	8.400000	9.100000	9.800000	10.500009	11.200000	11.900000	12.600000	13.300000	14.000000	14.700000	17.413979	16.100000	16.800000	
0.738156	2.839303	1.933321	0.000000	0.016214	0.000000	4.398531	4.341560	4.900000	5.600796	6.300030	7.000000	7.700000	8.400000	9.100000	9.800000	10.500010	11.200000	11.900000	12.600000	13.300000	14.000000	14.700000	17.412602	16.100000	16.800000	
1.534313	1.556963	0.060644	0.000000	0.000111	0.257329	4.323366	4.340560	4.900002	5.600804	6.300060	6.999999	7.700000	8.400000	9.100000	9.800000	10.500008	11.200000	11.900000	12.600000	13.300000	14.000000	14.700000	17.411957	16.100000	16.800000	
0.770877	2.820343	1.911968	0.000000	0.401450	0.000000	4.311038	4.326419	4.900000	5.600778	6.300048	7.000001	7.700000	8.400000	9.100000	9.800000	10.500010	11.200000	11.900000	12.600000	13.300000	14.000000	14.700000	17.412662	16.100000	16.800000	
1.047959	2.265105	0.003842	0.000260	0.016214	0.000000	4.335342	4.327413	4.900002	5.600834	6.300030	6.999997	7.700000	8.400000	9.100000	9.800000	10.500010	11.200000	11.900000	12.600000	13.300000	14.000000	14.700000	17.412602	16.100000	16.800000	
0.736743	2.838264	1.838849	0.000000	0.016214	0.000000	4.332265	4.320009	4.900001	5.601521	6.300054	7.000000	7.700000	8.400000	9.100000	9.800000	10.500008	11.200000	11.900000	12.600000	13.300000	14.000000	14.700000	17.412602	16.100000	16.800000	
1.761903	1.217889	0.000000	0.000013	0.002960	0.308485	4.331754	4.340320	4.900001	5.600683	6.300010	6.999998	7.700000	8.400000	9.100000	9.800000	10.500008	11.200000	11.900000	12.600000	13.300000	14.000000	14.700000	17.413007	16.100000	16.800000	
0.445937	4.022737	1.839044	0.000000	0.000000	0.000000	4.331170	4.291873	4.900003	5.601023	6.300032	6.999998	7.700000	8.400000	9.100000	9.800000	10.500008	11.200000	11.900000	12.600000	13.300000	14.000000	14.700000	17.411679	16.100000	16.800000	
1.519770	1.583699	0.146482	0.000000	0.023154	0.002635	4.334383	4.336852	4.900000	5.601009	6.299993	7.000001	7.700000	8.400000	9.100000	9.800000	10.500007	11.200000	11.900000	12.600000	13.300000	14.000000	14.700000	17.411966	16.100000	16.800000	
1.411161	1.876910	1.893046	0.000000	0.000811	0.000039	4.317420	4.338569	4.899999	5.600713	6.300014	6.999999	7.700000	8.400000	9.100000	9.800000	10.500008	11.200000	11.900000	12.600000	13.300000	14.000000	14.700000	17.412249	16.100000	16.800000	
1.574775	1.432904	0.139390	0.000000	0.000516	0.640041	4.334383	4.335981	4.900001	5.600611	6.300028	7.000000	7.700000	8.400000	9.100000	9.800000	10.500009	11.200000	11.900000	12.600000	13.300000	14.000000	14.700000	17.413982	16.100000	16.800000	
2.028157	1.005346	1.907250	0.000273	0.003024	0.014560	4.331275	4.338576	4.900001	5.600795	6.300060	6.999997	7.700000	8.400000	9.100000	9.800000	10.500008	11.200000	11.900000	12.600000	13.300000	14.000000	14.700000	17.412742	16.100000	16.800000	
0.686102	2.990585	0.092676	0.000000	0.000048	0.000000	4.341520	4.339111	4.900001	5.600608	6.300058	6.999997	7.700000	8.400000	9.100000	9.800000	10.500008	11.200000	11.900000	12.600000	13.300000	14.000000	14.700000	17.412105	16.100000	16.800000	
0.441378	4.052150	0.236617	0.000000	0.000000	0.000000	4.311747	4.333263	4.899999	5.600591	6.300025	7.000003	7.700000	8.400000	9.100000	9.800000	10.500010	11.200000	11.900000	12.600000	13.300000	14.000000	14.700000	17.411810	16.100000	16.800000	
2.147866	0.710830	0.091922	0.010229	0.016216	0.343261	4.332837	4.326826	4.900000	5.600773	6.300008	6.999997	7.700000	8.400000	9.100000	9.800000	10.500008	11.200000	11.900000	12.600000	13.300000	14.000000	14.700000	17.411010	16.100000	16.800000	
0.475281	3.669805	0.000000	0.000012	0.000000	0.000000	4.331069	4.325796	4.900002	5.600985	6.300057	7.000000	7.700000	8.400000	9.100000	9.800000	10.500010	11.200000	11.900000	12.600000	13.300000	14.000000	14.700000	17.412291	16.100000	16.800000	
1.373793	1.937360	0.000000	0.000000	0.037282	0.638904	4.334260	4.293676	4.900001	5.601434	6.299906	7.000000	7.700000	8.400000	9.100000	9.800000	10.500009	11.200000	11.900000	12.600000	13.300000	14.000000	14.700000	17.412547	16.100000	16.800000	
2.207800	0.574678	0.084154	0.004745	0.419752	0.621362	4.324632	4.324514	4.900000	5.600842	6.300043	7.000000	7.700000	8.400000	9.100000	9.800000	10.500008	11.200000	11.900000	12.600000	13.300000	14.000000	14.700000	17.411640	16.100000	16.800000	
0.674122	3.217312	0.092676	0.000000	0.000000	0.000000	4.332088	4.339111	4.900000	5.600589	6.300052	6.999997	7.700000	8.400000	9.100000	9.800000	10.500008	11.200000	11.900000	12.600000	13.300000	14.000000	14.700000	17.411966	16.100000	16.800000	
0.628677	3.230836	2.000000	0.000000	0.000000	0.000000	4.352953	4.302153	4.900002	5.600608	6.300001	7.000000	7.700000	8.400000	9.100000	9.800000	10.500007	11.200000	11.900000	12.600000	13.300000	14.000000	14.700000	17.412116	16.100000	16.800000	
0.438786	4.064058	0.095515	0.000000	0.000000	0.000000	4.401853	4.342135	4.900000	5.600828	6.300031	7.000000	7.700000	8.400000	9.100000	9.800000	10.500010	11.200000	11.900000	12.600000	13.300000	14.000000	14.700000	17.413640	16.100000	16.800000	
1.873966	1.206708	1.849256	0.000013	0.000000	0.240407	4.333299	4.340490	4.900000	5.600896	6.300015	7.000004	7.700000	8.400000	9.100000	9.800000	10.500009	11.200000	11.900000	12.600000	13.300000	14.000000	14.700000	17.411155	16.100000	16.800000	
1.945359	1.145334	0.004290	0.004482	0.000261	0.002635	4.334383	4.336852	4.900000	5.600611	6.299991	7.000000	7.700000	8.400000	9.100000	9.800000	10.500008	11.200000	11.900000	12.600000	13.300000	14.000000	14.700000	17.412063	16.100000	16.800000	
0.762742	2.825542	0.099854	0.000000	0.420563	0.000000	4.328338	4.327444	4.900002	5.600906	6.300011	7.000000	7.700000	8.400000	9.100000	9.800000	10.500010	11.200000	11.900000	12.600000	13.300000	14.000000	14.700000	17.411507	16.100000	16.800000	
1.021337	2.374132	0.092676	0.004721	0.000048	0.000000	4.341520	4.339111	4.899999	5.600906	6.300052	7.000004	7.700000	8.400000	9.100000	9.800000	10.500010	11.200000	11.900000	12.600000	13.300000	14.000000	14.700000	17.411966	16.100000	16.800000	
0.492722	3.620415	0.000000	0.014935	0.000000	0.000000	4.311358	4.341941	4.900002	5.600834	6.300031	7.000000	7.700000	8.400000	9.100000	9.800000	10.500008	11.200000	11.900000	12.600000	13.300000	14.000000	14.700000	17.412585	16.100000	16.800000	
1.382076	1.927043	0.166424	0.004959	0.000000	1.019592	4.334457	4.337687	4.899999	5.600611	6.300011	7.000003	7.700000	8.400000	9.100000	9.800000	10.500009	11.200000	11.900000	12.600000	13.300000	14.000000	14.700000	17.411806	16.100000	16.800000	
0.915454	2.702244	0.000000	0.004745	0.419752	0.000000	4.328593	4.339812	4.900002	5.600842	6.300054	7.000001	7.700000	8.400000	9.100000	9.800000	10.500008	11.200000	11.900000	12.600000	13.300000	14.000000	14.700000	17.411559	16.100000	16.800000	
1.697563	1.248418	0.099364	0.000000	0.032728	8.000000	4.337625	4.340672	4.899999	5.600954	6.300025	7.000003	7.700000	8.400000	9.100000	9.800000	10.500008	11.200000	11.900000	12.600000	13.300000	14.000000	14.700000	17.410959	16.100000	16.800000	
1.489575	1.678717	0.066616	0.000000	0.016216	0.000775	4.334939	4.341884	4.900000	5.601447	6.300060	7.000003	7.700000	8.400000	9.100000	9.800000	10.500008	11.200000	11.900000	12.600000	13.300000	14.000000	14.700000	17.410921	16.100000	16.800000	
2.229702	0.544867	1.995012	0.000013	0.400346	7.611663	4.333839	4.341064	4.900002	5.600816	6.300053	7.000003	7.700000	8.400000	9.100000	9.800000	10.500007	11.200000	11.900000	12.600000	13.300000	14.000000	14.700000	17.412607	16.100000	16.800000	
0.959787	2.566976	1.938746	0.000000	0.000000	0.671006	4.323108	4.305977	4.900000	5.600799	6.300054	7.000000	7.700000	8.400000	9.100000	9.800000	10.500008	11.200000	11.900000	12.600000	13.300000	14.000000	14.700000	17.412106	16.100000	16.800000	
1.014471	2.383572	0.000000	0.095108	0.000000	0.000095	4.329976	4.339208	4.900002	5.600834	6.300056	7.000001	7.700000	8.400000	9.100000	9.800000	10.500010	11.200000	11.900000	12.600000	13.300000	14.000000	14.700000	17.411494	16.100000	16.800000	
1.059078	2.230130	0.096505	0.000256	0.013673	0.000000	4.330465	4.326361	4.900000	5.600705	6.300048	7.000001	7.700000	8.400000	9.100000	9.800000	10.500008	11.200000	11.900000	12.600000	13.300000	14.000000	14.700000	17.412152	16.100000	16.800000	
0.976585	2.503590	0.000251	0.004733	0.000011	0.000000	4.329548	4.327563	4.899999	5.600904	6.300015	7.000001	7.700000	8.400000	9.100000	9.800000	10.500010	11.200000	11.900000	12.600000	13.300000	14.000000	14.700000	17.412167	16.100000	16.800000	
1.970566	1.117431	1.849256	0.100091	0.000963	0.000095	4.334456	4.336778	4.900000	5.600792	6.300055	7.000004	7.700000	8.400000	9.100000	9.800000	10.500010	11.200000	11.900000	12.600000	13.300000	14.000000	14.700000	17.411521	16.100000	16.800000	
0.989652	2.468298	0.095715	0.000000	0.000000	7.582269	4.329076	4.325746	4.900000	5.600828	6.300056	7.000003	7.700000	8.400000	9.100000	9.800000	10.500007	11.200000	11.900000	12.600000	13.300000	14.000000	14.700000	17.411526	16.100000	16.800000	
2.004018	1.051071	0.003842	0.000013	0.016214	0.031070	4.334383	4.339541	4.900000	5.600611	6.299991	7.000000	7.700000	8.400000	9.100000	9.800000	10.500010	11.200000	11.900000	12.600000	13.300000	14.000000	14.700000	17.412063	16.100000	16.800000	
0.995198	2.454797	0.004823	0.000013	0.000913	0.000000	4.397385	4.340490	4.899999	5.600792	6.300053	7.000001	7.700000	8.400000	9.100000	9.800000	10.500010	11.200000	11.900000	12.600000	13.300000	14.000000	14.700000	17.412257	16.100000	16.800000	
2.118573	0.784327	1.898459	0.005754	0.016215	0.057092	4.325258	4.288553	4.900002	5.600825	6.300049	7.000000	7.700000	8.400000	9.100000	9.800000	10.500008	11.200000	11.900000	12.600000	13.300000	14.000000	14.700000	17.411541	16.100000	16.800000	
2.050188	0.940998	0.139377	0.014935	0.003178	0.013532	4.311358	4.306403	4.900003	5.600775	6.300010	7.000000	7.700000	8.400000	9.100000	9.800000	10.500008	11.200000	11.900000	12.600000	13.300000	14.000000	14.700000	17.412130	16.100000	16.800000	
1.819639	1.213962	0.000000	0.095171	0.034450	0.012735	4.317947	4.327055	4.900000	5.600829	6.300057	7.000000	7.700000	8.400000	9.100000	9.800000	10.500008	11.200000	11.900000	12.600000	13.300000	14.000000	14.700000	17.412083	16.100000	16.800000	
0.499862	3.616967	0.000000	0.104593	0.000000	0.000000	4.329194	4.324870	4.900000	5.600775	6.300010	7.000000	7.700000	8.400000	9.100000	9.800000	10.500008	11.200000	11.900000	12.600000	13.300000	14.000000	14.700000	17.420966	16.100000	16.800000	
0.770935	2.820434	1.898241	0.000000	0.401424	0.000000	4.314848	4.324870	4.900000	5.600775	6.300053	7.000001	7.700000	8.400000	9.100000	9.800000	10.500008	11.200000	11.900000	12.600000	13.300000	14.000000	14.700000	17.412156	16.100000	16.800000	
0.892568	2.744797	0.099364	0.000000	0.000000	0.020911	4.398433	4.324870	4.899999	5.600786	6.299990	7.000000	7.700000	8.400000	9.100000	9.800000	10.500008	11.200000	11.900000	12.600000	13.300000	14.000000	14.700000	17.412591	16.100000	16.800000	
1.926757	1.174724	0.000000	0.004961	0.018464	7.611663	4.337740	4.291759	4.900000	5.600910	6.300056	6.999998	7.700000	8.400000	9.100000	9.800000	10.500010	11.200000	11.900000	12.600000	13.300000	14.000000	14.700000	17.411652	16.100000	16.800000	
1.565041	1.474122	0.068031	0.000000	0.000960	0.257329	4.334456	4.340585	4.900002	5.600792	6.300015	7.000004	7.700000	8.400000	9.100000	9.800000	10.500008	11.200000	11.900000	12.600000	13.300000	14.000000	14.700000	17.411155	16.100000	16.800000	
1.649089	1.297659	0.295416	0.000000	0.001129	7.557766	4.329237	4.336433	4.900000	5.600592	6.300048	7.000001	7.700000	8.400000	9.100000	9.800000	10.500008	11.200000	11.900000	12.600000	13.300000	14.000000	14.700000	17.412984	16.100000	16.800000	
1.119152	2.077765	0.181506	0.099657	0.037149	0.000000	4.329716	4.327350	4.900002	5.600692	6.300001	7.000000	7.700000	8.400000	9.100000	9.800000	10.500008	11.200000	11.900000	12.600000	13.300000	14.000000	14.700000	17.412279	16.100000	16.800000	
2.325293	0.438052	1.895370	0.099176	0.419752	7.591796	4.317524	4.292040	4.900002	5.600692	6.300002	6.999999	7.700000	8.400000	9.100000	9.800000	10.500007	11.200000	11.900000	12.600000	13.300000	14.000000	14.700000	17.411888	16.100000	16.800000	
0.418928	4.418928	0.000000	0.000000	0.000000	0.000000	4.396243	4.323356	4.899999	5.600783	6.300053	7.000003	7.700000	8.400000	9.100000	9.800000	10.500008	11.200000	11.900000	12.600000	13.300000	14.000000	14.700000	17.411528	16.100000	16.800000	
1.995053	1.083056	0.058552	0.000224	0.000818	0.019781	4.323263	4.340490	4.900001	5.600792	6.300053	6.999997	7.700000	8.400000	9.100000	9.800000	10.500009	11.200000	11.900000	12.600000	13.300000	14.000000	14.700000	17.413829	16.100000	16.800000	
1.537593	1.529645	0.002698	0.000000	0.037983	0.013532	4.332159	4.308169	4.900001	5.600592	6.300059	7.000000	7.700000	8.400000	9.100000	9.800000	10.500008	11.200000	11.900000	12.600000	13.300000	14.000000	14.700000	17.412078	16.100000	16.800000	
1.092133	2.143030	0.000000	0.004977	0.000000	0.069911	4.332846	4.327184	4.899999	5.600861	6.300051	6.999999	7.700000	8.400000	9.100000	9.800000	10.500009	11.200000	11.900000	12.600000	13.300000	14.000000	14.700000	17.412557	16.100000	16.800000	
1.505564	1.627575	0.002698	0.000000	0.001129	0.032899	4.332159	4.291996	4.900000	5.600592	6.299992	6.999998	7.700000	8.400000	9.100000	9.800000	10.500008	11.200000	11.900000	12.600000	13.300000	14.000000	14.700000	17.411596	16.100000	16.800000	
2.039664	0.972649	0.179582	0.099658	0.016216	0.000728	4.328378	4.328418	4.900000	5.600996	6.300048	7.000000	7.700000	8.400000	9.100000	9.800000	10.500010	11.200000	11.900000	12.600000	13.300000	14.000000	14.700000	17.412310	16.100000	16.800000	
0.697286	2.926747	0.005730	0.000000	0.001122	0.000000	4.328515	4.291996	4.900000	5.600601	6.300056	6.999998	7.700000	8.400000	9.100000	9.800000	10.500008	11.200000	11.900000	12.600000	13.300000	14.000000	14.700000	17.412099	16.100000	16.800000	
1.173530	2.033463	0.004638	0.000237	0.000000	0.000093	4.338087	4.321693	4.900001	5.600752	6.300014	7.000003	7.700000	8.400000	9.100000	9.800000	10.500009	11.200000	11.900000	12.600000	13.300000	14.000000	14.700000	17.412624	16.100000	16.800000	
1.068286	2.197025	1.838849	0.014710	0.000762	0.000000	4.332159	4.317910	4.900000	5.601484	6.300056	6.999998	7.700000	8.400000	9.100000	9.800000	10.500008	11.200000	11.900000	12.600000	13.300000	14.000000	14.700000	17.412279	16.100000	16.800000	
0.952154	2.602211	0.244724	0.000000	0.000000	0.621401	4.332846	4.338263	4.900000	5.600861	6.300051	6.999997	7.700000	8.400000	9.100000	9.800000	10.500010	11.200000	11.900000	12.600000	13.300000	14.000000	14.700000	17.411620	16.100000	16.800000	
1.136025	2.061851	0.000000	0.010711	0.000000	0.621401	4.332846	4.324868	4.900000	5.600861	6.300051	6.999997	7.700000	8.400000	9.100000	9.800000	10.500009	11.200000	11.900000	12.600000	13.300000	14.000000	14.700000	17.411620	16.100000	16.800000	
1.242523	2.017984	0.000000	0.000000	0.019602	0.000775	4.333180	4.292376	4.900002	5.601008	6.300056	6.999999	7.700000	8.400000	9.100000	9.800000	10.500010	11.200000	11.900000	12.600000	13.300000	14.000000	14.700000	17.412320	16.100000	16.800000	
1.469504	1.713914	1.938557	0.000000	0.001704	0.000775	4.325358	4.302248	4.900002	5.601447	6.300024	7.000000	7.700000	8.400000	9.100000	9.800000	10.500007	11.200000	11.900000	12.600000	13.300000	14.000000	14.700000	17.410992	16.100000	16.800000	
0.586869	3.454464	0.000000	0.000000	0.017989	0.000000	4.333882	4.320595	4.900000	5.600792	6.300044	7.000000	7.700000	8.400000	9.100000	9.800000	10.500008	11.200000	11.900000	12.600000	13.300000	14.000000	14.700000	17.412227	16.100000	16.800000	
0.804230	2.816379	0.000000	0.000001	0.001874	0.000000	4.333180	4.292376	4.900002	5.601008	6.300061	6.999999	7.700000	8.400000	9.100000	9.800000	10.500010	11.200000	11.900000	12.600000	13.300000	14.000000	14.700000	17.412320	16.100000	16.800000	
2.252538	0.497051	0.271165	0.099657	0.016161	7.591796	4.328155	4.327444	4.900002	5.600692	6.300002	7.000000	7.700000	8.400000	9.100000	9.800000	10.500008	11.200000	11.900000	12.600000	13.300000	14.000000	14.700000	17.412237	16.100000	16.800000	
0.571512	3.514382	0.000000	0.000000	0.002066	0.000000	4.314508	4.306585	4.900000	5.601447	6.300024	7.000000	7.700000	8.400000	9.100000	9.800000	10.500007	11.200000	11.900000	12.600000	13.300000	14.000000	14.700000	17.410992	16.100000	16.800000	
