1.228337	3.164938	0.859991	1.353670	5.819638	7.923188	3.499497	4.723928	5.208917	5.938536	6.306337	7.005764	9.092005	8.391515	10.215281	10.400238	10.488706	11.904464	11.900172	12.597656	14.130580	15.710162	14.696308	19.147737	17.103004	19.900165	
0.009354	4.003475	0.742218	1.353670	2.227238	2.808909	3.502911	4.723027	5.204666	5.942055	6.306447	7.006079	9.114106	8.385255	10.213039	10.401653	10.491962	11.905791	11.899319	12.630785	14.136338	15.709829	14.236655	19.157900	17.097460	19.891734	
1.760430	1.911113	2.000000	0.077094	2.014936	7.791325	3.499844	4.711737	5.195709	5.931141	6.306556	7.005494	9.108045	8.396859	10.219481	10.398362	10.492035	11.879401	11.898511	12.599869	14.124242	15.708710	14.216604	19.154679	17.100426	19.898554	
1.498491	2.659168	0.985925	0.000000	2.034852	8.000000	3.499733	4.705301	4.899138	5.937390	6.306161	7.005413	9.089705	8.391429	10.219000	10.397294	10.487728	11.906221	11.899529	12.601960	14.131531	15.709917	14.682071	19.154814	17.048661	19.855996	
0.638210	3.795607	0.782387	1.353670	5.819638	2.630868	3.500363	4.706770	5.191858	5.938536	6.306337	7.003868	9.090068	8.395190	10.213922	10.400238	10.491143	11.904464	11.901005	12.623891	14.112496	15.710162	14.705014	19.156557	17.099883	19.863940	
1.176524	3.242332	0.929770	0.340864	1.815202	7.800118	3.502981	4.710460	5.199588	5.936920	6.306838	7.003511	9.114797	8.393170	10.219604	10.402326	10.543610	11.881598	11.897759	12.599823	14.133526	15.708850	14.215427	19.119550	17.095259	19.863985	
2.000443	0.195036	2.000000	0.011756	5.986999	8.000000	3.499190	4.711425	5.198110	5.940973	6.310794	7.005185	9.107949	8.393664	10.214327	10.399351	10.493083	10.838046	11.898584	12.619526	14.111511	15.706718	14.230549	19.150605	17.048461	19.868997	
1.696682	2.129412	1.996938	1.353670	5.819638	7.923188	3.500363	4.706785	5.198499	5.938536	6.306337	7.006019	9.108907	8.398521	10.218891	10.399709	10.488706	11.904464	11.900172	12.596596	14.112496	15.710162	14.705014	19.155213	17.103004	19.900165	
1.280820	3.080092	0.742218	1.353670	5.590947	7.986502	3.502911	4.705037	5.208253	5.942055	6.306447	7.006460	9.114106	8.395976	10.214979	10.398683	10.481829	11.883142	11.899475	12.598291	14.117348	15.706655	14.684610	19.150070	17.099818	19.891124	
1.998271	0.273469	1.946137	0.003613	6.000000	8.000000	3.498114	4.704584	5.191319	5.940767	6.306403	7.005738	9.113876	8.394222	10.219679	10.401245	10.488824	10.839111	11.898889	12.600959	14.128504	15.710372	14.708537	19.154997	17.099278	19.894232	
1.989152	0.469802	1.979594	0.053722	6.000000	8.000000	3.499814	4.721378	4.899362	5.951706	6.306457	7.003462	9.117355	8.393055	10.214411	10.397613	10.493083	11.874756	11.898949	12.619526	14.111511	15.706980	14.710283	19.157846	17.052805	19.856868	
1.583989	2.452692	0.806816	0.001754	6.000000	2.560426	3.503406	4.704641	5.205516	5.934966	6.306500	7.005611	9.092492	8.420390	10.217573	10.401335	10.488572	11.874044	11.899484	12.597740	14.125780	15.711748	14.215893	19.150226	17.089880	19.858187	
1.931139	1.064039	2.000000	0.402643	5.831729	7.986621	3.499371	4.706189	5.196297	5.941063	6.306237	7.003843	9.112785	8.391268	10.214549	10.400363	10.488585	11.876929	11.897598	12.627390	14.126245	15.706624	14.707075	19.154527	17.104919	19.866324	
1.980794	0.597781	2.000000	0.367421	6.000000	8.000000	3.500281	4.707062	5.198338	5.940195	6.307342	7.013601	9.115898	8.395693	10.208984	10.399532	10.486402	11.903841	11.899684	12.601883	14.111930	15.708292	14.207072	19.155680	17.047973	19.831014	
0.283876	3.963663	0.859991	1.487810	2.250565	4.072107	3.503369	4.723928	5.195118	5.941861	6.306337	7.005553	9.108492	8.391695	10.212701	10.424027	10.488706	11.856604	11.900172	12.602377	14.130580	15.706558	14.708078	19.150357	17.103004	19.897460	
1.995409	0.346494	2.000000	0.000000	5.646262	8.000000	3.503600	4.720081	5.195695	5.936549	6.306954	7.003873	9.112748	8.395260	10.213831	10.401271	10.488046	11.874519	11.897697	12.598732	14.127631	15.706682	14.215820	19.155052	17.099314	19.857611	
1.149070	3.281541	0.929770	0.340864	2.030423	7.800118	3.503276	4.720058	5.191148	5.936920	6.306838	7.003511	9.109933	8.395664	10.211792	10.404137	10.543610	11.883948	11.897759	12.598862	14.130868	15.708850	14.215427	19.119550	17.096793	19.863985	
1.969240	0.732026	1.938726	0.074423	6.000000	8.000000	3.503079	4.707159	5.198338	5.940217	6.307334	7.006050	9.118020	8.397225	10.213727	10.399532	10.493181	11.903841	11.899566	12.601828	14.111930	15.706730	14.710448	19.155291	17.102893	19.900871	
0.536836	3.858055	0.695951	0.349017	2.085981	3.960546	3.499738	4.711901	5.205084	5.937257	6.304124	7.005541	9.107784	8.421286	10.218346	10.397109	10.490678	11.916415	11.900969	12.628527	14.111412	15.706477	14.705774	19.155182	17.100686	19.830905	
0.134455	3.994945	0.795942	1.560536	2.043671	2.808943	3.502704	4.706886	5.197327	5.931245	6.306531	7.006000	9.106411	8.385241	10.219606	10.398940	10.488984	11.830419	11.899032	12.630925	14.124222	15.709713	14.719776	19.157618	17.098049	19.862474	
1.254490	3.123364	0.773047	0.076707	2.100391	7.891106	3.499712	4.705390	5.194818	5.935722	6.306176	7.005604	9.115351	8.420324	10.213830	10.400389	10.488554	11.899566	11.899334	12.598042	14.133720	15.707800	14.677926	19.149927	17.091793	19.898142	
0.562046	3.843924	0.683044	0.561104	2.222294	4.250451	3.502887	4.712355	5.204451	5.940919	6.306202	7.005828	9.113775	8.420425	10.213725	10.398365	10.485228	11.848295	11.891405	12.630734	14.119689	15.708340	14.705661	19.149776	17.097776	19.900379	
1.872656	1.422547	2.000000	0.000000	2.014936	7.997713	3.499795	4.720670	5.195709	5.937192	6.306556	7.005667	9.112866	8.393566	10.214406	10.398362	10.487900	11.879401	11.899033	12.600868	14.114196	15.706432	14.216604	19.154679	17.053366	19.898554	
0.822889	3.651687	1.977662	1.374899	2.092776	2.844359	3.499806	4.711949	5.195301	5.931020	6.303984	7.005474	9.107539	8.422540	10.219679	10.398983	10.491862	11.882642	11.898714	12.623805	14.124896	15.708889	14.744668	19.151773	17.100293	19.903489	
1.924744	1.111036	1.798262	0.000000	6.000000	6.936195	3.503086	4.711589	5.205420	5.939440	6.304208	7.005646	9.092065	8.393582	10.219155	10.401993	10.490048	11.861886	11.898598	12.598393	14.129714	15.741526	14.705021	19.150152	17.049403	19.867919	
1.429006	2.807827	0.756646	0.053722	2.232039	8.000000	3.503407	4.721378	5.205084	5.951706	6.306425	7.005376	9.117355	8.393055	10.210879	10.396092	10.490678	11.874756	11.897872	12.596043	14.126812	15.716161	14.208593	19.155996	17.088190	19.901123	
0.097528	3.998242	0.782387	1.353082	1.841489	2.434515	3.499735	4.706536	5.204029	5.938607	6.306954	7.003722	9.107376	8.395269	10.219986	10.401445	10.488652	10.841270	11.898941	12.600799	14.123823	15.710564	14.708073	19.145102	17.102238	19.885894	
1.803525	1.744881	2.000000	1.424803	5.638591	7.968639	3.503132	4.724065	5.202825	5.938155	6.304567	7.005500	9.107512	8.390430	10.218810	10.400363	10.496507	11.903393	11.899125	12.598368	14.135330	15.708491	14.683991	19.144141	17.090753	19.897548	
1.851773	1.528956	2.000000	0.001754	2.236127	8.000000	3.499787	4.711637	5.205574	5.936430	6.306227	7.005587	9.114923	8.396649	10.219128	10.402521	10.491914	11.851581	11.898441	12.599811	14.072049	15.706631	14.704200	19.156984	17.092598	19.830590	
0.930689	3.546696	0.925718	0.046634	1.841489	4.160887	3.499531	4.711461	5.205569	5.941093	6.306022	7.005320	9.106806	8.421293	10.219986	10.400317	10.488461	11.911780	11.898941	12.598952	14.124983	15.708114	14.727995	19.145771	17.095362	19.885894	
1.624072	2.345893	1.958102	0.401558	5.847074	3.969198	3.500401	4.704446	5.206377	5.935349	6.306380	7.005738	9.092434	8.393192	10.187577	10.401277	10.490878	11.902616	11.898949	12.601974	14.124928	15.708312	14.712839	19.152197	17.050394	19.889957	
1.977057	0.642235	2.000000	0.024315	5.824412	8.000000	3.499814	4.706528	5.198110	5.951706	6.310794	7.005199	9.117123	8.397052	10.219564	10.397613	10.493083	11.874756	11.902077	12.598738	14.111511	15.706718	14.215387	19.157846	17.053810	19.856868	
1.543046	2.555073	0.994704	0.001754	2.811383	8.000000	3.499639	4.711637	5.195261	5.941566	6.306336	7.003624	9.114923	8.391679	10.212392	10.400090	10.490746	11.880090	11.900969	12.599811	14.127574	15.710394	14.190657	19.151108	17.093162	19.900520	
1.882330	1.370312	2.000000	1.425978	6.000000	8.000000	3.503600	4.705914	5.191117	5.940763	6.306954	7.003873	9.109375	8.393128	10.212634	10.401271	10.492580	10.840325	11.897697	12.600123	14.127631	15.715110	14.215820	19.150743	17.092817	19.904471	
1.944274	0.963812	1.938601	0.367421	6.000000	8.000000	3.500281	4.706884	5.198338	5.938384	6.307342	7.006050	9.118020	8.397225	10.214459	10.399532	10.492594	11.903841	11.898981	12.598174	14.111930	15.706730	14.732347	19.155291	17.100675	19.900871	
1.331221	2.993200	0.925718	0.234002	1.841489	7.660983	3.500278	4.706536	5.204029	5.941093	6.306954	7.003722	9.112748	8.391191	10.219986	10.401445	10.488652	11.862103	11.898941	12.600799	14.132935	15.708114	14.708073	19.155052	17.102238	19.885894	
1.937751	1.016131	1.937435	0.024315	5.824412	8.000000	3.500661	4.711063	5.198110	5.951706	6.306198	7.003462	9.113315	8.395830	10.222207	10.397613	10.493083	11.917835	11.899192	12.619526	14.111511	15.708642	14.230549	19.152228	17.088000	19.856868	
1.380809	2.902390	0.859991	1.487810	5.721614	8.000000	3.503369	4.706140	5.195232	5.938125	6.304569	7.005553	9.109798	8.396754	10.213770	10.424027	10.484743	11.880238	11.898423	12.602377	14.134431	15.714976	14.708078	19.150357	17.093039	19.901917	
1.094440	3.355292	0.805938	0.000000	2.259432	4.072947	3.498407	4.721332	5.204300	5.940305	6.306454	7.012868	9.109693	8.391587	10.212671	10.398897	10.482329	11.902940	11.899002	12.620455	14.128531	15.715132	14.213311	19.155232	17.093412	19.867344	
1.405889	2.854359	1.960039	1.263977	5.872150	3.100397	3.500041	4.705444	5.204692	5.941831	6.304150	7.004839	9.121637	8.420794	10.211464	10.400249	10.493520	10.841011	11.892808	12.601578	14.061243	15.708147	14.683674	19.145547	17.089513	19.870967	
1.983858	0.552701	1.996698	0.058752	6.000000	7.475034	3.500432	4.706189	5.203972	5.941016	6.307074	7.005381	9.107898	8.391268	10.211736	10.395895	10.496519	11.903368	11.898588	12.627390	14.125422	15.710812	14.707075	19.153919	17.104919	19.885894	
0.027613	4.002492	0.743702	1.351873	2.213814	2.613817	3.498296	4.708988	4.910394	5.936378	6.306138	7.003343	9.107913	8.394298	10.212629	10.404384	10.491085	11.882726	11.892318	12.602035	14.128184	15.717564	14.215780	19.151097	17.095636	19.897677	
0.416704	3.916547	0.785412	1.424804	2.442331	1.659400	3.499599	4.708294	5.191610	5.936631	6.306535	7.003423	9.108760	8.395446	10.211889	10.404363	10.488183	11.882441	11.900941	12.597830	14.134178	15.710286	14.188967	19.154883	17.102287	19.863732	
2.002439	0.086237	1.993098	0.001754	6.000000	7.999331	3.500364	4.711637	5.192395	5.940203	6.306365	7.005413	9.112578	8.419531	10.212330	10.398442	10.493696	11.851496	11.898644	12.601939	14.127574	15.708313	14.708700	19.145571	17.093162	19.835468	
1.012709	3.455622	0.820473	0.561673	2.083485	7.891106	3.499695	4.704688	5.190536	5.951776	6.306539	7.006059	9.114683	8.394012	10.214858	10.400960	10.493188	11.879379	11.899273	12.599231	14.118337	15.707743	14.731651	19.157102	17.090396	19.831970	
0.435721	3.907893	0.925517	1.445381	2.263410	2.487758	3.500408	4.711476	5.198359	5.940002	6.307246	7.005452	9.115775	8.392015	10.213096	10.400238	10.491091	11.878198	11.898933	12.601952	14.121942	15.708477	14.231806	19.152313	17.100006	19.888314	
1.828514	1.635444	1.952143	0.000000	5.833430	3.734999	3.500612	4.711034	5.198716	5.941750	6.306351	7.003455	9.113199	8.395633	10.218867	10.402451	10.487861	11.884117	11.898078	12.619701	14.111431	15.708456	14.216446	19.155269	17.053233	19.868943	
1.715749	2.067352	1.930948	1.422453	5.986999	7.718336	3.499587	4.711425	5.198110	5.937879	6.306327	7.006045	9.107949	8.393664	10.218611	10.399878	10.493083	11.903048	11.898975	12.596625	14.109529	15.710232	14.728872	19.155191	17.048461	19.868997	
1.040630	3.422800	0.820473	0.502892	2.232063	7.891106	3.499435	4.704222	5.208810	5.937740	6.306539	7.006067	9.114683	8.395711	10.215275	10.399812	10.485320	11.855142	11.897478	12.598196	14.118337	15.706744	14.685519	19.154989	17.102168	19.831970	
0.179931	3.987138	0.735695	1.351873	1.907842	3.955101	3.499530	4.711108	5.205740	5.935962	6.306139	7.005651	9.107881	8.421372	10.218418	10.400203	10.491382	11.882512	11.892355	12.598945	14.124995	15.710316	14.728385	19.155284	17.098006	19.871413	
1.908806	1.217164	2.000000	0.000000	6.000000	4.072947	3.499793	4.704702	5.195016	5.941876	6.306741	7.005833	9.109693	8.395243	10.212671	10.401268	10.487930	11.904640	11.898085	12.601104	14.128531	15.714756	14.193030	19.154874	17.103449	19.902170	
1.643430	2.291342	1.937399	0.052113	2.228421	7.718311	3.499813	4.706197	5.194927	5.936801	6.306661	7.005473	9.109095	8.422751	10.211841	10.397963	10.492126	11.877488	11.895452	12.599900	14.154356	15.708713	14.216751	19.146419	17.095371	19.895452	
0.984099	3.488657	0.694387	1.513276	5.913725	1.635029	3.499639	4.711637	5.191853	5.941566	6.306366	7.005587	9.114701	8.391262	10.212710	10.402178	10.491914	11.880090	11.900932	12.600380	14.135062	15.710394	14.241348	19.153156	17.099913	19.897236	
0.389893	3.927099	0.925517	1.295169	2.263410	2.487758	3.500408	4.706078	5.205901	5.935011	6.306373	7.005334	9.108018	8.394570	10.213096	10.400238	10.491091	11.878198	11.898933	12.598368	14.121942	15.707773	14.684805	19.152313	17.100006	19.888314	
1.066938	3.390017	0.933182	0.000000	2.062477	3.969431	3.500109	4.707305	5.204266	5.938984	6.306934	7.002418	9.113851	8.391298	10.219756	10.401262	10.488339	11.860762	11.898210	12.600744	14.148004	15.706947	14.704529	19.152042	17.095968	19.888022	
0.464840	3.895100	0.852468	1.193865	2.432712	3.687250	3.503465	4.706089	4.899564	5.940115	6.306710	7.013612	9.107564	8.420836	10.212629	10.390510	10.483202	10.840364	11.898342	12.629248	14.111273	15.707801	14.683985	19.145397	17.045355	19.867409	
1.356114	2.948502	1.946137	0.077815	2.059012	3.959204	3.498114	4.704584	5.197621	5.935275	6.306403	7.005513	9.113930	8.392749	10.219679	10.398511	10.491283	11.903352	11.900111	12.602410	14.131567	15.706917	14.232552	19.150410	17.102262	19.888113	
1.520874	2.607899	1.952143	1.428578	5.981170	3.734999	3.499794	4.704588	5.205457	5.941750	6.306351	7.005676	9.113199	8.430036	10.218867	10.402451	10.487861	11.884117	11.898078	12.601133	14.127338	15.710032	14.216446	19.155269	17.053233	19.868943	
1.950200	0.919412	1.950384	0.079038	5.845874	7.890993	3.499638	4.706785	5.204795	5.937100	6.307200	7.003995	9.115292	8.389069	10.213726	10.399294	10.490883	11.906394	11.898253	12.628012	14.154332	15.710281	14.205993	19.155249	17.100360	19.896875	
1.991725	0.427487	1.946950	0.004142	6.000000	7.664048	3.503331	4.711323	4.899319	5.950533	6.306036	7.003472	9.107733	8.394415	10.218796	10.370872	10.492968	10.819341	11.898055	12.599207	14.138243	15.714086	14.206555	19.147259	17.057554	19.869969	
1.973751	0.687904	1.946137	0.235129	6.000000	8.000000	3.498114	4.704584	4.917233	5.940767	6.306403	7.005738	9.114683	8.422540	10.219679	10.400093	10.488053	11.867217	11.898889	12.623805	14.115274	15.707902	14.708537	19.156208	17.050537	19.894232	
1.604699	2.399821	1.935581	0.330718	2.432712	7.790580	3.503465	4.722851	4.899564	5.940115	6.306710	7.013612	9.106394	8.384923	10.212629	10.390510	10.483202	11.850963	11.897748	12.600281	14.111273	15.707801	14.686923	19.151097	17.045355	19.865612	
1.892148	1.315749	1.946137	0.077815	5.801555	7.742218	3.498114	4.704584	5.197621	5.940767	6.306403	7.005738	9.113930	8.395138	10.219679	10.400093	10.488053	11.867217	11.899018	12.619740	14.115274	15.706355	14.232552	19.156208	17.049066	19.871328	
1.965047	0.777966	2.000000	0.402643	6.000000	7.986621	3.499371	4.706189	5.203972	5.941063	6.307074	7.003734	9.117195	8.391268	10.214549	10.401258	10.488585	11.903368	11.898588	12.627390	14.110891	15.706439	14.707075	19.155054	17.104919	19.885894	
1.679564	2.183596	2.000000	0.302662	2.220844	8.000000	3.499642	4.710821	5.204657	5.940783	6.306569	7.013614	9.121504	8.420137	10.211341	10.398797	10.494190	11.906665	11.898861	12.601169	14.127585	15.714823	14.710959	19.147728	17.091069	19.870623	
0.904222	3.573580	0.600984	1.560536	6.000000	3.826496	3.499659	4.704688	5.190679	5.951845	6.306408	7.006000	9.106411	8.392872	10.214861	10.401882	10.493099	11.880808	11.899305	12.620682	14.127879	15.708220	14.708239	19.155438	17.090396	19.893898	
1.475642	2.709580	0.773047	0.000000	2.232063	8.000000	3.499655	4.712267	4.899382	5.942133	6.306067	7.005554	9.114840	8.395711	10.213830	10.397613	10.493452	11.855142	11.898949	12.619751	14.068355	15.706980	14.734795	19.157846	17.050038	19.857781	
0.028195	4.002968	0.788578	1.354628	2.222294	2.815346	3.500156	4.704880	5.191148	5.939509	6.306139	7.002225	9.114699	8.395582	10.215601	10.400203	11.733215	11.882512	11.900940	12.622869	14.111504	15.710316	14.728385	19.140936	17.093340	19.863772	
1.999686	0.227484	2.000000	0.001754	5.842752	8.000000	3.499639	4.711637	5.195261	5.941566	6.306336	7.005587	9.114923	8.396713	10.212392	10.400090	10.491914	11.880090	11.899278	12.599811	14.127574	15.710394	14.240461	19.155461	17.093162	19.900520	
0.587810	3.827904	0.757318	0.519191	2.083966	2.575231	3.499674	4.706693	5.204787	5.940412	6.310762	7.005554	9.115364	8.395711	10.214431	10.401652	10.493603	10.841971	11.898902	12.597660	14.115807	15.707800	14.204968	19.155810	17.048562	19.870581	
0.326611	3.950546	0.732963	1.428578	2.242879	3.734999	3.499794	4.722209	5.205457	5.941931	6.306351	7.005904	9.113199	8.385403	10.213708	10.402451	10.487861	11.905451	11.898078	12.601133	14.126678	15.710032	14.216446	19.155269	17.053233	19.868943	
0.849309	3.626598	0.614071	1.354628	6.000000	2.815346	3.503401	4.706357	5.196817	5.937289	6.306139	7.002225	9.109197	8.395582	10.213991	10.400203	10.493244	11.882512	11.900940	12.595893	14.124266	15.710316	14.732228	19.157410	17.100045	19.864052	
0.742643	3.719895	1.957398	1.354628	2.222294	2.815346	3.503401	4.719602	5.191148	5.937289	6.306139	7.002225	9.109197	8.395582	10.213991	10.400203	11.733215	11.882512	11.900940	12.595893	14.111504	15.710316	14.732228	19.144195	17.093340	19.863772	
2.002124	0.123338	1.994562	0.000000	6.000000	7.973808	3.503244	4.707503	5.191304	5.931126	6.304323	7.005995	9.117591	8.424044	10.214051	10.398225	10.493032	11.905397	11.898987	12.619588	14.124265	15.707029	14.711632	19.156255	17.100729	19.855567	
0.302581	3.957906	0.791738	1.263889	2.801989	3.370220	3.503423	4.706177	5.204040	5.930679	6.304138	7.005467	9.107146	8.420756	10.214180	10.398044	10.491553	10.840748	11.898285	12.629202	14.123954	15.706970	14.682664	19.145249	17.098606	19.867752	
2.002826	0.002826	2.000000	0.000000	6.000000	8.000000	3.499789	4.707261	5.204417	5.939630	6.307065	7.005462	9.112748	8.395246	10.213831	10.401271	10.488046	11.864320	11.897680	12.599359	14.113476	15.714630	14.215627	19.155052	17.099543	19.900579	
1.986326	0.514212	2.000000	0.000000	5.913725	7.933496	3.499639	4.711637	5.195261	5.941566	6.306336	7.005587	9.109771	8.396713	10.212392	10.400090	10.491914	11.880090	11.899044	12.600380	14.135062	15.710394	14.732261	19.146618	17.093162	19.900520	
0.086291	4.000073	0.867774	1.298462	2.222294	2.815346	3.499411	4.719945	5.191148	5.939509	6.306632	7.004930	9.114699	8.395582	10.215381	10.401306	11.733215	11.845524	11.900940	12.597861	14.111504	15.707657	14.728385	19.157259	17.095871	19.863772	
0.256446	3.970819	0.772027	1.513717	2.101018	3.100397	3.498628	4.705444	5.199017	5.941831	6.307220	7.005375	9.115842	8.392115	10.212552	10.400249	10.481968	10.841011	11.899015	12.599026	14.121184	15.708377	14.232871	19.158844	17.090813	19.833283	
2.002833	0.002942	2.000000	0.000056	6.000000	8.000000	3.503600	4.705914	5.191117	5.940763	6.306954	7.003873	9.112748	8.393128	10.218852	10.401271	10.488850	10.840325	11.897697	12.600952	14.127631	15.710021	14.215820	19.155052	17.099314	19.857611	
1.203135	3.202810	1.935581	0.452909	2.432712	4.229700	3.503465	4.710876	4.899564	5.940115	6.306710	7.005757	9.106394	8.384923	10.215278	10.401916	10.490727	11.850963	11.897748	12.600281	14.111273	15.708398	14.686923	19.151097	17.045355	19.865612	
0.768187	3.699577	0.866456	1.424804	5.615727	2.820477	3.503068	4.704530	5.208831	5.936382	6.306535	7.012258	9.113557	8.395145	10.187432	10.399718	10.555576	11.880184	11.897783	12.598245	14.129954	15.708262	14.712830	19.152135	17.102287	19.863185	
0.662754	3.779244	0.746245	0.281988	2.034852	2.572685	3.503346	4.711346	5.199554	5.937531	6.306839	7.005702	9.091654	8.390204	10.218277	10.401918	10.488773	11.905194	11.899412	12.599044	14.131308	15.711479	14.731187	19.154577	17.092518	19.830724	
1.789307	1.801865	0.772027	0.086698	5.732287	7.821026	3.498628	4.706276	4.910637	5.938098	6.304563	7.005046	9.110988	8.420794	10.212552	10.400041	10.481968	10.841011	11.898397	12.599909	14.130765	15.715411	14.703990	19.158844	17.090813	19.869985	
0.051672	4.001658	0.735695	1.351873	2.222294	2.815346	3.503579	4.708591	4.895901	5.935962	6.306139	7.003500	9.108190	8.425094	10.215862	10.400203	10.491382	11.882512	11.892355	12.598945	14.124995	15.710316	14.728385	19.146818	17.093340	19.871413	
2.002623	0.038112	2.000000	0.000000	5.986804	8.000000	3.500281	4.707062	5.198338	5.940195	6.307342	7.003587	9.117175	8.395693	10.208984	10.399532	10.493463	11.874722	11.899684	12.601883	14.111930	15.708292	14.207072	19.157274	17.087381	19.831014	
1.121263	3.321751	0.852468	1.193865	2.432712	8.000000	3.503465	4.706627	4.899564	5.937911	6.306710	7.006063	9.107564	8.420836	10.214106	10.390510	10.483202	11.958042	11.899008	12.629248	14.111273	15.707801	14.683985	19.145397	17.045355	19.867409	
1.960347	0.822514	1.940747	0.099575	5.840984	8.000000	3.499582	4.706145	4.899695	5.935962	6.306219	7.004103	9.117364	8.394629	10.213317	10.400203	10.492929	11.873204	11.900940	12.600046	14.070567	15.706620	14.685544	19.159927	17.093340	19.863772	
0.510816	3.872418	0.602101	0.349017	2.743147	3.165021	3.499658	4.706524	5.197312	5.949914	6.304354	7.006018	9.106518	8.395889	10.218014	10.399055	10.492903	11.831519	11.898924	12.598821	14.112101	15.707023	14.756301	19.157773	17.099878	19.862408	
0.370905	3.934340	0.757153	1.295169	2.083966	2.487758	3.500408	4.706707	5.205901	5.940425	6.306373	7.005334	9.115122	8.395618	10.213096	10.400238	10.491091	11.878198	11.898933	12.598368	14.121942	15.707839	14.684805	19.152313	17.100006	19.871995	
1.996964	0.309668	1.996698	0.058752	6.000000	7.986621	3.499679	4.706189	5.203972	5.941063	6.307074	7.003734	9.117195	8.391268	10.211736	10.401502	10.496519	11.903368	11.898588	12.627390	14.110891	15.706439	14.707075	19.155054	17.104919	19.885894	
0.686980	3.761628	1.943963	1.263977	2.242062	3.672376	3.502635	4.705616	5.191218	5.936366	6.304320	7.006626	9.107673	8.391493	10.213087	10.399946	10.493630	11.872036	11.892808	12.601578	14.133535	15.708186	14.729824	19.151080	17.047911	19.857736	
0.220014	3.979756	0.798665	1.354628	2.222294	2.867867	3.500156	4.704610	5.190692	5.939590	6.306240	7.002135	9.114699	8.395582	10.215601	10.401723	11.733215	11.882512	11.900940	12.624319	14.111330	15.708571	14.728385	19.141154	17.096115	19.863772	
1.453352	2.758343	0.925718	0.046634	1.841489	7.660983	3.500278	4.706536	5.219065	5.941093	6.306343	7.003722	9.112748	8.391191	10.219986	10.397430	10.488461	11.911780	11.898941	12.600489	14.136794	15.708114	14.708073	19.145771	17.102238	19.885894	
1.661919	2.237120	0.929770	0.063112	5.811362	7.762499	3.503276	4.720058	5.191148	5.936920	6.306619	7.005493	9.113044	8.395664	10.211792	10.401573	10.484941	11.883948	11.897704	12.600022	14.130868	15.708850	14.216843	19.119550	17.096793	19.863985	
0.715987	3.740193	0.694387	0.495918	2.271693	1.635029	3.499193	4.711637	5.193632	5.941566	6.306541	7.005587	9.114701	8.396990	10.215359	10.402178	10.491914	11.880090	11.900932	12.599173	14.135062	15.710394	14.241348	19.153156	17.043836	19.897236	
0.118093	3.996693	0.991667	1.263392	2.026593	2.632746	3.498866	4.723501	5.204284	5.941271	6.306944	7.004117	9.108805	8.383885	10.219639	10.404450	10.488887	11.886155	11.898627	12.600905	14.132541	15.708924	14.685079	19.154943	17.099925	19.834847	
0.487724	3.883573	0.928714	1.432300	2.648893	3.734999	3.503465	4.719351	5.191185	5.936381	6.306710	7.003240	9.108690	8.391641	10.219032	10.402057	10.491085	11.882726	11.900954	12.601031	14.111273	15.717564	14.215780	19.151097	17.099868	19.899876	
1.563910	2.504367	1.958102	0.401558	5.803592	3.969198	3.500401	4.697541	5.206377	5.935349	6.306380	7.005402	9.113509	8.393192	10.187577	10.398371	10.490878	11.902616	11.898949	12.601974	14.121270	15.708312	14.712839	19.152197	17.050394	19.889957	
0.198963	3.983652	0.784742	1.357096	2.428232	3.969198	3.499763	4.697541	5.191254	5.935349	6.306380	7.003442	9.113509	8.393192	10.212871	10.398371	10.490878	11.883428	11.900172	12.601974	14.121270	15.708312	14.696308	19.154884	17.104770	19.889957	
1.305816	3.037713	0.925517	1.424803	5.638591	7.450706	3.503132	4.706546	4.910706	5.937975	6.304567	7.005764	9.107512	8.393006	10.218810	10.400363	10.488471	11.903393	11.899177	12.598368	14.135330	15.717139	14.705108	19.149768	17.092362	19.897548	
0.958072	3.518276	1.952143	1.429793	2.243873	3.734999	3.503738	4.722767	5.204426	5.936378	6.306710	7.005717	9.106394	8.430065	10.212629	10.427661	10.488113	11.882726	11.897241	12.598091	14.111273	15.717564	14.215780	19.151097	17.045355	19.865612	
1.956021	0.869360	1.983951	0.091424	6.000000	7.556866	3.500259	4.719468	5.190811	5.917969	6.304370	7.005506	9.108191	8.387188	10.217015	10.395595	10.491912	11.902830	11.898990	12.627214	14.124997	15.708337	14.703583	19.153853	17.054215	19.897282	
0.234651	3.976085	0.743702	1.351873	2.064395	2.587259	3.502881	4.708988	5.204751	5.943653	6.306138	7.003343	9.114023	8.385690	10.213779	10.399305	10.492012	11.882726	11.892318	12.602035	14.126987	15.717564	14.730525	19.151097	17.095636	19.897677	
1.775166	1.855642	0.756646	0.053722	5.801661	8.000000	3.502879	4.710417	5.205084	5.937336	6.306425	7.006507	9.107685	8.393055	10.213043	10.400208	10.496354	11.874756	11.899286	12.619526	14.129151	15.708141	14.704617	19.143703	17.095187	19.891515	
1.730436	2.019863	1.983951	1.424812	6.000000	7.556866	3.500661	4.712472	4.914956	5.941243	6.306221	7.005506	9.108191	8.387188	10.213776	10.395595	10.491912	11.845912	11.900158	12.627214	14.124997	15.710351	14.703583	19.153853	17.094994	19.897282	
0.795856	3.675659	0.773047	1.256950	2.083966	7.891106	3.499674	4.720732	4.899702	5.951628	6.306067	7.005554	9.089387	8.395711	10.214977	10.397415	10.490404	10.841971	11.892836	12.597660	14.068355	15.707800	14.681756	19.153759	17.050562	19.853364	
0.875392	3.602436	0.859991	1.487810	5.721614	4.072107	3.503369	4.706140	5.195118	5.938125	6.304569	7.005553	9.108492	8.419074	10.212701	10.424027	10.484743	10.841072	11.898423	12.602377	14.130580	15.714976	14.708078	19.150357	17.093385	19.869903	
0.160307	3.990339	0.991383	1.256264	2.015691	2.700758	3.502911	4.705037	5.204937	5.942055	6.306447	7.004135	9.108788	8.395976	10.214979	10.398683	10.489077	11.887426	11.898546	12.602444	14.117348	15.706655	14.684610	19.155092	17.099782	19.891124	
1.840475	1.582757	1.975247	0.000000	6.000000	2.560426	3.503406	4.704641	5.205516	5.951720	6.306500	7.005611	9.117672	8.420390	10.214468	10.401335	10.488572	11.874044	11.898888	12.597740	14.125780	15.707001	14.215893	19.158221	17.050157	19.858187	
1.745747	1.965475	1.946666	1.371745	5.639533	7.663956	3.503157	4.711241	5.198777	5.937807	6.306192	7.005766	9.107753	8.391365	10.218589	10.400217	10.488708	11.904379	11.899223	12.599106	14.134559	15.708889	14.205594	19.149769	17.103271	19.899145	
1.862288	1.475290	1.798262	0.000000	5.801989	6.936195	3.503086	4.709980	5.205420	5.941847	6.304208	7.005646	9.113541	8.393278	10.213809	10.402143	10.493641	11.861886	11.898598	12.597556	14.120413	15.708407	14.705021	19.150152	17.049403	19.888456	
1.900249	1.267798	2.000000	0.004142	6.000000	4.097862	3.503114	4.707238	4.899492	5.931090	6.306036	7.006384	9.116304	8.395979	10.208813	10.370712	10.492968	10.819341	11.899401	12.618146	14.112027	15.714011	14.709801	19.147259	17.098239	19.870282	
1.816512	1.691430	2.000000	1.353670	6.000000	7.953364	3.499804	4.723027	5.188221	5.938693	6.306132	7.006079	9.116000	8.385255	10.213039	10.400153	10.496293	11.902417	11.899319	12.597694	14.136338	15.708522	14.236655	19.144090	17.097460	19.891734	
0.609976	3.815069	0.795972	0.340864	1.815202	2.665942	3.502981	4.703806	5.190787	5.936920	6.306838	7.002127	9.114752	8.395541	10.219604	10.401731	11.733384	11.881598	11.900994	12.599823	14.133526	15.708595	14.729183	19.119550	17.098560	19.863250	
0.007799	4.003349	0.742218	1.353670	2.227238	2.806852	3.502911	4.723027	5.204426	5.942055	6.306447	7.006079	9.114106	8.385255	10.213729	10.399132	10.491962	11.905791	11.899319	12.630785	14.127632	15.715599	14.727889	19.155284	17.097460	19.891124	
1.993242	0.390101	1.938726	0.002914	6.000000	8.000000	3.503079	4.707159	5.198338	5.940217	6.307334	7.005008	9.118020	8.397225	10.213727	10.399532	10.493021	10.836531	11.899566	12.620484	14.111930	15.706614	14.710448	19.155291	17.102893	19.866978	
2.001400	0.157744	2.000000	0.000000	6.000000	7.956886	3.499862	4.723224	5.203161	5.938060	6.306349	7.005469	9.115583	8.392305	10.212211	10.401577	10.496298	11.903352	11.898932	12.597643	14.111936	15.708500	14.682996	19.144258	17.090649	19.869941	
0.346864	3.943607	0.674906	1.336424	2.563376	2.367400	3.499792	4.707555	5.205084	5.939368	6.306542	7.002042	9.117355	8.394646	10.212273	10.423902	10.490678	11.849798	11.891457	12.619526	14.111511	15.708317	14.683467	19.150397	17.092133	19.856868	
1.917293	1.159762	1.143999	0.000000	6.000000	8.000000	3.499990	4.706247	5.204388	5.937348	6.306679	7.002092	9.114683	8.421202	10.215509	10.397856	10.489526	11.875956	11.901021	12.598723	14.111831	15.709169	14.707243	19.146780	17.093581	19.894232	
