2.094823	1.202232	1.234740	3.318026	5.568439	7.648543	0.498813	0.552165	0.478869	5.977313	5.938029	6.412244	6.835123	7.456455	7.405752	8.077294	8.555444	8.621440	8.903118	9.423957	9.515788	9.802278	9.914648	10.367795	8.849341	10.833192	
1.064534	3.554714	1.929754	0.000000	1.935252	0.224629	9.774944	4.410757	4.390480	5.154801	5.059554	5.690805	5.869736	6.188575	6.112647	6.683125	7.440235	6.977134	7.651820	7.104256	9.206622	7.336599	9.608749	8.070331	7.797403	9.400876	
2.193259	0.816133	1.772425	4.000000	5.220289	6.881389	0.508301	0.167642	0.079417	0.443566	5.934674	6.403436	6.747489	7.424475	7.497839	8.399367	7.904578	8.045166	9.233647	9.251664	9.243560	9.847424	9.926374	9.690703	9.254780	10.825915	
2.120648	0.988750	1.239092	3.652317	5.688755	7.921452	0.026161	0.000000	0.221503	5.570920	6.050168	6.407422	6.826220	7.375622	7.402778	8.318492	8.598315	8.525562	9.125319	9.264891	9.207122	9.707468	9.921012	10.475140	13.950726	10.931538	
1.956452	1.734908	1.908952	3.616780	5.174296	1.795828	0.000000	0.000000	5.403608	5.819219	5.955439	6.416345	6.795480	6.683458	7.438202	7.958542	8.509167	8.495166	9.065495	9.250789	9.494954	9.575769	10.155406	10.494603	8.374320	10.654095	
2.081774	1.336476	1.220294	3.236797	5.229782	7.637791	0.498813	0.193222	0.494297	5.394690	6.324224	6.327099	6.787259	7.328433	7.593468	8.077294	7.845819	8.463436	9.149196	9.125168	9.515788	10.188091	9.914648	10.477690	8.824374	10.669973	
1.844733	2.174773	1.087693	3.614000	5.309644	2.391560	0.000000	3.853996	4.740837	5.010277	5.755720	6.430408	6.514640	6.773365	7.293554	8.267038	8.429057	8.155595	9.202926	8.252330	9.521341	7.307399	9.919857	9.680877	8.403611	9.755212	
2.126512	0.950740	1.239092	3.652317	5.784991	8.000000	0.026161	0.000000	0.000000	5.570920	6.218199	6.575354	6.829470	7.454411	7.402778	8.256432	8.545091	8.728522	9.059081	9.252368	9.207122	9.966718	9.877835	10.401354	8.563588	10.942448	
1.269021	3.237244	1.849273	1.617323	1.316065	0.884329	4.006227	4.096882	5.998576	4.861316	5.059554	5.699653	5.769871	6.188575	6.112647	6.311531	7.528821	6.977134	6.577043	6.866954	9.229362	7.167770	9.583264	8.150369	7.797403	9.400876	
2.217823	0.265696	2.000000	3.912704	5.948620	8.000000	0.000000	0.000000	0.012042	0.000000	6.333557	6.472262	6.879798	7.573901	7.456454	8.275278	8.505705	8.779896	9.066124	9.526925	9.234407	10.103675	9.891171	10.600963	13.930409	11.149374	
2.080316	1.353163	1.151060	3.333365	5.229782	7.637791	0.498813	0.987433	0.494297	5.370314	6.324224	6.327099	6.823814	7.328433	7.659990	8.258055	8.600610	8.674323	8.937872	8.224768	9.515788	9.953642	10.158077	10.225061	8.789440	10.936042	
1.900777	1.958311	1.646815	3.823111	5.140795	1.204683	0.775169	0.457134	5.164281	5.406369	5.924577	6.310009	6.699859	6.666397	7.189186	8.399367	7.904578	8.045166	9.037090	8.252530	9.243560	9.553213	9.902438	10.173840	8.649670	10.640040	
0.918457	3.738228	1.788001	0.000000	1.027260	0.134837	10.000000	4.921736	4.330680	4.639452	5.190690	5.704721	5.731266	6.148988	5.962252	6.577533	7.485491	6.863935	7.496220	6.887838	9.209457	7.337619	9.581805	7.978346	7.754931	9.295617	
0.480077	4.088894	0.103503	0.194184	1.731315	0.315107	10.000000	10.706934	4.962464	4.440501	4.913046	5.725434	5.957832	5.935089	5.904115	5.588156	7.495116	6.240890	6.067511	6.984152	9.442774	7.014633	9.687094	7.948105	7.863973	8.457097	
2.117732	1.002325	1.239092	3.510079	5.784991	8.000000	0.298922	0.000000	0.000000	5.342110	6.067968	6.401373	6.832686	7.438815	7.668829	8.321299	8.603270	8.708509	9.148649	9.268774	9.506639	9.966718	9.923361	10.464350	9.224896	10.941957	
2.194316	0.724698	1.893408	3.236797	5.768180	7.637791	0.573172	0.487359	0.494297	0.229946	6.110603	6.444557	6.787259	7.446698	7.593468	8.150840	8.496709	8.559746	8.995467	9.259635	9.551914	9.719538	9.923616	10.477690	13.949766	11.086061	
2.203858	0.535128	2.000000	3.370285	5.804590	7.864618	0.336896	0.215077	0.221208	0.005693	5.938029	6.360450	6.791758	7.456455	7.508152	8.038156	8.431803	8.582064	9.005621	9.539727	9.515788	9.909793	9.867720	10.367795	9.518148	10.918397	
2.198175	0.664660	2.000000	3.318026	5.568439	7.624295	0.498813	0.704638	0.037240	0.403997	6.258873	6.412244	6.747788	7.333291	7.432116	7.964130	8.381977	8.488932	9.005621	9.423957	9.488368	9.802278	9.924252	10.484645	9.207745	10.833192	
2.205327	0.559037	1.778190	3.733828	5.784991	7.940847	0.285696	0.000000	0.000000	0.388582	6.265362	6.401373	6.829871	7.438815	7.668829	8.253035	8.603270	8.708509	9.148649	9.252368	9.506639	9.966718	9.880933	10.488132	8.622739	10.703612	
2.209247	0.399561	1.873543	3.773740	6.000000	8.000000	0.000000	0.000000	0.011926	0.000000	6.196525	6.479781	6.945960	7.547913	7.437051	8.074159	8.548129	8.691344	9.137764	9.403121	9.541193	9.998880	9.937062	10.536540	9.185576	11.157766	
0.757686	3.899326	0.124112	2.734178	0.539718	0.002745	9.957471	9.095325	4.222664	4.714565	5.031434	5.685651	5.745528	5.904871	6.045352	5.936421	7.608523	6.520341	7.581236	6.921360	9.296290	7.629276	9.611003	8.218701	7.586197	8.726169	
1.894078	2.020319	1.532751	3.849626	5.096998	1.353256	0.462505	0.680834	5.673067	5.538471	6.217295	6.608648	6.695458	7.157474	7.367346	8.103923	8.170384	8.008833	8.831636	9.112036	9.488744	9.440265	9.872654	10.212394	8.565992	12.007253	
1.338958	3.087583	2.000000	1.815029	1.381212	0.899150	3.811500	4.109385	4.208071	4.712699	5.254798	5.764611	5.903212	6.174528	6.015973	6.671385	7.600391	6.707372	7.591961	6.967150	9.610257	7.535727	9.628012	8.304376	7.573631	8.723646	
1.360066	3.041990	1.843447	2.062743	0.509048	2.521828	3.811500	3.790330	4.454644	4.872170	5.072302	5.675837	5.731261	5.923855	6.110629	6.583695	7.479559	6.435498	7.248969	6.871132	9.202761	7.949472	9.562129	8.415972	9.163685	8.693410	
2.063287	1.429805	1.998995	4.000000	1.090572	8.000000	0.000000	0.000000	4.520415	5.928144	6.222650	6.414272	6.845831	7.607214	7.529075	8.127381	7.878784	8.442399	9.229813	9.642503	9.533600	10.026742	9.928985	10.252949	13.969479	10.759667	
1.890143	2.095204	1.239092	3.652317	6.000000	1.359206	0.619285	0.000000	5.680705	5.570920	6.385745	6.607020	6.682444	7.477856	7.402778	8.256432	8.162003	8.737640	8.834674	9.252368	9.586957	9.966718	9.877835	10.215753	14.320451	11.990109	
0.889452	3.781450	1.788001	0.189726	0.024377	0.664989	10.000000	3.782084	4.211865	4.639452	5.190690	5.704721	5.731266	6.295279	5.962252	6.670984	7.485491	6.666341	7.602850	6.887838	9.307848	7.337619	9.707448	7.978346	7.521696	8.446016	
1.083338	3.535082	1.779430	0.000000	1.960875	1.001831	9.533795	3.766186	4.117773	4.904287	5.059554	5.686078	5.869736	6.188575	5.908266	6.213225	7.547797	6.977134	6.250941	7.104256	9.206622	7.310293	9.608749	8.046894	7.800398	9.400876	
0.393331	4.127879	0.099356	0.000000	1.487389	0.041355	10.000000	10.706934	5.284894	4.726990	4.904103	5.686227	5.943957	5.852386	5.899684	5.470058	7.529675	6.113115	6.085877	6.613774	9.242147	6.815704	9.672852	8.149174	7.620388	8.605898	
1.639288	2.573036	1.979605	3.842823	0.714095	1.713447	0.861498	4.337109	4.466334	5.201880	5.251976	5.736037	5.865047	5.964423	6.098886	6.309264	7.627251	6.487053	7.541005	6.913954	9.217957	7.930532	9.573564	8.155118	8.321587	8.714767	
2.213402	0.327520	1.988690	3.773740	5.948620	7.989078	0.000000	0.000000	0.000000	0.016998	6.157848	6.478559	6.884466	7.524456	7.744921	8.264376	8.543322	8.600022	8.968036	9.382334	9.554567	10.154477	9.935538	10.589486	14.275663	11.216238	
1.731052	2.373111	1.890980	3.912300	1.333073	2.453795	0.000000	3.895407	4.300198	4.923823	5.990281	5.771823	6.835437	7.217451	6.962548	6.774505	8.572545	8.028352	7.978557	7.053011	9.510773	7.726594	9.877595	9.877499	8.635610	9.729832	
1.679952	2.472481	1.964648	4.000000	0.723361	2.102216	0.675900	3.895005	4.430034	5.236355	5.310131	5.771768	5.949181	6.208066	6.088661	6.526314	7.653273	6.699051	7.673643	7.219962	9.574345	7.695729	9.710257	9.861689	8.630190	8.788409	
2.210384	0.460098	1.974865	3.604345	5.963706	7.686940	0.000083	0.000000	0.000000	0.162877	6.372903	6.393835	6.850904	7.433333	7.377806	8.174520	8.544446	8.723623	9.046824	9.241333	9.529951	10.041600	9.929517	10.412809	14.311341	10.883827	
2.221362	0.244336	1.970790	4.000000	6.000000	8.000000	0.000000	0.000000	0.000000	0.000000	6.212270	6.548006	6.956582	7.573901	7.569210	8.344190	8.682341	8.775503	9.274148	9.458005	10.635070	10.693081	9.861415	10.493624	8.556523	11.009281	
0.192226	4.182631	0.002323	0.034903	0.000000	0.018173	10.000000	10.701557	5.324422	13.127342	5.148280	5.579379	5.745221	5.903160	6.045236	5.936421	7.357181	6.503969	7.581236	6.652682	9.280313	6.668601	9.665931	8.081829	7.502268	8.833742	
1.853789	2.125490	1.149334	3.720168	5.342653	2.155002	0.035898	4.025626	4.953148	5.570377	5.967614	6.456885	6.751493	7.498284	7.402879	8.045382	8.550988	8.073214	9.111445	8.378991	9.519661	10.231063	9.917218	10.294745	8.722623	10.765392	
2.019202	1.585269	1.963086	3.469701	1.307026	8.000000	0.000000	0.000000	5.167477	5.797546	6.266443	6.391064	6.797933	7.302893	7.615801	8.306877	8.567887	8.486596	8.976864	9.295920	10.419438	11.209673	9.940255	10.502787	14.311341	11.411189	
1.601038	2.695662	1.831017	3.502948	0.738455	2.202581	0.985325	4.382377	4.426193	5.191293	6.005409	6.454108	6.087130	6.270759	7.004163	6.489619	7.571606	7.931457	7.260150	7.222557	9.217420	7.686196	9.691168	8.275489	8.364266	9.328061	
0.579589	4.035855	0.226054	0.000000	2.043996	0.930433	10.000000	9.723568	4.109607	4.883428	5.083894	5.681358	5.795647	5.775803	5.993103	5.999846	7.541708	6.571991	6.200991	6.939981	9.240489	7.292751	9.714050	8.342638	7.736479	8.717139	
0.421549	4.113724	0.099356	0.193880	1.487389	0.000000	10.000000	10.706934	5.242203	4.717366	4.905439	5.565064	5.731175	5.631771	5.902791	5.470058	7.493373	6.113115	6.102448	6.697648	9.440854	6.488665	9.572789	8.174002	7.554599	8.459739	
0.939388	3.719950	1.946128	0.223918	0.028728	0.614936	9.975059	4.287587	4.307111	4.872170	5.111550	5.675837	5.826426	5.848669	5.949015	6.320352	7.487447	6.061657	7.425431	6.908888	9.509410	7.226657	9.575562	7.964348	7.753500	9.647176	
0.697880	3.950688	0.178352	2.597469	0.000000	0.054415	10.000000	10.461791	4.251450	4.802604	5.011783	5.574969	5.959837	5.904214	6.039269	5.931935	7.507238	6.489511	7.644943	6.605973	9.295717	7.567352	9.643170	8.101740	7.613114	8.706108	
1.964497	1.681758	1.891912	3.469701	5.963706	1.384801	0.000000	0.000000	5.594790	5.700196	6.220764	6.399832	6.825908	6.663936	7.351333	8.314479	8.509598	8.711147	8.976864	9.104877	9.491538	9.761241	9.934682	10.378088	8.945138	10.936678	
1.441014	2.861178	1.846096	2.184255	1.055820	2.810767	3.336499	4.109385	4.208071	4.712699	5.124582	5.768733	5.903212	5.968924	6.015973	6.671385	7.531220	6.897402	7.994896	7.007816	9.230505	7.535727	9.628012	8.546123	7.573631	8.723646	
0.804876	3.855458	0.178352	2.254079	0.847834	0.910053	10.000000	8.265000	4.207735	4.338538	4.915864	5.736299	5.897226	5.885302	6.045352	6.131445	7.548062	6.660701	7.649500	7.023114	9.266694	7.314103	9.654938	8.101740	8.147524	8.706108	
0.363233	4.137834	0.085455	0.000000	1.297006	0.014940	10.000000	10.921528	5.209556	5.276789	4.976795	5.530811	5.725774	5.749886	5.839194	5.406514	7.478025	6.110871	6.045804	6.631349	9.564764	6.678936	9.570808	7.951146	7.550249	8.605346	
1.148710	3.453752	1.755861	0.260304	1.289290	2.260165	3.811500	8.377738	4.292728	4.872170	5.150926	5.716846	5.731261	6.334988	6.049733	6.018838	7.526372	6.493222	7.248969	6.908888	9.574354	7.596126	9.561120	8.060190	7.733085	9.647176	
1.744971	2.282506	1.155016	3.599477	4.870021	1.787713	0.000000	5.145275	4.947589	5.209498	6.010892	6.453930	6.698850	6.658650	7.009533	8.217207	8.245337	7.969524	9.184865	8.286928	9.480411	10.047854	9.934374	10.263912	8.382243	10.625613	
0.596508	4.021394	0.226054	0.012111	2.385773	0.674272	9.975059	10.200463	4.266713	4.819172	5.068133	5.677362	5.795647	5.813833	5.861228	6.326943	7.497995	6.585418	6.189205	6.687922	9.494951	7.344896	9.639427	8.339896	7.744063	8.717139	
2.215020	0.299775	1.988178	3.986336	5.972240	7.682213	0.000000	0.009661	0.024715	0.002629	6.225083	6.544292	6.954311	7.568381	7.744921	8.265732	8.644469	8.621123	9.231872	9.508080	10.635528	10.181778	9.923004	10.762006	8.890247	10.940346	
0.331602	4.158440	0.153629	0.103713	0.059049	0.733823	10.000000	10.418752	4.143720	13.917184	5.144846	5.566797	5.959742	5.749886	5.839194	5.930838	7.549417	6.547175	7.564544	6.630022	9.548979	7.361013	9.648708	8.216083	7.866086	8.436430	
2.186978	0.819836	1.292823	3.888840	6.000000	7.934715	0.000000	0.000000	0.000000	5.502505	6.314241	6.437160	6.849926	7.528154	7.349747	8.125890	8.737731	8.690927	9.143573	9.219429	9.524648	10.044807	9.950017	10.595567	8.678804	10.815210	
1.969430	1.638740	1.946649	3.469701	5.963706	1.384801	0.000000	0.028886	5.594790	5.797546	6.274665	6.391064	6.804177	7.260468	7.351333	7.979909	8.567887	8.486596	8.976864	9.295920	9.475716	11.209673	9.940255	10.502787	14.311341	10.881729	
1.951308	1.772894	1.989033	3.604198	4.878515	1.698374	0.190575	0.000000	5.387050	5.800963	6.151864	6.414395	6.795457	7.496860	7.368355	7.937082	8.566236	8.585580	9.063332	9.242792	9.461968	11.196936	9.936796	10.166145	8.160166	11.068936	
1.990857	1.613467	2.000000	3.469701	5.963706	1.384801	0.000000	0.000000	5.594790	6.004161	6.220764	6.391064	6.702435	7.143957	7.351333	7.979909	8.509598	8.486596	8.976864	9.708944	9.491538	9.761241	9.879183	10.378088	14.311341	10.881729	
0.545720	4.056371	0.018221	0.555737	1.960875	0.366037	9.533795	10.729791	5.005177	5.052961	4.891487	5.686078	5.869736	5.806789	5.909972	6.047232	7.530973	6.076378	6.100997	6.633928	9.575870	6.800362	9.672954	8.158013	7.555987	8.426285	
0.280961	4.171740	0.159396	0.109213	0.098044	0.071313	9.976690	8.802497	4.222664	13.123988	4.733045	5.691036	5.746668	5.965626	5.761495	5.937653	7.353335	6.532856	7.514876	6.612659	9.281091	7.222441	9.678645	7.937097	7.677107	8.451071	
1.280343	3.225703	1.946128	1.539447	1.191987	0.933917	3.811500	3.930203	4.639592	4.872170	5.150926	5.765059	5.731261	5.804625	6.110629	6.186389	7.630278	6.435498	7.248969	6.862466	9.202761	7.949472	9.626039	8.081995	9.163685	8.693410	
1.768042	2.263468	1.147574	3.530253	5.105136	1.835556	0.000000	5.145275	4.901306	5.154896	5.952841	6.419497	6.708005	7.133203	7.398081	8.120886	7.891520	7.969524	9.103322	9.250733	9.529635	9.890385	9.886195	10.149768	8.353016	10.827957	
0.518935	4.069676	0.112456	0.194184	1.731315	0.720729	10.000000	10.491857	5.337723	4.863988	5.064123	5.698621	5.957832	5.935089	5.938754	6.092515	7.489934	6.955219	7.758234	6.984152	9.243749	7.378998	9.687094	8.148842	7.863973	8.740037	
2.106881	1.103364	1.239092	3.834630	4.904686	8.000000	0.298922	0.646826	0.000000	5.342110	6.067968	6.401373	6.832686	7.438815	7.668829	8.321299	8.603270	8.708509	9.015179	9.422999	9.506639	9.996481	9.903700	10.464350	9.141941	10.941957	
1.201467	3.369246	1.946128	0.260304	1.289290	2.221218	3.811500	8.377738	4.020485	4.872170	5.150926	5.675837	5.731261	6.071650	6.110629	6.018838	7.410894	6.493222	7.248969	6.908888	9.311998	7.570256	9.627148	8.060190	7.733085	9.647176	
1.528612	2.805761	0.931748	4.000000	2.161601	2.045620	4.013852	4.343905	4.929997	5.086461	5.137499	5.785064	6.044136	7.048899	6.799310	6.351596	7.608509	6.484768	7.613226	8.166810	9.481591	7.788149	9.677930	8.448673	9.170002	9.210265	
2.215241	0.351894	1.974865	4.000000	5.792509	7.686940	0.000000	0.000000	0.244504	0.019253	6.237542	6.393835	6.944103	7.542364	7.377806	8.174520	8.779600	8.723623	9.046824	9.390127	9.529951	10.284758	9.961090	10.525492	14.311341	11.189516	
0.237968	4.174234	0.153629	0.000000	0.011480	0.000000	10.000000	10.675743	4.261472	13.183331	4.836346	5.726094	5.959742	5.749886	6.003134	5.918591	7.549417	6.493891	6.042498	7.026969	9.284073	7.361013	9.651545	8.047197	7.866086	8.605346	
2.193681	0.730138	1.859322	3.733828	4.875628	7.940847	0.499281	0.555559	0.264245	0.375329	6.265362	6.401373	6.772791	7.193069	7.576047	8.024967	8.603270	8.708509	8.908014	9.190484	9.506639	9.966718	9.868615	10.355859	8.849104	10.684186	
2.214649	0.373889	1.988178	3.986336	5.632330	7.761551	0.189387	0.009661	0.480432	0.002629	6.225083	6.411781	6.823699	7.485710	7.744921	8.265732	8.644469	8.621123	9.231872	9.508080	9.530302	10.181778	9.910127	10.368445	8.890247	10.885283	
0.652205	3.981722	0.226054	0.193486	1.924707	1.589137	10.000000	9.747187	4.884047	4.547941	5.083894	5.677362	5.874551	5.802859	6.018428	5.992554	7.456286	6.569715	7.950501	6.687085	9.495912	7.235810	9.712905	7.866034	7.739434	8.717139	
2.219503	0.232123	1.999106	3.969679	6.000000	8.000000	0.000000	0.000000	0.019546	0.065776	6.196525	6.479781	6.945960	7.540755	7.437051	8.074159	8.520822	8.691344	9.291753	9.642579	9.603400	9.998880	9.937062	10.872404	9.203064	11.157766	
1.502974	2.832511	1.846096	2.184255	1.381212	2.810767	3.811500	4.109385	4.208071	4.712699	5.066926	5.764611	5.914260	5.968924	6.015973	6.667487	7.528272	6.794581	7.591961	7.095125	9.242951	7.535727	9.654826	8.158915	8.089434	9.408164	
2.209802	0.428933	1.988178	3.783247	5.772682	7.682213	0.000000	0.047442	0.000000	0.000000	6.102979	6.388593	6.884466	7.449027	7.744921	8.265732	8.466791	8.621123	9.231872	9.508080	9.557986	10.181778	9.923004	10.762006	8.890247	10.940346	
2.108943	1.085954	1.203300	3.534718	5.784991	7.660321	0.000000	0.346906	0.000000	5.570920	6.009012	6.401373	6.786448	7.547920	7.668829	8.203650	8.680011	8.777501	9.053711	9.141897	9.496571	9.966718	9.923361	10.367401	8.916955	10.958123	
0.248224	4.168938	0.172523	0.034903	0.000000	0.018173	10.000000	10.701557	4.506317	13.098489	4.727888	5.579379	5.745221	5.903160	6.045236	5.936421	7.357181	6.495795	7.483903	6.609425	9.235513	7.165909	9.665931	8.081829	7.689811	8.508770	
1.046290	3.600765	2.000000	0.118179	1.027260	0.563259	9.990264	4.362646	4.660731	4.639452	5.148917	5.700579	5.924332	5.870872	5.888403	5.453668	7.508269	6.476887	8.013524	6.785157	9.527443	7.337619	9.641838	8.095109	7.416791	8.625063	
0.757084	3.898723	0.124112	2.734178	0.539718	0.002745	9.957471	9.095325	4.222664	4.714565	5.031434	5.685651	5.745528	5.761143	6.045352	5.936421	7.608523	6.568597	7.576906	6.631291	9.296290	7.330421	9.611003	8.218701	7.795649	8.726169	
0.466014	4.095888	0.099356	0.108504	1.487389	0.664989	10.000000	10.706934	5.284894	4.220532	5.187528	5.565064	5.731175	5.852386	5.881091	5.470058	7.493373	6.113115	6.102448	6.917862	9.242147	7.365104	9.572789	8.174002	7.554599	8.714342	
2.174588	0.859232	1.249464	4.000000	5.963706	7.686940	0.000000	0.000000	0.000000	5.605166	6.372903	6.393835	6.850904	7.433333	7.377806	8.174520	8.731472	8.715692	9.145202	9.226493	9.529951	10.041600	9.948695	10.729046	14.311341	11.060535	
2.204765	0.557972	1.873543	3.547767	6.000000	7.647340	0.136382	0.375303	0.011926	0.000000	6.196525	6.479781	6.945960	7.562840	7.437051	8.074159	8.651719	8.789905	9.036680	9.138059	9.495963	9.935348	9.937062	10.536540	9.185576	11.157766	
0.734760	3.919962	0.178352	2.254079	0.847834	0.054415	10.000000	8.856683	4.207735	4.338538	5.011783	5.682437	5.959837	5.960451	6.045352	5.936421	7.507238	6.617693	7.644943	6.996143	9.295717	7.608828	9.654938	8.101740	7.575621	8.706108	
0.201588	4.179915	0.000000	0.109213	0.000000	0.000000	10.000000	10.405103	4.222664	13.121973	4.743778	5.693746	5.744368	5.904871	5.763019	5.665826	7.353335	6.116987	7.581236	6.612659	9.296290	7.260204	9.682575	7.937097	7.530167	8.451071	
1.617867	2.628092	1.792271	3.838472	0.723361	2.102216	0.675900	4.145467	4.410500	4.453709	4.931536	5.744847	5.991537	6.208066	6.133889	6.526314	7.655228	6.855504	7.188213	7.219962	9.218727	7.977543	10.118626	8.202198	9.212769	9.071941	
0.234238	4.172098	0.153629	0.000000	0.000000	0.000000	10.000000	10.823693	4.261472	13.183331	5.091118	5.535370	5.959742	5.749886	6.003134	5.807417	7.549417	6.493891	7.470922	7.026969	9.284073	7.243948	9.651545	8.047197	7.829204	8.381885	
0.965029	3.684788	1.731112	0.189726	1.027260	0.563259	10.000000	4.362646	4.817056	4.639452	5.106763	5.733687	5.879012	5.747632	5.962252	6.117170	7.502178	6.168690	7.724020	6.785157	9.527443	7.337619	9.600839	7.978346	7.420939	8.708839	
1.297830	3.182743	1.849273	1.822141	1.316065	0.895223	4.006227	4.096882	3.850271	4.861316	5.253908	5.699653	5.902889	6.188575	6.022289	6.671245	7.600143	6.570886	7.590794	6.966956	9.495211	7.167770	9.627895	8.304915	7.809923	8.721334	
2.091492	1.481647	1.890980	4.000000	1.333073	8.000000	0.004344	3.895407	0.000000	4.891399	6.385790	5.771823	5.918510	6.342152	6.962548	8.264057	8.572545	8.028352	9.070453	9.259384	9.572876	7.726594	9.878094	10.422208	8.635610	9.763979	
0.830639	3.841937	1.727019	0.000000	0.000000	0.597363	10.000000	4.681935	4.366804	4.866941	4.840120	5.629925	5.919882	5.715170	5.763867	5.823795	7.497816	6.548022	7.486146	6.774661	9.536018	7.359687	9.635121	8.060292	7.806284	8.336530	
1.114315	3.490877	1.776446	0.280492	1.855779	0.999770	9.008965	3.790330	4.563249	4.872170	5.150926	5.670156	5.859040	6.071650	5.996162	6.320352	7.487600	6.538844	7.925598	6.908888	9.494352	7.570256	9.575562	8.039787	7.689785	9.647176	
1.700193	2.427976	2.000000	3.727513	0.966547	2.480830	0.485629	3.631110	4.466334	4.893149	4.938361	5.739695	5.980806	5.964423	6.133883	6.552790	8.040600	6.849818	8.062324	7.290932	9.217957	7.930532	10.119175	8.201203	9.209102	9.078322	
2.200179	0.625271	1.977816	3.318026	5.812634	7.588530	0.158687	0.215077	0.221208	0.005693	5.938029	6.360450	6.775461	7.456455	7.591613	8.077294	8.558712	8.582064	9.005621	9.423957	9.515788	9.821760	9.867720	10.367795	8.849341	10.569637	
0.441486	4.112109	0.081696	0.000000	1.960875	0.000000	9.533795	10.729791	5.500417	4.904287	4.891487	5.686078	5.869736	6.188575	5.908266	5.476262	7.547797	6.076378	6.100997	6.633928	9.206622	6.463074	9.573353	8.158013	7.555987	8.426285	
0.183276	4.183006	0.000000	0.000000	0.000000	0.002745	10.000000	10.405103	4.222664	13.901466	5.148280	5.565885	5.804233	5.904871	6.045352	5.936421	7.353335	6.116987	7.581236	6.612659	9.296290	6.674508	9.642895	8.195848	7.457887	8.451071	
0.574294	4.038977	0.218372	0.005410	2.041044	0.893742	10.000000	9.719945	4.113554	4.843667	5.148280	5.565885	5.804233	5.904871	6.045352	5.936421	7.531904	6.550482	7.581236	6.612659	9.243396	7.315041	9.642895	8.195848	7.457887	8.717871	
1.385910	2.991891	0.977680	3.988481	0.722193	2.221218	3.213272	4.199047	4.563249	4.860643	5.109817	5.621714	5.874074	6.262831	6.820088	6.320352	7.474766	7.097912	7.721715	7.214170	9.205802	7.303149	9.675178	8.059875	8.800305	9.647176	
1.822338	2.214292	1.149334	3.597305	5.114958	2.155002	0.000000	4.025626	4.953148	5.232864	5.967614	6.456885	6.751493	7.498284	7.270360	8.045382	8.485516	8.073214	9.111445	8.378991	9.519661	10.231063	9.917218	10.294745	8.722623	10.765392	
1.617111	2.629373	1.831017	3.695973	0.738455	2.202581	0.985325	4.382377	4.426193	5.191293	5.050585	5.730561	6.087130	6.270759	6.119323	6.489619	7.571606	7.124492	7.260150	7.222557	9.217420	7.686196	9.691168	8.275489	7.495267	9.328061	
1.658234	2.532575	1.979605	3.727513	0.714095	2.220388	0.485629	3.803651	4.466334	5.198460	5.163740	5.701738	5.865047	5.964423	6.098886	6.309264	7.627251	6.487053	7.798608	6.913954	9.217957	7.930532	9.573564	8.155118	9.209102	8.714767	
2.215764	0.421001	1.859322	4.000000	5.691929	7.940847	0.000000	0.000000	0.499338	0.375329	6.228073	6.401373	6.772791	7.193069	7.576047	8.284681	8.603270	8.708509	9.220774	9.190484	9.506639	10.217054	9.868615	10.370185	8.849104	10.684186	
0.312843	4.162820	0.153629	0.001009	0.059049	0.733823	10.000000	10.477564	4.143720	13.917184	4.904103	5.683893	5.959742	5.749886	5.897006	5.930838	7.549417	6.547175	7.564544	6.613774	9.238147	6.814410	9.673575	8.148154	7.866086	8.436430	
2.118167	1.015021	1.238864	3.831486	5.784991	7.300451	0.285696	0.235333	0.000000	5.836854	6.265362	6.401373	6.797880	7.438815	7.668829	8.101489	8.684157	8.629785	9.069732	9.093898	9.514634	9.912992	9.934399	10.488132	8.622739	10.703612	
1.733172	2.337102	1.890980	4.000000	1.333073	2.453795	0.000000	3.895407	4.300198	4.891399	5.164535	5.771823	5.918510	6.342152	6.962548	6.774505	8.572545	8.028352	7.978557	7.053011	9.510773	7.726594	9.687704	8.174392	8.635610	9.763979	
0.674180	3.974611	0.179027	0.354677	1.055820	2.810767	9.358139	10.215378	4.744971	4.712699	5.124582	5.749487	6.054734	5.928515	6.015973	6.671385	7.559127	6.897402	7.994896	7.007816	9.575338	7.535727	9.628012	8.408342	7.573631	8.645434	
1.408958	2.926980	1.786765	2.191609	1.310963	2.221218	3.811500	4.090596	4.563249	4.872170	5.181918	5.712277	5.731261	6.287563	6.029881	6.670317	7.487600	6.795010	7.248969	6.908888	9.573585	7.570256	9.572338	8.269377	7.488845	8.729053	
2.063515	1.430033	1.998995	4.000000	1.090572	8.000000	0.000000	0.000183	4.520415	5.928144	6.222650	6.414272	6.803241	7.607214	7.529075	8.206323	8.624737	8.442399	9.121964	9.642503	10.404864	10.026742	9.860038	10.252949	13.969479	11.306753	
1.000656	3.649541	1.929488	0.000000	0.250063	1.589137	9.989536	4.115366	3.862136	4.892056	5.083894	5.677362	5.874551	5.778698	5.989822	5.574132	7.499414	6.569715	6.189205	6.974841	9.259900	7.325905	9.745590	8.067622	7.739434	8.948327	
1.880976	2.054204	1.821364	3.300708	0.747817	6.881389	0.966943	0.000000	5.410412	5.065536	5.753596	6.309998	6.518602	6.599426	7.271793	8.399367	8.430827	8.045166	8.794823	8.252776	9.481189	9.449319	9.919602	9.693124	8.644413	10.561470	
1.314943	3.136113	1.849273	1.617323	1.316065	1.623909	4.006227	4.096882	3.850271	4.861316	5.094738	5.699653	5.769871	6.188575	6.022289	5.990901	7.535779	6.570886	6.577043	6.866954	9.495211	7.167770	9.713438	8.150369	7.740270	8.721334	
2.208017	0.473423	1.988690	3.669555	5.539597	7.989078	0.000000	0.205469	0.000000	0.016998	6.157848	6.478559	6.884466	7.524456	7.602061	8.187609	8.543322	8.600022	9.099551	9.382334	9.493587	9.855442	9.935538	10.396534	14.275663	10.595708	
2.086494	1.275350	1.146318	3.318026	5.568439	7.624295	0.498813	0.704638	0.000000	5.317915	6.061353	6.412244	6.826710	7.428652	7.666153	7.964130	8.381977	8.488932	9.004094	9.408866	9.488368	9.966476	9.924252	10.484645	9.207745	10.833192	
1.441685	2.861254	1.841543	2.191609	1.045178	2.831318	3.811500	4.090596	4.299481	4.893149	5.071555	5.735481	5.907864	5.967976	6.072744	6.670317	7.500186	6.795010	7.908043	6.944242	9.217957	7.569250	9.718659	8.440500	7.741696	9.381959	
1.241699	3.298071	1.849273	1.617323	0.978825	0.884329	4.006227	4.096882	5.998576	4.861316	5.059554	5.699653	5.884566	6.188575	6.112647	6.110654	7.528821	6.977134	7.744546	6.794491	9.229362	7.367316	9.626360	8.150369	7.797403	9.400876	
2.046197	1.520149	1.957467	3.888840	1.060685	7.934715	0.000000	0.000000	4.953926	5.502505	5.976409	6.401339	6.742691	7.583937	7.349747	8.125890	7.863057	8.690927	9.386560	8.294600	9.517657	9.957616	9.877913	10.214191	8.334475	11.206355	
1.573141	2.740542	1.831017	3.695973	0.191920	2.202581	0.985629	4.382377	4.083952	4.912087	4.885861	5.659174	5.811831	5.911838	6.119323	6.428365	7.576461	6.730716	7.520088	7.222557	9.215252	7.686196	9.666801	8.039088	9.168116	8.468298	
1.021026	3.616882	1.783441	0.000000	1.935252	0.224629	9.000000	3.766186	4.077899	5.154801	4.732927	5.652074	5.869736	5.831651	5.977260	6.213225	7.302673	6.025676	6.288510	7.104256	9.206622	7.200617	9.595383	7.941216	7.193281	8.343062	
1.179274	3.407374	1.852993	0.856465	1.935252	0.224629	3.711964	8.842084	4.043579	5.238647	5.059554	5.699653	5.913014	6.188575	6.112647	6.683125	7.528821	6.977134	6.577043	7.104256	9.229362	7.929133	9.654082	8.152080	7.797403	9.400876	
0.864704	3.830657	0.124112	2.734178	1.361675	0.002745	9.957471	9.095325	4.222664	5.358104	5.137823	5.685651	5.745528	7.054175	6.045352	5.936421	7.623618	6.694871	7.581236	8.150307	9.296290	7.629276	9.611003	8.218701	7.586197	8.726169	
1.930419	1.840338	1.908952	3.466609	5.174296	1.496933	0.474877	0.226180	5.384413	5.423272	5.955439	6.383443	6.710265	6.683458	7.351719	7.990989	8.509167	8.495166	8.935055	9.119432	9.494954	9.575769	10.155406	10.130223	8.374320	10.654095	
2.112672	1.062674	1.239092	3.652317	5.341314	8.000000	0.026161	0.000000	0.221503	5.570920	6.218199	6.407422	6.745809	7.375622	7.402778	8.256432	8.545091	8.525562	9.059081	9.136356	9.207122	9.707468	9.928958	10.274442	13.950726	10.942448	
2.150974	0.914601	1.239092	3.652317	6.000000	8.000000	0.026161	0.000000	0.000000	5.570920	6.385745	6.575354	6.858960	7.477856	7.402778	8.256432	8.553105	8.737640	9.059081	9.252368	9.586957	9.966718	9.877835	10.412760	14.320451	10.901586	
1.916393	1.903276	1.772425	3.823111	0.747817	6.881389	0.508301	0.000000	5.410412	5.143940	5.934674	6.309998	6.747489	6.666397	6.915005	8.399367	7.904578	8.045166	9.053476	9.251664	9.243560	9.847424	9.753321	9.690703	8.631449	9.722031	
