0.350162	0.409561	0.350162	0.000611	-0.000126	0.000021	-0.000076	0.000861	-0.000509	0.000419	0.000242	-0.000846	
0.331510	0.425873	0.331510	0.001060	0.000120	-0.000044	-0.000001	-0.000050	0.000202	-0.000823	-0.000961	-0.000363	
0.165166	0.599404	0.165166	0.000180	0.000120	-0.000380	-0.000155	-0.000050	0.000202	-0.000823	-0.002547	0.001340	
0.419352	0.353761	0.419352	0.000966	-0.000475	-0.000455	-0.000615	0.000590	-0.000584	0.000159	-0.000146	0.000131	
0.958308	0.025772	0.958308	-0.001666	-0.001130	0.000939	-0.001802	-0.000108	-0.001458	0.000422	-0.001057	0.000131	
0.393634	0.375227	0.393634	-0.000546	0.000687	-0.001020	0.000179	0.001227	0.000052	-0.001047	-0.000189	-0.000603	
0.916298	0.044431	0.916298	0.000150	-0.000479	-0.000682	0.000056	0.000045	-0.000777	0.001255	-0.001057	0.000131	
0.194082	0.561197	0.194082	0.000384	-0.000622	0.000068	-0.000218	-0.000581	0.000345	0.001252	-0.000443	0.000147	
0.496409	0.296886	0.496409	0.000773	0.000333	0.000372	-0.000185	0.000212	-0.000855	0.000404	-0.000848	-0.000537	
0.740721	0.141152	0.740721	-0.001122	-0.000901	-0.000956	-0.000081	-0.000093	-0.000071	-0.000570	-0.000688	0.000448	
0.013156	0.887340	0.013156	-0.000873	0.000420	0.000705	-0.000613	0.000021	-0.000551	-0.000198	0.000727	0.000223	
0.172335	0.586781	0.172335	-0.000703	0.000384	0.000436	0.000362	0.000135	0.000674	0.000600	-0.000754	-0.000831	
0.231858	0.520761	0.231858	0.001135	0.000057	0.000705	0.000166	0.000732	-0.000145	-0.000504	-0.000482	0.000967	
0.704153	0.165898	0.704153	-0.001480	-0.002066	0.001083	-0.000360	-0.000617	0.001015	0.000513	-0.000848	-0.000896	
0.134799	0.635205	0.134799	-0.001114	-0.000454	0.001162	-0.000133	0.000539	-0.000647	-0.000244	-0.000126	-0.000218	
0.616305	0.216987	0.616305	0.001100	-0.000167	0.000508	0.000230	-0.000939	0.000180	-0.000692	-0.000763	0.000847	
0.128452	0.644512	0.128452	0.000036	0.001242	0.000494	-0.000282	-0.000272	-0.000843	-0.000254	0.001105	-0.000743	
0.798846	0.108595	0.798846	-0.000546	0.001577	-0.000819	0.000179	0.000291	0.000052	0.000452	0.000981	-0.000831	
0.505848	0.292384	0.505848	-0.000546	-0.001110	0.000723	0.000225	0.001857	-0.000694	-0.000264	0.000981	0.000156	
0.786621	0.116143	0.786621	-0.000427	-0.000603	-0.000631	0.001564	-0.001265	-0.001371	0.000220	-0.000109	-0.000130	
0.932268	0.035874	0.932268	-0.000153	-0.000402	0.000012	-0.001315	0.000218	0.000049	0.000634	-0.000478	0.000928	
0.402159	0.368135	0.402159	-0.001122	0.000063	-0.000920	-0.000081	0.000943	-0.000517	0.000775	-0.000420	0.000448	
0.157512	0.607085	0.157512	-0.001405	0.000204	0.000416	0.000676	0.000076	0.000666	-0.001719	-0.000436	-0.000119	
0.223792	0.530149	0.223792	-0.000876	-0.000529	-0.000341	0.000732	0.000182	0.001044	0.001223	0.000958	0.000299	
0.180859	0.576636	0.180859	-0.000691	-0.000162	-0.000559	0.000652	-0.000195	0.000632	0.001174	0.000114	0.000018	
0.591615	0.232921	0.591615	-0.000219	0.000574	-0.001298	-0.000282	-0.000760	0.000414	0.000595	0.000573	0.000845	
0.428660	0.347182	0.428660	0.000423	-0.000475	-0.000730	0.001043	-0.000629	-0.001038	0.000246	0.000059	0.000131	
0.254908	0.497314	0.254908	-0.000252	-0.001425	-0.000717	-0.000947	0.000134	-0.000320	0.000142	-0.000269	-0.000010	
0.150128	0.614155	0.150128	-0.000347	0.000020	-0.000455	0.000338	0.000590	-0.001273	0.000159	-0.000146	0.000291	
0.269640	0.482870	0.269640	-0.001134	0.000121	-0.000296	-0.000156	0.000484	-0.001140	-0.000174	-0.000784	-0.000250	
0.208371	0.545932	0.208371	0.000678	-0.000083	0.000261	0.000346	-0.000316	-0.000252	-0.000405	0.001216	0.001219	
0.045937	0.786692	0.045937	0.000680	-0.000002	0.000579	-0.000218	0.000347	-0.000099	-0.000504	-0.000443	0.000147	
0.516042	0.284557	0.516042	-0.000546	-0.001342	0.000436	0.000179	-0.000204	-0.000028	-0.001047	-0.001268	-0.000831	
0.384027	0.381694	0.384027	0.000357	-0.000126	-0.000276	0.000951	0.000861	-0.000509	0.000419	-0.000020	0.000502	
0.284854	0.466850	0.284854	0.000189	0.000333	-0.000059	-0.000040	-0.000125	0.000502	0.000189	-0.000259	-0.000676	
0.000863	0.972589	0.000863	0.000532	0.000071	-0.000018	0.000584	0.000961	0.000257	0.000246	0.000672	-0.000634	
0.556164	0.255893	0.556164	0.001073	-0.000029	-0.000451	-0.001115	0.000073	-0.000083	0.000509	0.000511	0.000457	
0.411356	0.361393	0.411356	-0.000525	-0.000948	0.000524	-0.000153	0.000905	0.000365	-0.000927	0.000454	0.001285	
0.999903	0.001645	0.999903	0.001203	-0.000162	0.000279	-0.001006	0.000559	0.000017	0.000800	0.000461	-0.000556	
0.184853	0.572117	0.184853	-0.000254	-0.001174	0.000058	-0.000903	-0.000597	0.000284	-0.000401	-0.000644	0.000223	
0.568634	0.247587	0.568634	0.001017	-0.000314	-0.000138	0.000450	-0.000677	0.000957	-0.000044	-0.000799	0.000114	
0.083625	0.713124	0.083625	-0.000196	-0.000314	-0.000384	0.000638	-0.000963	0.000217	0.000522	-0.000140	0.001204	
0.455464	0.325999	0.455464	0.000455	0.000120	-0.000362	0.000177	0.000197	-0.000782	-0.000078	-0.000762	0.000243	
0.438263	0.339706	0.438263	0.000471	-0.001174	0.000058	-0.000903	-0.000169	0.000284	0.000509	-0.000644	0.000223	
0.576284	0.242368	0.576284	-0.001235	-0.000565	-0.000040	0.000264	-0.000295	-0.000558	0.000791	0.000245	-0.000250	
0.544848	0.263521	0.544848	0.000214	-0.001243	0.000335	0.000731	0.000972	0.000136	0.000325	0.000041	0.000131	
0.484266	0.305279	0.484266	0.000246	0.000353	-0.000792	-0.000549	0.000599	-0.000542	-0.000632	-0.000283	0.000165	
0.602877	0.225980	0.602877	0.000189	0.000333	0.000976	-0.000289	-0.000579	0.000719	-0.000990	-0.001246	-0.000676	
0.843459	0.082656	0.843459	-0.000076	0.000041	-0.000170	-0.000154	-0.000820	-0.000888	-0.000698	-0.000644	0.000223	
0.038151	0.809387	0.038151	0.000893	0.000033	-0.000837	-0.000549	0.000229	-0.000888	0.000794	-0.001083	0.001469	
0.754046	0.133261	0.754046	0.000473	0.000522	0.000084	-0.001208	0.000016	-0.000739	-0.000077	-0.001038	0.000160	
0.074854	0.729572	0.074854	0.000189	0.000333	0.000747	-0.000426	-0.000125	0.000719	-0.000990	0.001335	-0.000676	
0.216433	0.536512	0.216433	0.000966	-0.000658	0.000579	-0.000615	0.000340	-0.000584	0.000325	0.000449	0.000131	
0.447543	0.333616	0.447543	-0.000132	0.000784	0.001083	-0.000988	0.001198	-0.000103	0.000513	0.000521	-0.000428	
0.021223	0.855705	0.021223	-0.000344	-0.000785	0.000318	0.000718	0.000042	-0.000318	0.000396	0.000267	-0.000460	
0.029711	0.829428	0.029711	-0.000214	-0.000314	-0.000138	0.000077	0.000581	0.000957	0.000987	-0.000240	0.000183	
0.340699	0.418543	0.340699	-0.001502	0.000057	-0.001044	0.000166	-0.000193	-0.000053	-0.000504	-0.000482	-0.000302	
0.261949	0.490447	0.261949	-0.000807	-0.000140	0.000444	0.000638	-0.000879	0.000217	0.000522	-0.000140	0.001204	
0.324459	0.431823	0.324459	-0.001084	-0.000242	0.000576	0.000508	-0.000795	-0.000028	-0.000141	-0.000126	-0.000218	
0.463306	0.320923	0.463306	0.000384	-0.000622	0.000068	-0.000218	-0.000581	0.000578	0.001252	-0.000443	0.000147	
0.365287	0.397977	0.365287	-0.000696	0.000375	-0.000562	-0.000347	-0.000729	-0.000320	0.001602	-0.000109	-0.000130	
0.143318	0.623301	0.143318	0.000530	0.000433	0.000632	-0.000110	-0.001178	-0.000182	-0.000410	-0.000489	0.000466	
0.641189	0.203013	0.641189	0.000399	-0.001962	-0.000690	0.000638	-0.001111	0.000217	0.000522	-0.000140	0.001204	
0.726710	0.150439	0.726710	-0.001303	-0.001273	0.001146	0.000908	-0.000733	-0.000103	0.000513	-0.000124	0.000360	
0.295418	0.460985	0.295418	0.001702	-0.000309	-0.000787	0.000569	-0.000224	0.000097	-0.001083	0.000812	-0.001414	
0.004612	0.935528	0.004612	-0.001405	0.000204	0.000416	0.000175	0.000076	0.000288	0.001412	-0.000436	-0.000119	
0.112706	0.665761	0.112706	0.000722	0.000112	-0.000926	0.000022	-0.000224	0.000097	0.000607	0.000191	0.000624	
0.993750	0.004861	0.993750	-0.000002	0.001147	-0.000441	-0.000307	-0.000224	0.000613	-0.000682	0.000242	-0.001344	
0.239031	0.513621	0.239031	-0.000127	-0.000662	-0.000893	-0.000990	-0.000205	-0.000390	-0.000725	-0.000463	-0.001034	
0.861541	0.073638	0.861541	-0.000002	0.001147	-0.000441	-0.000307	-0.000224	0.000613	-0.000012	0.000692	-0.001344	
0.666270	0.186533	0.666270	0.000189	0.000333	-0.000220	0.000800	-0.000125	0.000719	-0.001531	0.001335	-0.000676	
0.052277	0.772932	0.052277	0.000283	0.000120	-0.000598	-0.000282	0.000229	0.000150	-0.000884	-0.000044	0.000925	
0.522810	0.277329	0.522810	-0.000319	0.000262	0.000390	-0.000347	-0.000066	0.000351	0.000404	-0.000109	-0.000130	
0.090103	0.702265	0.090103	0.000552	0.000331	0.000094	0.000333	0.000169	-0.000122	-0.001525	0.000093	0.000845	
0.068760	0.740077	0.068760	-0.001004	-0.000627	-0.000240	-0.000740	0.000512	-0.000444	-0.000551	0.000561	-0.000509	
0.357172	0.403951	0.357172	0.000473	0.000522	0.000084	-0.000889	0.000016	0.000700	-0.000077	-0.000390	-0.000962	
0.624419	0.212863	0.624419	0.001017	-0.000314	-0.000138	-0.000329	0.001884	0.000957	-0.000044	-0.000799	-0.000198	
0.310080	0.444650	0.310080	0.000522	0.000802	0.000417	-0.000081	0.000943	-0.000494	-0.000378	0.000057	0.000501	
0.200968	0.553299	0.200968	0.000110	0.000085	0.000220	0.000595	-0.000143	-0.000671	-0.000739	-0.001063	-0.000170	
0.684700	0.173709	0.684700	0.000384	-0.000622	0.000068	-0.000218	-0.000581	0.000578	0.001028	-0.000443	0.000147	
0.533707	0.270378	0.533707	0.000110	-0.000475	-0.000377	-0.000366	0.000749	-0.000847	-0.000087	0.000191	0.000131	
0.675571	0.180869	0.675571	-0.001211	0.000191	-0.001121	0.000250	0.000229	-0.000148	0.000948	-0.000382	0.001438	
0.104149	0.680502	0.104149	-0.000702	0.001066	-0.000044	-0.000535	-0.000731	-0.000465	0.000953	0.000794	-0.000809	
0.375979	0.389154	0.375979	-0.001211	0.000922	-0.000080	-0.000103	0.000187	0.001039	-0.000075	0.000776	0.000428	
0.829095	0.091561	0.829095	0.001100	-0.000167	0.001018	0.000230	-0.000519	-0.000521	-0.000850	-0.000763	0.000847	
0.061292	0.753867	0.061292	-0.000532	0.000063	0.000139	0.001106	-0.000164	-0.000071	-0.000650	0.000199	0.000235	
0.316790	0.439583	0.316790	0.000471	-0.000367	-0.001161	0.000322	-0.000617	-0.000101	-0.001219	0.000196	0.000736	
0.476752	0.313657	0.476752	-0.000249	-0.000314	0.000209	0.000638	-0.000963	0.000217	0.000522	-0.002413	-0.000541	
0.649587	0.196735	0.649587	-0.001202	0.000372	-0.000441	-0.000470	-0.001273	0.000097	-0.000682	0.000812	0.000985	
0.899466	0.054497	0.899466	-0.000546	0.000687	0.001013	-0.000736	0.001227	0.000052	-0.001047	0.000641	-0.001270	
0.815705	0.099806	0.815705	0.001923	-0.000261	-0.000870	-0.000549	0.000512	-0.000176	-0.000551	-0.001079	-0.000509	
0.300421	0.453830	0.300421	0.000955	0.000140	-0.000684	-0.000957	-0.000434	0.000736	0.000448	-0.000080	-0.000347	
0.246039	0.505656	0.246039	-0.000145	0.000412	0.000508	0.000230	0.000787	-0.000192	-0.000692	0.000686	0.000847	
0.120624	0.654808	0.120624	-0.000807	0.000224	0.000444	0.000638	0.000840	-0.000695	-0.000430	0.000636	0.000396	
0.278022	0.474718	0.278022	0.000342	0.000199	0.001018	-0.000120	-0.000938	0.000654	0.000484	0.000580	-0.000584	
0.877097	0.064401	0.877097	-0.000196	0.000238	0.000228	0.000638	-0.000963	-0.000717	0.000335	-0.000140	-0.000316	
0.713436	0.157525	0.713436	-0.001122	-0.000901	0.000216	-0.001008	0.000295	-0.000517	0.000775	-0.000688	0.000448	
0.767929	0.125940	0.767929	0.001060	-0.001368	-0.000044	-0.000001	-0.000050	0.000202	-0.000823	-0.000961	0.000657	
0.098706	0.688263	0.098706	-0.000472	-0.000883	-0.000546	0.000166	0.000372	-0.000059	-0.000504	0.000571	-0.001269	
0.971637	0.015891	0.971637	0.000150	-0.000420	-0.000682	0.000056	-0.000108	-0.000786	0.001255	-0.001057	0.000131	
