0.604210	0.227258	0.604210	-0.000965	-0.000857	0.001224	-0.000644	0.000736	-0.002105	0.000888	0.000312	-0.000043	
0.000778	0.974862	0.000778	-0.000171	0.000041	-0.000110	0.000656	0.001380	-0.000763	-0.000658	0.000218	0.000323	
0.552089	0.260174	0.552089	-0.000012	-0.000424	-0.001490	-0.000903	-0.000621	0.001157	-0.000613	0.000414	-0.000976	
0.689100	0.172558	0.689100	0.000780	0.001054	-0.000132	-0.000918	0.001027	-0.000208	0.000766	0.001211	0.000240	
0.712645	0.157690	0.712645	-0.000356	-0.001071	0.000048	-0.000242	0.000051	-0.001457	-0.000655	0.000032	0.000452	
1.000000	0.000935	1.000000	-0.000102	0.000575	0.000558	-0.000700	0.000474	0.000374	-0.000055	0.000873	-0.000302	
0.851137	0.082179	0.851137	-0.000248	-0.000037	0.000821	0.000199	0.001420	-0.001344	-0.002515	0.000032	0.000452	
0.391375	0.376553	0.391375	-0.000845	-0.000942	0.000152	0.000356	0.000018	0.000264	0.000135	0.000186	0.001445	
0.934627	0.034963	0.934627	-0.000012	-0.001077	0.001228	0.000603	-0.000621	-0.000618	-0.000495	0.000414	0.000064	
0.884656	0.061987	0.884656	0.001287	-0.001337	-0.000499	-0.000136	0.000265	-0.000545	-0.000648	-0.000397	-0.001193	
0.368018	0.396916	0.368018	0.000129	-0.000017	0.001058	0.000746	0.000503	0.001063	0.000680	0.000186	0.001701	
0.132566	0.638387	0.132566	0.000124	0.000448	-0.000753	-0.000911	-0.000619	-0.000371	-0.000221	0.001011	0.000797	
0.421626	0.353338	0.421626	0.000666	-0.000628	-0.000039	-0.000362	0.001625	0.000910	-0.000544	-0.000457	0.000213	
0.952623	0.026070	0.952623	-0.000612	-0.000959	0.000392	0.001343	0.000051	0.000458	0.000556	-0.000166	0.001171	
0.022158	0.853714	0.022158	-0.000392	-0.000105	0.000826	0.000030	0.000659	0.000579	0.000127	0.001295	0.000452	
0.090542	0.701473	0.090542	-0.000782	-0.000547	-0.000382	-0.000788	0.000051	0.001262	-0.000426	0.000032	0.000287	
0.435591	0.340886	0.435591	-0.000007	0.000992	-0.000609	-0.000022	0.000502	-0.000065	-0.000200	-0.000095	0.000027	
0.374747	0.389593	0.374747	0.000547	0.000764	0.000982	0.000229	-0.000185	0.000694	0.000699	0.000379	-0.000395	
0.194487	0.561673	0.194487	-0.000328	0.000477	-0.001545	-0.000254	-0.000498	-0.000279	-0.000175	0.001036	-0.000364	
0.726790	0.149297	0.726790	-0.001085	-0.000942	-0.000241	-0.000321	0.000298	0.000022	-0.000197	0.000283	-0.001253	
0.466301	0.320153	0.466301	0.000266	0.000398	0.000674	0.000638	-0.000747	0.001163	-0.000266	-0.001643	-0.000135	
0.674264	0.180960	0.674264	-0.001172	-0.000842	0.000749	-0.000174	0.000719	0.000373	0.000216	-0.000873	0.000597	
0.066712	0.745564	0.066712	0.000125	-0.000011	0.000223	-0.000446	0.001216	0.000929	0.001519	0.000575	0.000587	
0.565347	0.249680	0.565347	-0.000888	-0.000105	-0.000823	-0.000720	-0.000051	0.000579	-0.000702	0.000320	-0.000515	
0.252617	0.500096	0.252617	0.000124	-0.000170	-0.000624	-0.000911	-0.000619	0.001184	0.000363	0.000740	0.000918	
0.456774	0.325612	0.456774	-0.000659	0.000265	0.000585	0.000034	-0.001136	0.000677	-0.000426	-0.000028	0.000120	
0.625234	0.211695	0.625234	-0.000835	-0.000010	0.000443	-0.000669	0.000794	0.001200	0.000825	0.000943	0.000250	
0.350790	0.410003	0.350790	0.000075	0.001404	-0.000633	0.000374	0.000467	-0.000298	-0.001101	-0.000225	0.000072	
0.864914	0.072385	0.864914	-0.000644	0.001142	0.000056	0.000364	-0.001465	0.001163	0.000027	0.000422	0.000342	
0.054226	0.770291	0.054226	0.000266	0.000398	0.000541	0.000638	-0.000747	-0.000527	0.000380	0.001566	0.000398	
0.164256	0.595930	0.164256	-0.000009	0.000678	0.000065	0.000806	0.000569	-0.000111	0.000493	0.000483	-0.000021	
0.300266	0.453348	0.300266	-0.000417	0.000735	0.000163	-0.000111	-0.000267	0.000465	0.000323	0.001055	-0.000176	
0.002463	0.952677	0.002463	0.000031	-0.001370	-0.000106	-0.000522	0.000568	0.000162	-0.000568	0.000231	-0.000330	
0.445272	0.334197	0.445272	-0.000169	-0.000115	0.000509	0.000532	-0.000998	0.000457	-0.000338	-0.000897	-0.000332	
0.156211	0.606724	0.156211	0.000266	-0.000543	-0.000294	0.000554	0.001266	-0.000229	-0.000122	0.000221	-0.000781	
0.098287	0.689252	0.098287	0.000124	-0.000170	-0.000409	-0.000911	-0.000619	0.001184	0.000363	0.000740	0.000797	
0.113202	0.666087	0.113202	0.000234	0.001142	0.000265	0.000003	-0.000621	-0.000461	-0.000773	-0.000327	-0.001065	
0.310023	0.445225	0.310023	-0.000102	0.000431	-0.000090	-0.001457	0.000474	0.000435	0.000677	0.000502	-0.000302	
0.270337	0.483744	0.270337	0.000124	0.000448	0.000580	-0.001043	-0.000619	-0.000371	-0.000032	0.001953	0.000565	
0.899500	0.053742	0.899500	-0.000356	-0.000942	0.000152	-0.001836	0.000018	0.000651	0.000135	0.000330	0.000488	
0.045459	0.789076	0.045459	0.001117	0.000592	0.000387	0.000087	0.000017	-0.000254	0.000255	0.000814	-0.000831	
0.082476	0.715104	0.082476	-0.000415	-0.000267	-0.001009	-0.000321	0.000121	0.000562	-0.000197	0.000283	-0.001253	
0.754960	0.134341	0.754960	-0.000417	-0.000428	0.000649	-0.000111	-0.001194	0.000705	0.000323	-0.000710	-0.001970	
0.285034	0.467373	0.285034	0.000353	0.000458	0.000288	-0.000700	0.000474	-0.000145	-0.000323	-0.000897	-0.000332	
0.526005	0.276919	0.526005	-0.000250	-0.000186	0.000736	-0.000436	0.000794	0.000502	-0.001395	0.000779	0.000250	
0.208643	0.546484	0.208643	0.001072	-0.000598	0.000238	-0.000522	0.000568	0.000162	-0.000568	-0.001651	-0.000330	
0.783519	0.116554	0.783519	-0.000196	-0.001145	-0.000590	0.001293	0.000337	-0.000258	0.000214	0.000480	0.000273	
0.494030	0.298210	0.494030	-0.000053	0.000591	-0.000500	-0.000447	-0.000612	-0.000279	-0.000492	0.000485	-0.000616	
0.141563	0.625674	0.141563	0.001072	-0.000598	-0.000106	-0.000522	0.000568	0.000162	-0.000568	0.000652	-0.000330	
0.222940	0.530587	0.222940	-0.000662	-0.001198	-0.000759	-0.001111	0.000654	-0.000240	0.000101	-0.000566	0.000238	
0.324516	0.431488	0.324516	-0.000007	0.000925	0.000191	0.000754	0.000502	-0.000151	-0.000296	-0.000419	-0.000193	
0.357483	0.404863	0.357483	-0.000658	-0.001203	0.000745	0.000003	-0.000060	-0.000107	-0.000773	-0.000327	0.001352	
0.537492	0.270009	0.537492	-0.000356	-0.000942	0.001033	-0.001836	0.000018	-0.000163	0.000676	0.000330	0.000488	
0.515398	0.284216	0.515398	-0.000467	0.001091	0.000689	0.000429	-0.000778	0.000287	0.000020	0.001154	-0.000332	
0.915860	0.044570	0.915860	0.000266	0.000154	-0.000294	0.000554	0.001266	-0.000621	-0.000122	-0.000847	-0.000781	
0.635052	0.204294	0.635052	-0.000705	-0.000905	0.000580	-0.000472	-0.000535	-0.000371	0.000261	0.000227	-0.000310	
0.172503	0.586061	0.172503	-0.000186	-0.000685	0.000153	0.000803	-0.000825	-0.000062	0.000434	-0.000405	0.000139	
0.801085	0.108265	0.801085	0.001581	0.000592	0.000387	0.000087	0.000017	-0.000254	0.000255	0.001928	-0.000831	
0.036507	0.812542	0.036507	-0.000408	0.000106	-0.000258	-0.001746	0.000659	0.000861	-0.000103	0.000717	0.000238	
0.215957	0.536786	0.215957	0.000332	0.000226	-0.000080	-0.000426	-0.000856	-0.000275	0.000166	0.001132	-0.000016	
0.741041	0.141160	0.741041	-0.000007	0.001019	-0.000948	-0.000022	-0.000549	-0.000065	0.001395	-0.000490	0.000027	
0.128120	0.643895	0.128120	-0.000481	-0.000360	-0.000690	-0.000586	0.000932	0.000015	-0.000837	-0.000259	0.000088	
0.698244	0.165374	0.698244	-0.000053	0.000591	-0.000500	0.000374	0.000467	-0.000298	-0.000492	0.000782	-0.000484	
0.474538	0.312222	0.474538	-0.000053	-0.000263	-0.000500	0.000374	0.000467	0.000583	-0.000492	-0.000778	-0.000484	
0.814997	0.099370	0.814997	-0.000250	-0.000186	0.000736	-0.000436	0.000794	-0.000928	-0.001395	0.000779	0.000250	
0.118886	0.657167	0.118886	0.000862	-0.000508	0.000522	-0.000264	0.000918	0.000031	-0.000676	-0.000595	0.000064	
0.013310	0.886797	0.013310	-0.000107	-0.000628	0.000012	0.000999	0.000214	-0.000515	-0.000526	0.000934	0.000213	
0.412582	0.360359	0.412582	-0.000673	0.000534	-0.000106	-0.001032	0.000635	-0.000966	0.000563	0.001167	-0.000411	
0.260880	0.491152	0.260880	0.000075	-0.000027	-0.000633	0.000374	0.000467	-0.000298	-0.001101	-0.001088	0.000072	
0.028948	0.831558	0.028948	-0.000629	0.000555	0.000780	-0.000700	-0.000113	-0.000067	0.000481	0.000379	-0.000395	
0.384921	0.381447	0.384921	-0.000328	-0.000958	-0.000343	-0.000111	-0.000498	-0.000089	-0.000175	0.001036	0.000952	
0.177674	0.579500	0.177674	0.000050	0.000436	0.000147	-0.000327	0.000602	0.000457	-0.000206	-0.000788	0.000263	
0.833853	0.089930	0.833853	0.000673	-0.000682	-0.000963	-0.000136	0.001112	-0.001592	-0.000259	0.000219	-0.001193	
0.292260	0.460293	0.292260	-0.000153	0.000000	0.000243	0.000869	-0.000185	0.000694	0.000185	0.000145	-0.000395	
0.995629	0.004840	0.995629	-0.000356	-0.000942	0.000152	0.000356	0.000018	-0.001086	0.000135	0.002020	0.000496	
0.646976	0.196875	0.646976	-0.000107	-0.000628	-0.000039	-0.000362	0.000214	0.000910	-0.000960	-0.000457	0.000213	
0.767614	0.124954	0.767614	-0.000917	0.000357	-0.000880	0.000281	-0.000050	0.000054	-0.000370	0.000051	-0.000695	
0.401905	0.367544	0.401905	0.000217	0.000005	-0.000499	-0.000136	0.000987	-0.000545	-0.000648	-0.000397	0.000789	
0.661014	0.189043	0.661014	0.000696	0.000591	0.000986	0.000374	0.000467	-0.000298	-0.000492	0.001067	0.000881	
0.104205	0.681042	0.104205	-0.000782	0.001289	-0.000382	-0.000788	0.000216	0.001262	-0.000426	0.000032	-0.000972	
0.485475	0.305466	0.485475	-0.001085	-0.000206	-0.000904	-0.000321	0.000298	-0.000603	0.000361	-0.000166	-0.001253	
0.076936	0.725525	0.076936	-0.000535	-0.001389	0.000152	-0.000560	0.000018	-0.001086	0.000000	-0.000668	0.000281	
0.428374	0.347209	0.428374	0.000124	0.000448	0.000580	-0.000911	-0.000619	-0.000371	-0.000032	0.000824	0.000797	
0.186852	0.573088	0.186852	0.001767	-0.000857	0.001224	-0.001403	0.000635	0.000673	0.000563	0.000312	-0.000198	
0.149091	0.614922	0.149091	-0.000300	0.000678	0.000056	0.000611	0.000569	-0.000111	0.000059	-0.000608	-0.000021	
0.231058	0.520748	0.231058	0.000318	0.000041	0.000134	-0.000426	-0.000327	-0.000328	0.000699	0.001132	0.000315	
0.202735	0.552465	0.202735	-0.000195	-0.000886	-0.001457	-0.000258	-0.000271	-0.000230	-0.001067	0.000361	-0.000203	
0.341096	0.417113	0.341096	-0.000845	-0.000942	0.000152	0.000356	0.000018	0.000004	0.000135	0.000186	0.000496	
0.613287	0.219446	0.613287	-0.000012	-0.000183	-0.001490	-0.000903	-0.000621	0.001157	-0.000613	0.000414	0.000064	
0.246521	0.505666	0.246521	-0.000145	-0.000105	-0.000829	0.000707	0.000659	0.000579	-0.000700	0.001036	-0.000330	
0.317987	0.438245	0.317987	-0.001196	-0.000711	-0.000577	-0.000108	0.000670	-0.000470	0.000212	0.000061	-0.000885	
0.333183	0.424835	0.333183	0.000153	0.001215	0.000191	0.000438	-0.000531	0.000242	0.000031	0.001257	0.000041	
0.505999	0.289959	0.505999	-0.000813	0.000764	0.000243	0.000212	-0.000185	0.000694	0.000699	0.000181	-0.000395	
0.556162	0.255949	0.556162	0.000125	-0.000011	0.000223	-0.000446	0.001216	0.000929	0.000410	0.000575	0.000587	
0.060509	0.755942	0.060509	-0.000659	0.000265	0.000585	0.000034	0.000965	0.000677	-0.000426	-0.000588	0.000120	
0.577945	0.240519	0.577945	0.000153	-0.000221	-0.000080	0.000382	-0.000621	0.000242	0.000031	-0.000922	0.000041	
0.590860	0.232615	0.590860	-0.000007	0.000925	0.001072	-0.000022	0.000502	-0.000065	-0.000614	-0.000095	0.000027	
0.238755	0.515844	0.238755	-0.001568	-0.000942	0.000152	-0.000968	0.000450	0.000264	0.000135	-0.000722	0.001536	
0.975908	0.016110	0.975908	-0.000805	0.000517	-0.001348	-0.000511	-0.000621	-0.000573	0.000031	0.001257	-0.002160	
0.278156	0.475231	0.278156	0.000276	0.000931	0.000753	0.000382	-0.000783	0.000242	0.001155	-0.000922	0.000115	
